#
# There is insufficient memory for the Java Runtime Environment to continue.
# Native memory allocation (malloc) failed to allocate 1581776 bytes for Chunk::new
# Possible reasons:
#   The system is out of physical RAM or swap space
#   The process is running with CompressedOops enabled, and the Java Heap may be blocking the growth of the native heap
# Possible solutions:
#   Reduce memory load on the system
#   Increase physical memory or swap space
#   Check if swap backing store is full
#   Decrease Java heap size (-Xmx/-Xms)
#   Decrease number of Java threads
#   Decrease Java thread stack sizes (-Xss)
#   Set larger code cache with -XX:ReservedCodeCacheSize=
#   JVM is running with Unscaled Compressed Oops mode in which the Java heap is
#     placed in the first 4GB address space. The Java Heap base address is the
#     maximum limit for the native heap growth. Please use -XX:HeapBaseMinAddress
#     to set the Java Heap base and to place the Java Heap above 4GB virtual address.
# This output file may be truncated or incomplete.
#
#  Out of Memory Error (arena.cpp:168), pid=11836, tid=4232
#
# JRE version: Java(TM) SE Runtime Environment (21.0.4+8) (build 21.0.4+8-LTS-274)
# Java VM: Java HotSpot(TM) 64-Bit Server VM (21.0.4+8-LTS-274, mixed mode, sharing, tiered, compressed oops, compressed class ptrs, g1 gc, windows-amd64)
# No core dump will be written. Minidumps are not enabled by default on client versions of Windows
#

---------------  S U M M A R Y ------------

Command Line: -javaagent:C:\Users\MINEDUCYT\Music\lib\idea_rt.jar=53961:C:\Users\MINEDUCYT\Music\bin -Dfile.encoding=UTF-8 -Dsun.stdout.encoding=UTF-8 -Dsun.stderr.encoding=UTF-8 org.esfe.FerreteriaAppApplication

Host: Intel(R) Celeron(R) N4120 CPU @ 1.10GHz, 4 cores, 3G,  Windows 10 , 64 bit Build 19041 (10.0.19041.4597)
Time: Fri Aug 16 22:56:13 2024 Hora estándar central (México) elapsed time: 28.979905 seconds (0d 0h 0m 28s)

---------------  T H R E A D  ---------------

Current thread (0x00000202e495f5a0):  JavaThread "C2 CompilerThread0" daemon [_thread_in_native, id=4232, stack(0x00000044c5800000,0x00000044c5900000) (1024K)]


Current CompileTask:
C2:  28980 6574       4       org.springframework.core.ResolvableType::hasGenerics (14 bytes)

Stack: [0x00000044c5800000,0x00000044c5900000]
Native frames: (J=compiled Java code, j=interpreted, Vv=VM code, C=native code)
V  [jvm.dll+0x6c8e59]
V  [jvm.dll+0x853181]
V  [jvm.dll+0x8556ae]
V  [jvm.dll+0x855d83]
V  [jvm.dll+0x27d526]
V  [jvm.dll+0xc4aad]
V  [jvm.dll+0xc4fe3]
V  [jvm.dll+0x3b3fd2]
V  [jvm.dll+0x3809a5]
V  [jvm.dll+0x37fe1a]
V  [jvm.dll+0x246280]
V  [jvm.dll+0x24585f]
V  [jvm.dll+0x1c69de]
V  [jvm.dll+0x254d49]
V  [jvm.dll+0x2532da]
V  [jvm.dll+0x3ed426]
V  [jvm.dll+0x7fd65b]
V  [jvm.dll+0x6c753d]
C  [ucrtbase.dll+0x21bb2]
C  [KERNEL32.DLL+0x17374]
C  [ntdll.dll+0x4cc91]


---------------  P R O C E S S  ---------------

Threads class SMR info:
_java_thread_list=0x00000202ed3bb120, length=31, elements={
0x00000202e4955680, 0x00000202e4958560, 0x00000202e495b4a0, 0x00000202e495c0b0,
0x00000202e495d2b0, 0x00000202e495dec0, 0x00000202e495f5a0, 0x00000202e4966830,
0x00000202e4b690c0, 0x00000202e4d93d10, 0x00000202e4d94380, 0x00000202ebc9ecc0,
0x00000202ebc9f350, 0x00000202ebc9dfa0, 0x00000202ec6b6110, 0x00000202ec6b39b0,
0x00000202ec6b3320, 0x00000202ec6b4d60, 0x00000202ec6b6e30, 0x00000202ec6b5a80,
0x00000202ec6b74c0, 0x00000202ec6b7b50, 0x00000202ec6b81e0, 0x00000202ec6b8870,
0x00000202ec6b2600, 0x00000202ec6b8f00, 0x00000202ec6b9590, 0x00000202ec6b9c20,
0x00000202eaaeec20, 0x00000202eaaf3ae0, 0x00000202eaaef2b0
}

Java Threads: ( => current thread )
  0x00000202e4955680 JavaThread "Reference Handler"          daemon [_thread_blocked, id=8292, stack(0x00000044c5200000,0x00000044c5300000) (1024K)]
  0x00000202e4958560 JavaThread "Finalizer"                  daemon [_thread_blocked, id=6972, stack(0x00000044c5300000,0x00000044c5400000) (1024K)]
  0x00000202e495b4a0 JavaThread "Signal Dispatcher"          daemon [_thread_blocked, id=8788, stack(0x00000044c5400000,0x00000044c5500000) (1024K)]
  0x00000202e495c0b0 JavaThread "Attach Listener"            daemon [_thread_blocked, id=6476, stack(0x00000044c5500000,0x00000044c5600000) (1024K)]
  0x00000202e495d2b0 JavaThread "Service Thread"             daemon [_thread_blocked, id=7184, stack(0x00000044c5600000,0x00000044c5700000) (1024K)]
  0x00000202e495dec0 JavaThread "Monitor Deflation Thread"   daemon [_thread_blocked, id=6284, stack(0x00000044c5700000,0x00000044c5800000) (1024K)]
=>0x00000202e495f5a0 JavaThread "C2 CompilerThread0"         daemon [_thread_in_native, id=4232, stack(0x00000044c5800000,0x00000044c5900000) (1024K)]
  0x00000202e4966830 JavaThread "C1 CompilerThread0"         daemon [_thread_blocked, id=5768, stack(0x00000044c5900000,0x00000044c5a00000) (1024K)]
  0x00000202e4b690c0 JavaThread "Common-Cleaner"             daemon [_thread_blocked, id=10504, stack(0x00000044c5a00000,0x00000044c5b00000) (1024K)]
  0x00000202e4d93d10 JavaThread "Monitor Ctrl-Break"         daemon [_thread_in_native, id=1600, stack(0x00000044c5c00000,0x00000044c5d00000) (1024K)]
  0x00000202e4d94380 JavaThread "Notification Thread"        daemon [_thread_blocked, id=11176, stack(0x00000044c5d00000,0x00000044c5e00000) (1024K)]
  0x00000202ebc9ecc0 JavaThread "Catalina-utility-1"                [_thread_blocked, id=3528, stack(0x00000044c6300000,0x00000044c6400000) (1024K)]
  0x00000202ebc9f350 JavaThread "Catalina-utility-2"                [_thread_blocked, id=3384, stack(0x00000044c6400000,0x00000044c6500000) (1024K)]
  0x00000202ebc9dfa0 JavaThread "container-0"                       [_thread_blocked, id=1736, stack(0x00000044c6500000,0x00000044c6600000) (1024K)]
  0x00000202ec6b6110 JavaThread "mysql-cj-abandoned-connection-cleanup" daemon [_thread_blocked, id=1580, stack(0x00000044c6600000,0x00000044c6700000) (1024K)]
  0x00000202ec6b39b0 JavaThread "HikariPool-1 housekeeper"   daemon [_thread_blocked, id=9440, stack(0x00000044c6800000,0x00000044c6900000) (1024K)]
  0x00000202ec6b3320 JavaThread "File Watcher"               daemon [_thread_blocked, id=2840, stack(0x00000044c5b00000,0x00000044c5c00000) (1024K)]
  0x00000202ec6b4d60 JavaThread "Live Reload Server"         daemon [_thread_in_native, id=2656, stack(0x00000044c6b00000,0x00000044c6c00000) (1024K)]
  0x00000202ec6b6e30 JavaThread "http-nio-8080-exec-1"       daemon [_thread_in_Java, id=7376, stack(0x00000044c6a00000,0x00000044c6b00000) (1024K)]
  0x00000202ec6b5a80 JavaThread "http-nio-8080-exec-2"       daemon [_thread_blocked, id=6008, stack(0x00000044c6c00000,0x00000044c6d00000) (1024K)]
  0x00000202ec6b74c0 JavaThread "http-nio-8080-exec-3"       daemon [_thread_blocked, id=6212, stack(0x00000044c6d00000,0x00000044c6e00000) (1024K)]
  0x00000202ec6b7b50 JavaThread "http-nio-8080-exec-4"       daemon [_thread_blocked, id=4948, stack(0x00000044c6e00000,0x00000044c6f00000) (1024K)]
  0x00000202ec6b81e0 JavaThread "http-nio-8080-exec-5"       daemon [_thread_blocked, id=11884, stack(0x00000044c6f00000,0x00000044c7000000) (1024K)]
  0x00000202ec6b8870 JavaThread "http-nio-8080-exec-6"       daemon [_thread_blocked, id=7180, stack(0x00000044c7000000,0x00000044c7100000) (1024K)]
  0x00000202ec6b2600 JavaThread "http-nio-8080-exec-7"       daemon [_thread_blocked, id=708, stack(0x00000044c7100000,0x00000044c7200000) (1024K)]
  0x00000202ec6b8f00 JavaThread "http-nio-8080-exec-8"       daemon [_thread_blocked, id=1812, stack(0x00000044c7200000,0x00000044c7300000) (1024K)]
  0x00000202ec6b9590 JavaThread "http-nio-8080-exec-9"       daemon [_thread_blocked, id=492, stack(0x00000044c7300000,0x00000044c7400000) (1024K)]
  0x00000202ec6b9c20 JavaThread "http-nio-8080-exec-10"      daemon [_thread_blocked, id=10144, stack(0x00000044c7400000,0x00000044c7500000) (1024K)]
  0x00000202eaaeec20 JavaThread "http-nio-8080-Poller"       daemon [_thread_in_native, id=8904, stack(0x00000044c7500000,0x00000044c7600000) (1024K)]
  0x00000202eaaf3ae0 JavaThread "http-nio-8080-Acceptor"     daemon [_thread_in_native, id=988, stack(0x00000044c7600000,0x00000044c7700000) (1024K)]
  0x00000202eaaef2b0 JavaThread "DestroyJavaVM"                     [_thread_blocked, id=2772, stack(0x00000044c4a00000,0x00000044c4b00000) (1024K)]
Total: 31

Other Threads:
  0x00000202c9e023f0 VMThread "VM Thread"                           [id=1640, stack(0x00000044c5100000,0x00000044c5200000) (1024K)]
  0x00000202c9df2a50 WatcherThread "VM Periodic Task Thread"        [id=8776, stack(0x00000044c5000000,0x00000044c5100000) (1024K)]
  0x00000202c9d7de30 WorkerThread "GC Thread#0"                     [id=10948, stack(0x00000044c4b00000,0x00000044c4c00000) (1024K)]
  0x00000202e955ee10 WorkerThread "GC Thread#1"                     [id=6536, stack(0x00000044c5e00000,0x00000044c5f00000) (1024K)]
  0x00000202e95403a0 WorkerThread "GC Thread#2"                     [id=7568, stack(0x00000044c5f00000,0x00000044c6000000) (1024K)]
  0x00000202e9540740 WorkerThread "GC Thread#3"                     [id=6648, stack(0x00000044c6000000,0x00000044c6100000) (1024K)]
  0x00000202c9d87830 ConcurrentGCThread "G1 Main Marker"            [id=2960, stack(0x00000044c4c00000,0x00000044c4d00000) (1024K)]
  0x00000202c9d88240 WorkerThread "G1 Conc#0"                       [id=10456, stack(0x00000044c4d00000,0x00000044c4e00000) (1024K)]
  0x00000202c9dde4a0 ConcurrentGCThread "G1 Refine#0"               [id=7856, stack(0x00000044c4e00000,0x00000044c4f00000) (1024K)]
  0x00000202c9ddef20 ConcurrentGCThread "G1 Service"                [id=11416, stack(0x00000044c4f00000,0x00000044c5000000) (1024K)]
Total: 10

Threads with active compile tasks:
C2 CompilerThread0    29020 6574       4       org.springframework.core.ResolvableType::hasGenerics (14 bytes)
C1 CompilerThread0    29020 6704       2       java.lang.invoke.MethodType::parameterArray (11 bytes)
Total: 2

VM state: not at safepoint (normal execution)

VM Mutex/Monitor currently owned by a thread:  ([mutex/lock_event])
[0x00007fff28b86a18] MethodCompileQueue_lock - owner thread: 0x0000000000000000

Heap address: 0x00000000c2c00000, size: 980 MB, Compressed Oops mode: 32-bit

CDS archive(s) mapped at: [0x0000020280000000-0x0000020280c90000-0x0000020280c90000), size 13172736, SharedBaseAddress: 0x0000020280000000, ArchiveRelocationMode: 1.
Compressed class space mapped at: 0x0000020281000000-0x00000202c1000000, reserved size: 1073741824
Narrow klass base: 0x0000020280000000, Narrow klass shift: 0, Narrow klass range: 0x100000000

GC Precious Log:
 CardTable entry size: 512
 Card Set container configuration: InlinePtr #cards 5 size 8 Array Of Cards #cards 12 size 40 Howl #buckets 4 coarsen threshold 1843 Howl Bitmap #cards 512 size 80 coarsen threshold 460 Card regions per heap region 1 cards per card region 2048
 CPUs: 4 total, 4 available
 Memory: 3917M
 Large Page Support: Disabled
 NUMA Support: Disabled
 Compressed Oops: Enabled (32-bit)
 Heap Region Size: 1M
 Heap Min Capacity: 8M
 Heap Initial Capacity: 62M
 Heap Max Capacity: 980M
 Pre-touch: Disabled
 Parallel Workers: 4
 Concurrent Workers: 1
 Concurrent Refinement Workers: 4
 Periodic GC: Disabled

Heap:
 garbage-first heap   total 60416K, used 35641K [0x00000000c2c00000, 0x0000000100000000)
  region size 1024K, 6 young (6144K), 3 survivors (3072K)
 Metaspace       used 72397K, committed 73152K, reserved 1114112K
  class space    used 9672K, committed 9984K, reserved 1048576K

Heap Regions: E=young(eden), S=young(survivor), O=old, HS=humongous(starts), HC=humongous(continues), CS=collection set, F=free, TAMS=top-at-mark-start, PB=parsable bottom
|   0|0x00000000c2c00000, 0x00000000c2d00000, 0x00000000c2d00000|100%|HS|  |TAMS 0x00000000c2c00000| PB 0x00000000c2c00000| Complete 
|   1|0x00000000c2d00000, 0x00000000c2e00000, 0x00000000c2e00000|100%| O|  |TAMS 0x00000000c2d00000| PB 0x00000000c2d00000| Untracked 
|   2|0x00000000c2e00000, 0x00000000c2f00000, 0x00000000c2f00000|100%| O|  |TAMS 0x00000000c2e00000| PB 0x00000000c2e00000| Untracked 
|   3|0x00000000c2f00000, 0x00000000c3000000, 0x00000000c3000000|100%| O|  |TAMS 0x00000000c2f00000| PB 0x00000000c2f00000| Untracked 
|   4|0x00000000c3000000, 0x00000000c3100000, 0x00000000c3100000|100%| O|  |TAMS 0x00000000c3000000| PB 0x00000000c3000000| Untracked 
|   5|0x00000000c3100000, 0x00000000c3200000, 0x00000000c3200000|100%| O|  |TAMS 0x00000000c3100000| PB 0x00000000c3100000| Untracked 
|   6|0x00000000c3200000, 0x00000000c3300000, 0x00000000c3300000|100%| O|  |TAMS 0x00000000c3200000| PB 0x00000000c3200000| Untracked 
|   7|0x00000000c3300000, 0x00000000c3400000, 0x00000000c3400000|100%| O|  |TAMS 0x00000000c3300000| PB 0x00000000c3300000| Untracked 
|   8|0x00000000c3400000, 0x00000000c3500000, 0x00000000c3500000|100%| O|  |TAMS 0x00000000c3400000| PB 0x00000000c3400000| Untracked 
|   9|0x00000000c3500000, 0x00000000c3600000, 0x00000000c3600000|100%| O|  |TAMS 0x00000000c3500000| PB 0x00000000c3500000| Untracked 
|  10|0x00000000c3600000, 0x00000000c3700000, 0x00000000c3700000|100%| O|  |TAMS 0x00000000c3600000| PB 0x00000000c3600000| Untracked 
|  11|0x00000000c3700000, 0x00000000c3800000, 0x00000000c3800000|100%| O|  |TAMS 0x00000000c3700000| PB 0x00000000c3700000| Untracked 
|  12|0x00000000c3800000, 0x00000000c3900000, 0x00000000c3900000|100%| O|  |TAMS 0x00000000c3800000| PB 0x00000000c3800000| Untracked 
|  13|0x00000000c3900000, 0x00000000c3a00000, 0x00000000c3a00000|100%| O|  |TAMS 0x00000000c3900000| PB 0x00000000c3900000| Untracked 
|  14|0x00000000c3a00000, 0x00000000c3b00000, 0x00000000c3b00000|100%| O|  |TAMS 0x00000000c3a00000| PB 0x00000000c3a00000| Untracked 
|  15|0x00000000c3b00000, 0x00000000c3c00000, 0x00000000c3c00000|100%| O|  |TAMS 0x00000000c3b00000| PB 0x00000000c3b00000| Untracked 
|  16|0x00000000c3c00000, 0x00000000c3d00000, 0x00000000c3d00000|100%| O|  |TAMS 0x00000000c3c00000| PB 0x00000000c3c00000| Untracked 
|  17|0x00000000c3d00000, 0x00000000c3d00000, 0x00000000c3e00000|  0%| F|  |TAMS 0x00000000c3d00000| PB 0x00000000c3d00000| Untracked 
|  18|0x00000000c3e00000, 0x00000000c3f00000, 0x00000000c3f00000|100%| O|  |TAMS 0x00000000c3e00000| PB 0x00000000c3e00000| Untracked 
|  19|0x00000000c3f00000, 0x00000000c4000000, 0x00000000c4000000|100%| O|  |TAMS 0x00000000c3f00000| PB 0x00000000c3f00000| Untracked 
|  20|0x00000000c4000000, 0x00000000c4100000, 0x00000000c4100000|100%| O|  |TAMS 0x00000000c4000000| PB 0x00000000c4000000| Untracked 
|  21|0x00000000c4100000, 0x00000000c4200000, 0x00000000c4200000|100%| O|  |TAMS 0x00000000c4100000| PB 0x00000000c4100000| Untracked 
|  22|0x00000000c4200000, 0x00000000c4300000, 0x00000000c4300000|100%| O|  |TAMS 0x00000000c4200000| PB 0x00000000c4200000| Untracked 
|  23|0x00000000c4300000, 0x00000000c4400000, 0x00000000c4400000|100%| O|  |TAMS 0x00000000c4300000| PB 0x00000000c4300000| Untracked 
|  24|0x00000000c4400000, 0x00000000c4500000, 0x00000000c4500000|100%| O|  |TAMS 0x00000000c4400000| PB 0x00000000c4400000| Untracked 
|  25|0x00000000c4500000, 0x00000000c4600000, 0x00000000c4600000|100%| O|  |TAMS 0x00000000c4500000| PB 0x00000000c4500000| Untracked 
|  26|0x00000000c4600000, 0x00000000c4700000, 0x00000000c4700000|100%| O|  |TAMS 0x00000000c4600000| PB 0x00000000c4600000| Untracked 
|  27|0x00000000c4700000, 0x00000000c4800000, 0x00000000c4800000|100%| O|  |TAMS 0x00000000c4700000| PB 0x00000000c4700000| Untracked 
|  28|0x00000000c4800000, 0x00000000c4900000, 0x00000000c4900000|100%| O|  |TAMS 0x00000000c4800000| PB 0x00000000c4800000| Untracked 
|  29|0x00000000c4900000, 0x00000000c4900000, 0x00000000c4a00000|  0%| F|  |TAMS 0x00000000c4900000| PB 0x00000000c4900000| Untracked 
|  30|0x00000000c4a00000, 0x00000000c4b00000, 0x00000000c4b00000|100%| O|  |TAMS 0x00000000c4a00000| PB 0x00000000c4a00000| Untracked 
|  31|0x00000000c4b00000, 0x00000000c4c00000, 0x00000000c4c00000|100%| O|  |TAMS 0x00000000c4b00000| PB 0x00000000c4b00000| Untracked 
|  32|0x00000000c4c00000, 0x00000000c4ca0b90, 0x00000000c4d00000| 62%| O|  |TAMS 0x00000000c4c00000| PB 0x00000000c4c00000| Untracked 
|  33|0x00000000c4d00000, 0x00000000c4d00000, 0x00000000c4e00000|  0%| F|  |TAMS 0x00000000c4d00000| PB 0x00000000c4d00000| Untracked 
|  34|0x00000000c4e00000, 0x00000000c4e00000, 0x00000000c4f00000|  0%| F|  |TAMS 0x00000000c4e00000| PB 0x00000000c4e00000| Untracked 
|  35|0x00000000c4f00000, 0x00000000c4f00000, 0x00000000c5000000|  0%| F|  |TAMS 0x00000000c4f00000| PB 0x00000000c4f00000| Untracked 
|  36|0x00000000c5000000, 0x00000000c502dc18, 0x00000000c5100000| 17%| S|CS|TAMS 0x00000000c5000000| PB 0x00000000c5000000| Complete 
|  37|0x00000000c5100000, 0x00000000c5200000, 0x00000000c5200000|100%| S|CS|TAMS 0x00000000c5100000| PB 0x00000000c5100000| Complete 
|  38|0x00000000c5200000, 0x00000000c5300000, 0x00000000c5300000|100%| S|CS|TAMS 0x00000000c5200000| PB 0x00000000c5200000| Complete 
|  39|0x00000000c5300000, 0x00000000c5300000, 0x00000000c5400000|  0%| F|  |TAMS 0x00000000c5300000| PB 0x00000000c5300000| Untracked 
|  40|0x00000000c5400000, 0x00000000c5400000, 0x00000000c5500000|  0%| F|  |TAMS 0x00000000c5400000| PB 0x00000000c5400000| Untracked 
|  41|0x00000000c5500000, 0x00000000c5500000, 0x00000000c5600000|  0%| F|  |TAMS 0x00000000c5500000| PB 0x00000000c5500000| Untracked 
|  42|0x00000000c5600000, 0x00000000c5600000, 0x00000000c5700000|  0%| F|  |TAMS 0x00000000c5600000| PB 0x00000000c5600000| Untracked 
|  43|0x00000000c5700000, 0x00000000c5700000, 0x00000000c5800000|  0%| F|  |TAMS 0x00000000c5700000| PB 0x00000000c5700000| Untracked 
|  44|0x00000000c5800000, 0x00000000c5800000, 0x00000000c5900000|  0%| F|  |TAMS 0x00000000c5800000| PB 0x00000000c5800000| Untracked 
|  45|0x00000000c5900000, 0x00000000c5900000, 0x00000000c5a00000|  0%| F|  |TAMS 0x00000000c5900000| PB 0x00000000c5900000| Untracked 
|  46|0x00000000c5a00000, 0x00000000c5a00000, 0x00000000c5b00000|  0%| F|  |TAMS 0x00000000c5a00000| PB 0x00000000c5a00000| Untracked 
|  47|0x00000000c5b00000, 0x00000000c5b00000, 0x00000000c5c00000|  0%| F|  |TAMS 0x00000000c5b00000| PB 0x00000000c5b00000| Untracked 
|  48|0x00000000c5c00000, 0x00000000c5c00000, 0x00000000c5d00000|  0%| F|  |TAMS 0x00000000c5c00000| PB 0x00000000c5c00000| Untracked 
|  49|0x00000000c5d00000, 0x00000000c5d00000, 0x00000000c5e00000|  0%| F|  |TAMS 0x00000000c5d00000| PB 0x00000000c5d00000| Untracked 
|  50|0x00000000c5e00000, 0x00000000c5e00000, 0x00000000c5f00000|  0%| F|  |TAMS 0x00000000c5e00000| PB 0x00000000c5e00000| Untracked 
|  51|0x00000000c5f00000, 0x00000000c5f00000, 0x00000000c6000000|  0%| F|  |TAMS 0x00000000c5f00000| PB 0x00000000c5f00000| Untracked 
|  52|0x00000000c6000000, 0x00000000c6000000, 0x00000000c6100000|  0%| F|  |TAMS 0x00000000c6000000| PB 0x00000000c6000000| Untracked 
|  53|0x00000000c6100000, 0x00000000c6100000, 0x00000000c6200000|  0%| F|  |TAMS 0x00000000c6100000| PB 0x00000000c6100000| Untracked 
|  54|0x00000000c6200000, 0x00000000c6200000, 0x00000000c6300000|  0%| F|  |TAMS 0x00000000c6200000| PB 0x00000000c6200000| Untracked 
|  55|0x00000000c6300000, 0x00000000c6300000, 0x00000000c6400000|  0%| F|  |TAMS 0x00000000c6300000| PB 0x00000000c6300000| Untracked 
|  56|0x00000000c6400000, 0x00000000c64e9318, 0x00000000c6500000| 91%| E|  |TAMS 0x00000000c6400000| PB 0x00000000c6400000| Complete 
|  57|0x00000000c6500000, 0x00000000c6600000, 0x00000000c6600000|100%| E|CS|TAMS 0x00000000c6500000| PB 0x00000000c6500000| Complete 
|  61|0x00000000c6900000, 0x00000000c6a00000, 0x00000000c6a00000|100%| E|CS|TAMS 0x00000000c6900000| PB 0x00000000c6900000| Complete 

Card table byte_map: [0x00000202e13b0000,0x00000202e15a0000] _byte_map_base: 0x00000202e0d9a000

Marking Bits: (CMBitMap*) 0x00000202c9d7f450
 Bits: [0x00000202e15a0000, 0x00000202e24f0000)

Polling page: 0x00000202c7bd0000

Metaspace:

Usage:
  Non-class:     61.26 MB used.
      Class:      9.45 MB used.
       Both:     70.71 MB used.

Virtual space:
  Non-class space:       64.00 MB reserved,      61.69 MB ( 96%) committed,  1 nodes.
      Class space:        1.00 GB reserved,       9.75 MB ( <1%) committed,  1 nodes.
             Both:        1.06 GB reserved,      71.44 MB (  7%) committed. 

Chunk freelists:
   Non-Class:  1.83 MB
       Class:  6.06 MB
        Both:  7.89 MB

MaxMetaspaceSize: unlimited
CompressedClassSpaceSize: 1.00 GB
Initial GC threshold: 21.00 MB
Current GC threshold: 108.88 MB
CDS: on
 - commit_granule_bytes: 65536.
 - commit_granule_words: 8192.
 - virtual_space_node_default_size: 8388608.
 - enlarge_chunks_in_place: 1.
 - use_allocation_guard: 0.


Internal statistics:

num_allocs_failed_limit: 6.
num_arena_births: 1138.
num_arena_deaths: 0.
num_vsnodes_births: 2.
num_vsnodes_deaths: 0.
num_space_committed: 1143.
num_space_uncommitted: 0.
num_chunks_returned_to_freelist: 6.
num_chunks_taken_from_freelist: 3685.
num_chunk_merges: 6.
num_chunk_splits: 2638.
num_chunks_enlarged: 2013.
num_inconsistent_stats: 0.

CodeHeap 'non-profiled nmethods': size=120000Kb used=3543Kb max_used=3543Kb free=116456Kb
 bounds [0x00000202d9c90000, 0x00000202da010000, 0x00000202e11c0000]
CodeHeap 'profiled nmethods': size=120000Kb used=11224Kb max_used=11224Kb free=108775Kb
 bounds [0x00000202d21c0000, 0x00000202d2cc0000, 0x00000202d96f0000]
CodeHeap 'non-nmethods': size=5760Kb used=2124Kb max_used=2158Kb free=3635Kb
 bounds [0x00000202d96f0000, 0x00000202d9960000, 0x00000202d9c90000]
 total_blobs=6639 nmethods=5800 adapters=744
 compilation: enabled
              stopped_count=0, restarted_count=0
 full_count=0

Compilation events (20 events):
Event: 28.953 Thread 0x00000202e4966830 6678       3       org.codehaus.groovy.util.FastArray::copy (31 bytes)
Event: 28.953 Thread 0x00000202e4966830 nmethod 6678 0x00000202d2ca6d10 code [0x00000202d2ca6ee0, 0x00000202d2ca72b8]
Event: 28.958 Thread 0x00000202e4966830 6679       3       groovy.lang.MetaClassImpl::getPropName (19 bytes)
Event: 28.959 Thread 0x00000202e4966830 nmethod 6679 0x00000202d2ca7410 code [0x00000202d2ca7620, 0x00000202d2ca7d30]
Event: 28.959 Thread 0x00000202e4966830 6682       3       java.util.Arrays::copyOfRange (11 bytes)
Event: 28.959 Thread 0x00000202e4966830 nmethod 6682 0x00000202d2ca7f90 code [0x00000202d2ca8140, 0x00000202d2ca8290]
Event: 28.959 Thread 0x00000202e4966830 6680       3       groovy.lang.MetaClassImpl$$Lambda/0x000002028122b370::<init> (10 bytes)
Event: 28.960 Thread 0x00000202e4966830 nmethod 6680 0x00000202d2ca8390 code [0x00000202d2ca8520, 0x00000202d2ca86d8]
Event: 28.960 Thread 0x00000202e4966830 6681       3       java.util.Optional::filter (35 bytes)
Event: 28.960 Thread 0x00000202e4966830 nmethod 6681 0x00000202d2ca8790 code [0x00000202d2ca8980, 0x00000202d2ca8e90]
Event: 28.961 Thread 0x00000202e4966830 6683       3       org.codehaus.groovy.runtime.metaclass.ReflectionMetaMethod::getName (8 bytes)
Event: 28.961 Thread 0x00000202e4966830 nmethod 6683 0x00000202d2ca9010 code [0x00000202d2ca91c0, 0x00000202d2ca9368]
Event: 28.972 Thread 0x00000202e4966830 6684       3       java.lang.invoke.InvokerBytecodeGenerator::emitAstoreInsn (9 bytes)
Event: 28.972 Thread 0x00000202e4966830 nmethod 6684 0x00000202d2ca9490 code [0x00000202d2ca9640, 0x00000202d2ca9788]
Event: 28.973 Thread 0x00000202e4966830 6685       3       java.lang.invoke.MethodHandle::asCollectorChecks (75 bytes)
Event: 28.974 Thread 0x00000202e4966830 nmethod 6685 0x00000202d2ca9810 code [0x00000202d2ca9a20, 0x00000202d2caa090]
Event: 28.975 Thread 0x00000202e4966830 6686       3       java.lang.invoke.BoundMethodHandle$Species_LLLL::make (16 bytes)
Event: 28.975 Thread 0x00000202e4966830 nmethod 6686 0x00000202d2caa310 code [0x00000202d2caa4c0, 0x00000202d2caa868]
Event: 28.975 Thread 0x00000202e4966830 6687       3       java.lang.invoke.BoundMethodHandle$Species_LLLL::<init> (30 bytes)
Event: 28.975 Thread 0x00000202e4966830 nmethod 6687 0x00000202d2caa990 code [0x00000202d2caab40, 0x00000202d2caae90]

GC Heap History (20 events):
Event: 9.649 GC heap before
{Heap before GC invocations=8 (full 0):
 garbage-first heap   total 48128K, used 38051K [0x00000000c2c00000, 0x0000000100000000)
  region size 1024K, 22 young (22528K), 3 survivors (3072K)
 Metaspace       used 34553K, committed 35072K, reserved 1114112K
  class space    used 4352K, committed 4608K, reserved 1048576K
}
Event: 9.658 GC heap after
{Heap after GC invocations=9 (full 0):
 garbage-first heap   total 48128K, used 21647K [0x00000000c2c00000, 0x0000000100000000)
  region size 1024K, 2 young (2048K), 2 survivors (2048K)
 Metaspace       used 34553K, committed 35072K, reserved 1114112K
  class space    used 4352K, committed 4608K, reserved 1048576K
}
Event: 10.060 GC heap before
{Heap before GC invocations=9 (full 0):
 garbage-first heap   total 48128K, used 28815K [0x00000000c2c00000, 0x0000000100000000)
  region size 1024K, 10 young (10240K), 2 survivors (2048K)
 Metaspace       used 35455K, committed 35968K, reserved 1114112K
  class space    used 4483K, committed 4736K, reserved 1048576K
}
Event: 10.070 GC heap after
{Heap after GC invocations=10 (full 0):
 garbage-first heap   total 48128K, used 22055K [0x00000000c2c00000, 0x0000000100000000)
  region size 1024K, 1 young (1024K), 1 survivors (1024K)
 Metaspace       used 35455K, committed 35968K, reserved 1114112K
  class space    used 4483K, committed 4736K, reserved 1048576K
}
Event: 11.273 GC heap before
{Heap before GC invocations=11 (full 0):
 garbage-first heap   total 48128K, used 40487K [0x00000000c2c00000, 0x0000000100000000)
  region size 1024K, 19 young (19456K), 1 survivors (1024K)
 Metaspace       used 40707K, committed 41280K, reserved 1114112K
  class space    used 5311K, committed 5568K, reserved 1048576K
}
Event: 11.278 GC heap after
{Heap after GC invocations=12 (full 0):
 garbage-first heap   total 48128K, used 22991K [0x00000000c2c00000, 0x0000000100000000)
  region size 1024K, 2 young (2048K), 2 survivors (2048K)
 Metaspace       used 40707K, committed 41280K, reserved 1114112K
  class space    used 5311K, committed 5568K, reserved 1048576K
}
Event: 12.796 GC heap before
{Heap before GC invocations=12 (full 0):
 garbage-first heap   total 48128K, used 40399K [0x00000000c2c00000, 0x0000000100000000)
  region size 1024K, 20 young (20480K), 2 survivors (2048K)
 Metaspace       used 49519K, committed 50112K, reserved 1114112K
  class space    used 6383K, committed 6656K, reserved 1048576K
}
Event: 12.808 GC heap after
{Heap after GC invocations=13 (full 0):
 garbage-first heap   total 48128K, used 24664K [0x00000000c2c00000, 0x0000000100000000)
  region size 1024K, 3 young (3072K), 3 survivors (3072K)
 Metaspace       used 49519K, committed 50112K, reserved 1114112K
  class space    used 6383K, committed 6656K, reserved 1048576K
}
Event: 13.788 GC heap before
{Heap before GC invocations=13 (full 0):
 garbage-first heap   total 48128K, used 40024K [0x00000000c2c00000, 0x0000000100000000)
  region size 1024K, 19 young (19456K), 3 survivors (3072K)
 Metaspace       used 53151K, committed 53760K, reserved 1114112K
  class space    used 6845K, committed 7104K, reserved 1048576K
}
Event: 13.795 GC heap after
{Heap after GC invocations=14 (full 0):
 garbage-first heap   total 48128K, used 26227K [0x00000000c2c00000, 0x0000000100000000)
  region size 1024K, 2 young (2048K), 2 survivors (2048K)
 Metaspace       used 53151K, committed 53760K, reserved 1114112K
  class space    used 6845K, committed 7104K, reserved 1048576K
}
Event: 14.469 GC heap before
{Heap before GC invocations=15 (full 0):
 garbage-first heap   total 50176K, used 40563K [0x00000000c2c00000, 0x0000000100000000)
  region size 1024K, 17 young (17408K), 2 survivors (2048K)
 Metaspace       used 58401K, committed 58944K, reserved 1114112K
  class space    used 7645K, committed 7872K, reserved 1048576K
}
Event: 14.473 GC heap after
{Heap after GC invocations=16 (full 0):
 garbage-first heap   total 50176K, used 26689K [0x00000000c2c00000, 0x0000000100000000)
  region size 1024K, 2 young (2048K), 2 survivors (2048K)
 Metaspace       used 58401K, committed 58944K, reserved 1114112K
  class space    used 7645K, committed 7872K, reserved 1048576K
}
Event: 15.240 GC heap before
{Heap before GC invocations=16 (full 0):
 garbage-first heap   total 50176K, used 43073K [0x00000000c2c00000, 0x0000000100000000)
  region size 1024K, 19 young (19456K), 2 survivors (2048K)
 Metaspace       used 62660K, committed 63232K, reserved 1114112K
  class space    used 8343K, committed 8576K, reserved 1048576K
}
Event: 15.247 GC heap after
{Heap after GC invocations=17 (full 0):
 garbage-first heap   total 50176K, used 27333K [0x00000000c2c00000, 0x0000000100000000)
  region size 1024K, 2 young (2048K), 2 survivors (2048K)
 Metaspace       used 62660K, committed 63232K, reserved 1114112K
  class space    used 8343K, committed 8576K, reserved 1048576K
}
Event: 15.948 GC heap before
{Heap before GC invocations=17 (full 0):
 garbage-first heap   total 50176K, used 42693K [0x00000000c2c00000, 0x0000000100000000)
  region size 1024K, 18 young (18432K), 2 survivors (2048K)
 Metaspace       used 66163K, committed 66816K, reserved 1114112K
  class space    used 8783K, committed 9088K, reserved 1048576K
}
Event: 15.956 GC heap after
{Heap after GC invocations=18 (full 0):
 garbage-first heap   total 60416K, used 28804K [0x00000000c2c00000, 0x0000000100000000)
  region size 1024K, 3 young (3072K), 3 survivors (3072K)
 Metaspace       used 66163K, committed 66816K, reserved 1114112K
  class space    used 8783K, committed 9088K, reserved 1048576K
}
Event: 16.864 GC heap before
{Heap before GC invocations=19 (full 0):
 garbage-first heap   total 60416K, used 52356K [0x00000000c2c00000, 0x0000000100000000)
  region size 1024K, 26 young (26624K), 3 survivors (3072K)
 Metaspace       used 68506K, committed 69248K, reserved 1114112K
  class space    used 9134K, committed 9472K, reserved 1048576K
}
Event: 16.874 GC heap after
{Heap after GC invocations=20 (full 0):
 garbage-first heap   total 60416K, used 31547K [0x00000000c2c00000, 0x0000000100000000)
  region size 1024K, 4 young (4096K), 4 survivors (4096K)
 Metaspace       used 68506K, committed 69248K, reserved 1114112K
  class space    used 9134K, committed 9472K, reserved 1048576K
}
Event: 28.860 GC heap before
{Heap before GC invocations=20 (full 0):
 garbage-first heap   total 60416K, used 52027K [0x00000000c2c00000, 0x0000000100000000)
  region size 1024K, 24 young (24576K), 4 survivors (4096K)
 Metaspace       used 72155K, committed 72896K, reserved 1114112K
  class space    used 9629K, committed 9920K, reserved 1048576K
}
Event: 28.872 GC heap after
{Heap after GC invocations=21 (full 0):
 garbage-first heap   total 60416K, used 33593K [0x00000000c2c00000, 0x0000000100000000)
  region size 1024K, 3 young (3072K), 3 survivors (3072K)
 Metaspace       used 72155K, committed 72896K, reserved 1114112K
  class space    used 9629K, committed 9920K, reserved 1048576K
}

Dll operation events (14 events):
Event: 0.022 Loaded shared library C:\Program Files\Java\jdk-21\bin\java.dll
Event: 0.089 Loaded shared library C:\Program Files\Java\jdk-21\bin\jsvml.dll
Event: 0.291 Loaded shared library C:\Program Files\Java\jdk-21\bin\zip.dll
Event: 0.298 Loaded shared library C:\Program Files\Java\jdk-21\bin\instrument.dll
Event: 0.310 Loaded shared library C:\Program Files\Java\jdk-21\bin\net.dll
Event: 0.314 Loaded shared library C:\Program Files\Java\jdk-21\bin\nio.dll
Event: 0.320 Loaded shared library C:\Program Files\Java\jdk-21\bin\zip.dll
Event: 0.533 Loaded shared library C:\Users\MINEDUCYT\Music\bin\breakgen64.dll
Event: 0.552 Loaded shared library C:\Program Files\Java\jdk-21\bin\extnet.dll
Event: 0.642 Loaded shared library C:\Program Files\Java\jdk-21\bin\jimage.dll
Event: 1.235 Loaded shared library C:\Program Files\Java\jdk-21\bin\management.dll
Event: 1.238 Loaded shared library C:\Program Files\Java\jdk-21\bin\management_ext.dll
Event: 4.559 Loaded shared library C:\Program Files\Java\jdk-21\bin\sunmscapi.dll
Event: 10.881 Loaded shared library C:\Program Files\Java\jdk-21\bin\verify.dll

Deoptimization events (20 events):
Event: 17.259 Thread 0x00000202e9b5ecc0 Uncommon trap: trap_request=0xffffff45 fr.pc=0x00000202d9d1028c relative=0x000000000000006c
Event: 17.259 Thread 0x00000202e9b5ecc0 Uncommon trap: reason=unstable_if action=reinterpret pc=0x00000202d9d1028c method=org.springframework.util.ConcurrentReferenceHashMap$Segment.clear()V @ 7 c2
Event: 17.259 Thread 0x00000202e9b5ecc0 DEOPT PACKING pc=0x00000202d9d1028c sp=0x00000044c62fef30
Event: 17.259 Thread 0x00000202e9b5ecc0 DEOPT UNPACKING pc=0x00000202d974469c sp=0x00000044c62feec0 mode 2
Event: 17.262 Thread 0x00000202e9b5ecc0 Uncommon trap: trap_request=0xffffff45 fr.pc=0x00000202d9d270b8 relative=0x00000000000000f8
Event: 17.263 Thread 0x00000202e9b5ecc0 Uncommon trap: reason=unstable_if action=reinterpret pc=0x00000202d9d270b8 method=java.lang.ref.ReferenceQueue.poll()Ljava/lang/ref/Reference; @ 4 c2
Event: 17.263 Thread 0x00000202e9b5ecc0 DEOPT PACKING pc=0x00000202d9d270b8 sp=0x00000044c62fec50
Event: 17.263 Thread 0x00000202e9b5ecc0 DEOPT UNPACKING pc=0x00000202d974469c sp=0x00000044c62feb18 mode 2
Event: 17.341 Thread 0x00000202e9b5ecc0 Uncommon trap: trap_request=0xffffff45 fr.pc=0x00000202d9f65530 relative=0x0000000000000110
Event: 17.341 Thread 0x00000202e9b5ecc0 Uncommon trap: reason=unstable_if action=reinterpret pc=0x00000202d9f65530 method=java.util.ArrayList.indexOfRange(Ljava/lang/Object;II)I @ 7 c2
Event: 17.341 Thread 0x00000202e9b5ecc0 DEOPT PACKING pc=0x00000202d9f65530 sp=0x00000044c62fe970
Event: 17.341 Thread 0x00000202e9b5ecc0 DEOPT UNPACKING pc=0x00000202d974469c sp=0x00000044c62fe8f0 mode 2
Event: 17.405 Thread 0x00000202e9b5ecc0 DEOPT PACKING pc=0x00000202d2c585ee sp=0x00000044c62fea20
Event: 17.405 Thread 0x00000202e9b5ecc0 DEOPT UNPACKING pc=0x00000202d9744e23 sp=0x00000044c62fdef8 mode 0
Event: 17.407 Thread 0x00000202e9b5ecc0 DEOPT PACKING pc=0x00000202d2c585ee sp=0x00000044c62fea20
Event: 17.407 Thread 0x00000202e9b5ecc0 DEOPT UNPACKING pc=0x00000202d9744e23 sp=0x00000044c62fdef8 mode 0
Event: 28.909 Thread 0x00000202ec6b6e30 Uncommon trap: trap_request=0xfffffff4 fr.pc=0x00000202d9e326a0 relative=0x00000000000003e0
Event: 28.909 Thread 0x00000202ec6b6e30 Uncommon trap: reason=null_check action=make_not_entrant pc=0x00000202d9e326a0 method=sun.invoke.util.VerifyType.isNullConversion(Ljava/lang/Class;Ljava/lang/Class;Z)Z @ 12 c2
Event: 28.909 Thread 0x00000202ec6b6e30 DEOPT PACKING pc=0x00000202d9e326a0 sp=0x00000044c6afc0f0
Event: 28.909 Thread 0x00000202ec6b6e30 DEOPT UNPACKING pc=0x00000202d974469c sp=0x00000044c6afc098 mode 2

Classes loaded (20 events):
Event: 28.436 Loading class sun/nio/cs/ThreadLocalCoders$2
Event: 28.436 Loading class sun/nio/cs/ThreadLocalCoders$2 done
Event: 28.700 Loading class java/util/concurrent/locks/ReentrantReadWriteLock$FairSync
Event: 28.700 Loading class java/util/concurrent/locks/ReentrantReadWriteLock$FairSync done
Event: 28.852 Loading class java/lang/EnumBeanInfo
Event: 28.852 Loading class java/lang/EnumBeanInfo done
Event: 28.854 Loading class java/lang/EnumBeanInfo
Event: 28.854 Loading class java/lang/EnumBeanInfo done
Event: 28.855 Loading class java/lang/ObjectBeanInfo
Event: 28.855 Loading class java/lang/ObjectBeanInfo done
Event: 28.856 Loading class java/lang/ObjectBeanInfo
Event: 28.856 Loading class java/lang/ObjectBeanInfo done
Event: 28.856 Loading class java/lang/ObjectCustomizer
Event: 28.856 Loading class java/lang/ObjectCustomizer done
Event: 28.858 Loading class java/lang/ObjectCustomizer
Event: 28.858 Loading class java/lang/ObjectCustomizer done
Event: 28.859 Loading class java/lang/EnumCustomizer
Event: 28.859 Loading class java/lang/EnumCustomizer done
Event: 28.873 Loading class java/lang/EnumCustomizer
Event: 28.873 Loading class java/lang/EnumCustomizer done

Classes unloaded (0 events):
No events

Classes redefined (0 events):
No events

Internal exceptions (20 events):
Event: 28.896 Thread 0x00000202ec6b6e30 Exception <a 'java/lang/ClassNotFoundException'{0x00000000c6959830}: org/thymeleaf/processor/AbstractProcessorCustomizer> (0x00000000c6959830) 
thrown [s\open\src\hotspot\share\classfile\systemDictionary.cpp, line 312]
Event: 28.899 Thread 0x00000202ec6b6e30 Exception <a 'java/lang/ClassNotFoundException'{0x00000000c6962f50}: org/thymeleaf/processor/element/AbstractElementTagProcessorCustomizer> (0x00000000c6962f50) 
thrown [s\open\src\hotspot\share\classfile\systemDictionary.cpp, line 312]
Event: 28.901 Thread 0x00000202ec6b6e30 Exception <a 'java/lang/ClassNotFoundException'{0x00000000c696d870}: org/thymeleaf/processor/element/AbstractAttributeTagProcessorCustomizer> (0x00000000c696d870) 
thrown [s\open\src\hotspot\share\classfile\systemDictionary.cpp, line 312]
Event: 28.906 Thread 0x00000202ec6b6e30 Exception <a 'java/lang/ClassNotFoundException'{0x00000000c69757f8}: org/thymeleaf/standard/processor/StandardXmlNsTagProcessorCustomizer> (0x00000000c69757f8) 
thrown [s\open\src\hotspot\share\classfile\systemDictionary.cpp, line 312]
Event: 28.909 Thread 0x00000202ec6b6e30 Implicit null exception at 0x00000202d9e322f7 to 0x00000202d9e32690
Event: 28.917 Thread 0x00000202ec6b6e30 Exception <a 'java/lang/NoSuchMethodError'{0x00000000c69d11c8}: 'java.lang.Object java.lang.invoke.Invokers$Holder.linkToCallSite(java.lang.Object, java.lang.Object, java.lang.Object, java.lang.Object, int, java.lang.Object)'> (0x00000000c69d11c8) 
thrown [s\open\src\hotspot\share\interpreter\linkResolver.cpp, line 773]
Event: 28.924 Thread 0x00000202ec6b6e30 Exception <a 'java/lang/ClassNotFoundException'{0x00000000c69f2c68}: nz/net/ultraq/thymeleaf/layoutdialect/decorators/DecorateProcessorBeanInfo> (0x00000000c69f2c68) 
thrown [s\open\src\hotspot\share\classfile\systemDictionary.cpp, line 312]
Event: 28.926 Thread 0x00000202ec6b6e30 Exception <a 'java/lang/ClassNotFoundException'{0x00000000c69f90f0}: org/thymeleaf/processor/element/AbstractAttributeModelProcessorBeanInfo> (0x00000000c69f90f0) 
thrown [s\open\src\hotspot\share\classfile\systemDictionary.cpp, line 312]
Event: 28.928 Thread 0x00000202ec6b6e30 Exception <a 'java/lang/ClassNotFoundException'{0x00000000c69ff490}: org/thymeleaf/processor/element/AbstractElementModelProcessorBeanInfo> (0x00000000c69ff490) 
thrown [s\open\src\hotspot\share\classfile\systemDictionary.cpp, line 312]
Event: 28.929 Thread 0x00000202ec6b6e30 Exception <a 'java/lang/ClassNotFoundException'{0x00000000c6505d90}: org/thymeleaf/processor/element/AbstractElementModelProcessorCustomizer> (0x00000000c6505d90) 
thrown [s\open\src\hotspot\share\classfile\systemDictionary.cpp, line 312]
Event: 28.931 Thread 0x00000202ec6b6e30 Exception <a 'java/lang/ClassNotFoundException'{0x00000000c65104d0}: org/thymeleaf/processor/element/AbstractAttributeModelProcessorCustomizer> (0x00000000c65104d0) 
thrown [s\open\src\hotspot\share\classfile\systemDictionary.cpp, line 312]
Event: 28.933 Thread 0x00000202ec6b6e30 Exception <a 'java/lang/ClassNotFoundException'{0x00000000c6518718}: nz/net/ultraq/thymeleaf/layoutdialect/decorators/DecorateProcessorCustomizer> (0x00000000c6518718) 
thrown [s\open\src\hotspot\share\classfile\systemDictionary.cpp, line 312]
Event: 28.936 Thread 0x00000202ec6b6e30 Exception <a 'java/lang/NoSuchMethodError'{0x00000000c6524288}: 'java.lang.Object java.lang.invoke.DirectMethodHandle$Holder.newInvokeSpecial(java.lang.Object, java.lang.Object, java.lang.Object, java.lang.Object, int)'> (0x00000000c6524288) 
thrown [s\open\src\hotspot\share\interpreter\linkResolver.cpp, line 773]
Event: 28.936 Thread 0x00000202ec6b6e30 Exception <a 'java/lang/NoSuchMethodError'{0x00000000c6528440}: 'java.lang.Object java.lang.invoke.DirectMethodHandle$Holder.invokeSpecial(java.lang.Object, java.lang.Object, java.lang.Object, java.lang.Object, java.lang.Object, int)'> (0x00000000c6528440) 
thrown [s\open\src\hotspot\share\interpreter\linkResolver.cpp, line 773]
Event: 28.937 Thread 0x00000202ec6b6e30 Exception <a 'java/lang/NoSuchMethodError'{0x00000000c652bd48}: 'java.lang.Object java.lang.invoke.DelegatingMethodHandle$Holder.reinvoke_L(java.lang.Object, java.lang.Object, java.lang.Object, java.lang.Object, int)'> (0x00000000c652bd48) 
thrown [s\open\src\hotspot\share\interpreter\linkResolver.cpp, line 773]
Event: 28.939 Thread 0x00000202ec6b6e30 Exception <a 'java/lang/NoSuchMethodError'{0x00000000c653c218}: 'java.lang.Object java.lang.invoke.DelegatingMethodHandle$Holder.delegate(java.lang.Object, java.lang.Object, java.lang.Object, java.lang.Object, java.lang.Object, java.lang.Object, int)'> (0x00000000c653c218) 
thrown [s\open\src\hotspot\share\interpreter\linkResolver.cpp, line 773]
Event: 28.956 Thread 0x00000202ec6b6e30 Exception <a 'java/lang/ClassNotFoundException'{0x00000000c65ac298}: nz/net/ultraq/thymeleaf/layoutdialect/includes/IncludeProcessorBeanInfo> (0x00000000c65ac298) 
thrown [s\open\src\hotspot\share\classfile\systemDictionary.cpp, line 312]
Event: 28.957 Thread 0x00000202ec6b6e30 Exception <a 'java/lang/ClassNotFoundException'{0x00000000c65b2518}: nz/net/ultraq/thymeleaf/layoutdialect/includes/IncludeProcessorCustomizer> (0x00000000c65b2518) 
thrown [s\open\src\hotspot\share\classfile\systemDictionary.cpp, line 312]
Event: 28.962 Thread 0x00000202ec6b6e30 Exception <a 'java/lang/ClassNotFoundException'{0x00000000c65cbe70}: nz/net/ultraq/thymeleaf/layoutdialect/PojoLoggerFactoryBeanInfo> (0x00000000c65cbe70) 
thrown [s\open\src\hotspot\share\classfile\systemDictionary.cpp, line 312]
Event: 28.964 Thread 0x00000202ec6b6e30 Exception <a 'java/lang/ClassNotFoundException'{0x00000000c65d1e60}: nz/net/ultraq/thymeleaf/layoutdialect/PojoLoggerFactoryCustomizer> (0x00000000c65d1e60) 
thrown [s\open\src\hotspot\share\classfile\systemDictionary.cpp, line 312]

ZGC Phase Switch (0 events):
No events

VM Operations (20 events):
Event: 18.262 Executing VM operation: Cleanup
Event: 18.262 Executing VM operation: Cleanup done
Event: 20.278 Executing VM operation: Cleanup
Event: 20.278 Executing VM operation: Cleanup done
Event: 21.292 Executing VM operation: Cleanup
Event: 21.293 Executing VM operation: Cleanup done
Event: 23.303 Executing VM operation: Cleanup
Event: 23.304 Executing VM operation: Cleanup done
Event: 28.472 Executing VM operation: HandshakeAllThreads (Deoptimize)
Event: 28.472 Executing VM operation: HandshakeAllThreads (Deoptimize) done
Event: 28.472 Executing VM operation: Cleanup
Event: 28.473 Executing VM operation: Cleanup done
Event: 28.636 Executing VM operation: HandshakeAllThreads (Deoptimize)
Event: 28.636 Executing VM operation: HandshakeAllThreads (Deoptimize) done
Event: 28.641 Executing VM operation: HandshakeAllThreads (Deoptimize)
Event: 28.641 Executing VM operation: HandshakeAllThreads (Deoptimize) done
Event: 28.662 Executing VM operation: HandshakeAllThreads (Deoptimize)
Event: 28.663 Executing VM operation: HandshakeAllThreads (Deoptimize) done
Event: 28.860 Executing VM operation: G1CollectForAllocation (G1 Evacuation Pause)
Event: 28.872 Executing VM operation: G1CollectForAllocation (G1 Evacuation Pause) done

Events (20 events):
Event: 17.226 Thread 0x00000202ec6b81e0 Thread added: 0x00000202ec6b81e0
Event: 17.227 Thread 0x00000202ec6b81e0 Thread exited: 0x00000202ec6b81e0
Event: 17.227 Thread 0x00000202ec6b4d60 Thread added: 0x00000202ec6b4d60
Event: 17.283 Thread 0x00000202ec6b6e30 Thread added: 0x00000202ec6b6e30
Event: 17.283 Thread 0x00000202ec6b5a80 Thread added: 0x00000202ec6b5a80
Event: 17.283 Thread 0x00000202ec6b74c0 Thread added: 0x00000202ec6b74c0
Event: 17.283 Thread 0x00000202ec6b7b50 Thread added: 0x00000202ec6b7b50
Event: 17.283 Thread 0x00000202ec6b81e0 Thread added: 0x00000202ec6b81e0
Event: 17.283 Thread 0x00000202ec6b8870 Thread added: 0x00000202ec6b8870
Event: 17.284 Thread 0x00000202ec6b2600 Thread added: 0x00000202ec6b2600
Event: 17.284 Thread 0x00000202ec6b8f00 Thread added: 0x00000202ec6b8f00
Event: 17.284 Thread 0x00000202ec6b9590 Thread added: 0x00000202ec6b9590
Event: 17.284 Thread 0x00000202ec6b9c20 Thread added: 0x00000202ec6b9c20
Event: 17.329 Thread 0x00000202eaaeec20 Thread added: 0x00000202eaaeec20
Event: 17.331 Thread 0x00000202eaaf3ae0 Thread added: 0x00000202eaaf3ae0
Event: 17.424 Thread 0x00000202e9b5ecc0 Thread exited: 0x00000202e9b5ecc0
Event: 17.425 Thread 0x00000202e93e41b0 Thread exited: 0x00000202e93e41b0
Event: 17.425 Thread 0x00000202c9d451d0 Thread exited: 0x00000202c9d451d0
Event: 17.426 Thread 0x00000202eaaef2b0 Thread added: 0x00000202eaaef2b0
Event: 18.485 Thread 0x00000202ec6b67a0 Thread exited: 0x00000202ec6b67a0


Dynamic libraries:
0x00007ff69cf60000 - 0x00007ff69cf70000 	C:\Program Files\Java\jdk-21\bin\java.exe
0x00007ffface30000 - 0x00007fffad028000 	C:\WINDOWS\SYSTEM32\ntdll.dll
0x00007fffabb20000 - 0x00007fffabbe1000 	C:\WINDOWS\System32\KERNEL32.DLL
0x00007fffaab10000 - 0x00007fffaae06000 	C:\WINDOWS\System32\KERNELBASE.dll
0x00007fffaaa10000 - 0x00007fffaab10000 	C:\WINDOWS\System32\ucrtbase.dll
0x00007fffa2bb0000 - 0x00007fffa2bcb000 	C:\Program Files\Java\jdk-21\bin\VCRUNTIME140.dll
0x00007fffa2bd0000 - 0x00007fffa2be9000 	C:\Program Files\Java\jdk-21\bin\jli.dll
0x00007fffaca60000 - 0x00007fffacb10000 	C:\WINDOWS\System32\ADVAPI32.dll
0x00007fffab740000 - 0x00007fffab7de000 	C:\WINDOWS\System32\msvcrt.dll
0x00007fffac100000 - 0x00007fffac1a0000 	C:\WINDOWS\System32\sechost.dll
0x00007fffaae60000 - 0x00007fffaaf83000 	C:\WINDOWS\System32\RPCRT4.dll
0x00007fffaa9e0000 - 0x00007fffaaa07000 	C:\WINDOWS\System32\bcrypt.dll
0x00007fffab140000 - 0x00007fffab2df000 	C:\WINDOWS\System32\USER32.dll
0x00007fffaa4e0000 - 0x00007fffaa502000 	C:\WINDOWS\System32\win32u.dll
0x00007fffabbf0000 - 0x00007fffabc1b000 	C:\WINDOWS\System32\GDI32.dll
0x00007fffaa7a0000 - 0x00007fffaa8b7000 	C:\WINDOWS\System32\gdi32full.dll
0x00007fffaa700000 - 0x00007fffaa79d000 	C:\WINDOWS\System32\msvcp_win.dll
0x00007fff914a0000 - 0x00007fff9173a000 	C:\WINDOWS\WinSxS\amd64_microsoft.windows.common-controls_6595b64144ccf1df_6.0.19041.4355_none_60b8b9eb71f62e16\COMCTL32.dll
0x00007fff9afd0000 - 0x00007fff9afda000 	C:\WINDOWS\SYSTEM32\VERSION.dll
0x00007fffacd10000 - 0x00007fffacd3f000 	C:\WINDOWS\System32\IMM32.DLL
0x00007fffa2ea0000 - 0x00007fffa2eac000 	C:\Program Files\Java\jdk-21\bin\vcruntime140_1.dll
0x00007fff8d300000 - 0x00007fff8d38e000 	C:\Program Files\Java\jdk-21\bin\msvcp140.dll
0x00007fff27f50000 - 0x00007fff28c63000 	C:\Program Files\Java\jdk-21\bin\server\jvm.dll
0x00007fffabc20000 - 0x00007fffabc8b000 	C:\WINDOWS\System32\WS2_32.dll
0x00007fff8e6d0000 - 0x00007fff8e6f7000 	C:\WINDOWS\SYSTEM32\WINMM.dll
0x00007fffaa330000 - 0x00007fffaa37b000 	C:\WINDOWS\SYSTEM32\POWRPROF.dll
0x00007fffaa310000 - 0x00007fffaa322000 	C:\WINDOWS\SYSTEM32\UMPDC.dll
0x00007fffa8cf0000 - 0x00007fffa8d02000 	C:\WINDOWS\SYSTEM32\kernel.appcore.dll
0x00007fffa2d70000 - 0x00007fffa2d7a000 	C:\Program Files\Java\jdk-21\bin\jimage.dll
0x00007fffa8a10000 - 0x00007fffa8bf4000 	C:\WINDOWS\SYSTEM32\DBGHELP.DLL
0x00007fffa0590000 - 0x00007fffa05c4000 	C:\WINDOWS\SYSTEM32\dbgcore.DLL
0x00007fffaa670000 - 0x00007fffaa6f2000 	C:\WINDOWS\System32\bcryptPrimitives.dll
0x00007fffa4900000 - 0x00007fffa490f000 	C:\Program Files\Java\jdk-21\bin\instrument.dll
0x00007fffa1010000 - 0x00007fffa102f000 	C:\Program Files\Java\jdk-21\bin\java.dll
0x00007fffac270000 - 0x00007fffac9dc000 	C:\WINDOWS\System32\SHELL32.dll
0x00007fffa81a0000 - 0x00007fffa893e000 	C:\WINDOWS\SYSTEM32\windows.storage.dll
0x00007fffab3e0000 - 0x00007fffab733000 	C:\WINDOWS\System32\combase.dll
0x00007fffa9e30000 - 0x00007fffa9e5e000 	C:\WINDOWS\SYSTEM32\Wldp.dll
0x00007fffac1a0000 - 0x00007fffac26d000 	C:\WINDOWS\System32\OLEAUT32.dll
0x00007fffab910000 - 0x00007fffab9bd000 	C:\WINDOWS\System32\SHCORE.dll
0x00007fffacb90000 - 0x00007fffacbe5000 	C:\WINDOWS\System32\shlwapi.dll
0x00007fffaa410000 - 0x00007fffaa434000 	C:\WINDOWS\SYSTEM32\profapi.dll
0x00007fff8d220000 - 0x00007fff8d2f7000 	C:\Program Files\Java\jdk-21\bin\jsvml.dll
0x00007fff99f70000 - 0x00007fff99f88000 	C:\Program Files\Java\jdk-21\bin\zip.dll
0x00007fffa05f0000 - 0x00007fffa0600000 	C:\Program Files\Java\jdk-21\bin\net.dll
0x00007fff99370000 - 0x00007fff9947a000 	C:\WINDOWS\SYSTEM32\WINHTTP.dll
0x00007fffa9b90000 - 0x00007fffa9bfa000 	C:\WINDOWS\system32\mswsock.dll
0x00007fff9a280000 - 0x00007fff9a296000 	C:\Program Files\Java\jdk-21\bin\nio.dll
0x00007fffa2fb0000 - 0x00007fffa2fca000 	C:\Users\MINEDUCYT\Music\bin\breakgen64.dll
0x00007fff9a6e0000 - 0x00007fff9a6e9000 	C:\Program Files\Java\jdk-21\bin\extnet.dll
0x00007fffa2fa0000 - 0x00007fffa2faa000 	C:\Program Files\Java\jdk-21\bin\management.dll
0x00007fffa2eb0000 - 0x00007fffa2ebb000 	C:\Program Files\Java\jdk-21\bin\management_ext.dll
0x00007fffaca50000 - 0x00007fffaca58000 	C:\WINDOWS\System32\PSAPI.DLL
0x00007fffa4930000 - 0x00007fffa493e000 	C:\Program Files\Java\jdk-21\bin\sunmscapi.dll
0x00007fffaa510000 - 0x00007fffaa66e000 	C:\WINDOWS\System32\CRYPT32.dll
0x00007fffa9ea0000 - 0x00007fffa9ec9000 	C:\WINDOWS\SYSTEM32\ncrypt.dll
0x00007fffa9e60000 - 0x00007fffa9e9b000 	C:\WINDOWS\SYSTEM32\NTASN1.dll
0x00007fffa9d80000 - 0x00007fffa9d98000 	C:\WINDOWS\SYSTEM32\CRYPTSP.dll
0x00007fffa94b0000 - 0x00007fffa94e4000 	C:\WINDOWS\system32\rsaenh.dll
0x00007fffaa3c0000 - 0x00007fffaa3ee000 	C:\WINDOWS\SYSTEM32\USERENV.dll
0x00007fffa9da0000 - 0x00007fffa9dac000 	C:\WINDOWS\SYSTEM32\CRYPTBASE.dll
0x00007fffa9870000 - 0x00007fffa98ab000 	C:\WINDOWS\SYSTEM32\IPHLPAPI.DLL
0x00007fffab370000 - 0x00007fffab378000 	C:\WINDOWS\System32\NSI.dll
0x00007fff99f50000 - 0x00007fff99f60000 	C:\Program Files\Java\jdk-21\bin\verify.dll
0x00007fffa98b0000 - 0x00007fffa997a000 	C:\WINDOWS\SYSTEM32\DNSAPI.dll
0x00007fff961f0000 - 0x00007fff961fa000 	C:\Windows\System32\rasadhlp.dll
0x00007fff96210000 - 0x00007fff96290000 	C:\WINDOWS\System32\fwpuclnt.dll
0x00007fff8e640000 - 0x00007fff8e647000 	C:\WINDOWS\system32\wshunix.dll

dbghelp: loaded successfully - version: 4.0.5 - missing functions: none
symbol engine: initialized successfully - sym options: 0x614 - pdb path: .;C:\Program Files\Java\jdk-21\bin;C:\WINDOWS\SYSTEM32;C:\WINDOWS\WinSxS\amd64_microsoft.windows.common-controls_6595b64144ccf1df_6.0.19041.4355_none_60b8b9eb71f62e16;C:\Program Files\Java\jdk-21\bin\server;C:\Users\MINEDUCYT\Music\bin

VM Arguments:
jvm_args: -javaagent:C:\Users\MINEDUCYT\Music\lib\idea_rt.jar=53961:C:\Users\MINEDUCYT\Music\bin -Dfile.encoding=UTF-8 -Dsun.stdout.encoding=UTF-8 -Dsun.stderr.encoding=UTF-8 
java_command: org.esfe.FerreteriaAppApplication
java_class_path (initial): C:\Nueva carpeta\Proyecto\FerreteriaApp\target\classes;C:\Users\MINEDUCYT\.m2\repository\org\springframework\boot\spring-boot-starter-data-jpa\3.3.2\spring-boot-starter-data-jpa-3.3.2.jar;C:\Users\MINEDUCYT\.m2\repository\org\springframework\boot\spring-boot-starter-aop\3.3.2\spring-boot-starter-aop-3.3.2.jar;C:\Users\MINEDUCYT\.m2\repository\org\springframework\spring-aop\6.1.11\spring-aop-6.1.11.jar;C:\Users\MINEDUCYT\.m2\repository\org\aspectj\aspectjweaver\1.9.22.1\aspectjweaver-1.9.22.1.jar;C:\Users\MINEDUCYT\.m2\repository\org\springframework\boot\spring-boot-starter-jdbc\3.3.2\spring-boot-starter-jdbc-3.3.2.jar;C:\Users\MINEDUCYT\.m2\repository\com\zaxxer\HikariCP\5.1.0\HikariCP-5.1.0.jar;C:\Users\MINEDUCYT\.m2\repository\org\springframework\spring-jdbc\6.1.11\spring-jdbc-6.1.11.jar;C:\Users\MINEDUCYT\.m2\repository\org\hibernate\orm\hibernate-core\6.5.2.Final\hibernate-core-6.5.2.Final.jar;C:\Users\MINEDUCYT\.m2\repository\jakarta\persistence\jakarta.persistence-api\3.1.0\jakarta.persistence-api-3.1.0.jar;C:\Users\MINEDUCYT\.m2\repository\jakarta\transaction\jakarta.transaction-api\2.0.1\jakarta.transaction-api-2.0.1.jar;C:\Users\MINEDUCYT\.m2\repository\org\jboss\logging\jboss-logging\3.5.3.Final\jboss-logging-3.5.3.Final.jar;C:\Users\MINEDUCYT\.m2\repository\org\hibernate\common\hibernate-commons-annotations\6.0.6.Final\hibernate-commons-annotations-6.0.6.Final.jar;C:\Users\MINEDUCYT\.m2\repository\io\smallrye\jandex\3.1.2\jandex-3.1.2.jar;C:\Users\MINEDUCYT\.m2\repository\com\fasterxml\classmate\1.7.0\classmate-1.7.0.jar;C:\Users\MINEDUCYT\.m2\repository\net\bytebuddy\byte-buddy\1.14.18\byte-buddy-1.14.18.jar;C:\Users\MINEDUCYT\.m2\repository\org\glassfish\jaxb\jaxb-runtime\4.0.5\jaxb-runtime-4.0.5.jar;C:\Users\MINEDUCYT\.m2\repository\org\glassfish\jaxb\jaxb-core\4.0.5\jaxb-core-4.0.5.jar;C:\Users\MINEDUCYT\.m2\repository\org\eclipse\angus\angus-activation\2.0.2\angus-activation-2.0.2.jar;C:\Users\MINEDUCYT\.m2\repository\org\glassfish\jaxb\txw2\4.0.5\txw2-4.0.5.jar;C:\Users\MINEDUCYT\.m2\repository\com\sun\istack\istack-commons-runtime\4.1.2\istack-commons-runtime-4.1.2.jar;C:\Users\MINEDUCYT\.m2\repository\jakarta\inject\jakarta.inject-api\2.0.1\jakarta.inject-api-2.0.1.jar;C:\Users\MINEDUCYT\.m2\repository\org\antlr\antlr4-runtime\4.13.0\antlr4-runtime-4.13.0.jar;C:\Users\MINEDUCYT\.m2\repository\org\springframework\data\spring-data-jpa\3.3.2\spring-data-jpa-3.3.2.jar;C:\Users\MINEDUCYT\.m2\repository\org\springframework\data\spring-data-commons\3.3.2\spring-data-commons-3.3.2.jar;C:\Users\MINEDUCYT\.m2\repository\org\springframework\spring-orm\6.1.11\spring-orm-6.1.11.jar;C:\Users\MINEDUCYT\.m2\repository\org\springframework\spring-context\6.1.11\spring-context-6.1.11.jar;C:\Users\MINEDUCYT\.m2\repository\org\springframework\spring-tx\6.1.11\spring-tx-6.1.11.jar;C:\Users\MINEDUCYT\.m2\repository\org\springframework\spring-beans\6.1.11\spring-beans-6.1.11.jar;C:\Users\MINEDUCYT\.m2\repository\jakarta\annotation\jakarta.annotation-api\2.1.1\jakarta.annotation-api-2.1.1.jar;C:\Users\MINEDUCYT\.m2\repository\org\springframework\spring-aspects\6.1.11\spring-aspects-6.1.11.jar;C:\Users\MINEDUCYT\.m2\repository\org\springframework\boot\spring-boot-starter-thymeleaf\3.3.2\spring-boot-starter-thymeleaf-3.3.2.jar;C:\Users\MINEDUCYT\.m2\repository\org\springframework\boot\spring-boot-starter\3.3.2\spring-boot-starter-3.3.2.jar;C:\Users\MINEDUCYT\.m2\repository\org\springframework\boot\spring-boot-starter-logging\3.3.2\spring-boot-starter-logging-3.3.2.jar;C:\Users\MINEDUCYT\.m2\repository\ch\qos\logback\logback-classic\1.5.6\logback-classic-1.5.6.jar;C:\Users\MINEDUCYT\.m2\repository\ch\qos\logback\logback-core\1.5.6\logback-core-1.5.6.jar;C:\Users\MINEDUCYT\.m2\repository\org\apache\logging\log4j\log4j-to-slf4j\2.23.1\log4j-to-slf4j-2.23.1.jar;C:\Users\MINEDUCYT\.m2\repository\org\apache\logging\log4j\log4j-api\2.23.1\log4j-api-2.23.1.jar;C:\Users\MINEDUCYT\.m2\repository\org\slf4j\jul-to-slf4j\2.0.13\jul-to-slf4j-2.0.13.jar;C:\Users\MINEDUCYT\.m2\repository\org\yaml\snakeyaml\2.2\snakeyaml-2.2.jar;C:\Users\MINEDUCYT\.m2\repository\org\thymeleaf\thymeleaf-spring6\3.1.2.RELEASE\thymeleaf-spring6-3.1.2.RELEASE.jar;C:\Users\MINEDUCYT\.m2\repository\org\springframework\boot\spring-boot-starter-web\3.3.2\spring-boot-starter-web-3.3.2.jar;C:\Users\MINEDUCYT\.m2\repository\org\springframework\boot\spring-boot-starter-json\3.3.2\spring-boot-starter-json-3.3.2.jar;C:\Users\MINEDUCYT\.m2\repository\com\fasterxml\jackson\core\jackson-databind\2.17.2\jackson-databind-2.17.2.jar;C:\Users\MINEDUCYT\.m2\repository\com\fasterxml\jackson\core\jackson-annotations\2.17.2\jackson-annotations-2.17.2.jar;C:\Users\MINEDUCYT\.m2\repository\com\fasterxml\jackson\core\jackson-core\2.17.2\jackson-core-2.17.2.jar;C:\Users\MINEDUCYT\.m2\repository\com\fasterxml\jackson\datatype\jackson-datatype-jdk8\2.17.2\jackson-datatype-jdk8-2.17.2.jar;C:\Users\MINEDUCYT\.m2\repository\com\fasterxml\jackson\datatype\jackson-datatype-jsr310\2.17.2\jackson-datatype-jsr310-2.17.2.jar;C:\Users\MINEDUCYT\.m2\repository\com\fasterxml\jackson\module\jackson-module-parameter-names\2.17.2\jackson-module-parameter-names-2.17.2.jar;C:\Users\MINEDUCYT\.m2\repository\org\springframework\boot\spring-boot-starter-tomcat\3.3.2\spring-boot-starter-tomcat-3.3.2.jar;C:\Users\MINEDUCYT\.m2\repository\org\apache\tomcat\embed\tomcat-embed-core\10.1.26\tomcat-embed-core-10.1.26.jar;C:\Users\MINEDUCYT\.m2\repository\org\apache\tomcat\embed\tomcat-embed-websocket\10.1.26\tomcat-embed-websocket-10.1.26.jar;C:\Users\MINEDUCYT\.m2\repository\org\springframework\spring-web\6.1.11\spring-web-6.1.11.jar;C:\Users\MINEDUCYT\.m2\repository\io\micrometer\micrometer-observation\1.13.2\micrometer-observation-1.13.2.jar;C:\Users\MINEDUCYT\.m2\repository\io\micrometer\micrometer-commons\1.13.2\micrometer-commons-1.13.2.jar;C:\Users\MINEDUCYT\.m2\repository\org\springframework\spring-webmvc\6.1.11\spring-webmvc-6.1.11.jar;C:\Users\MINEDUCYT\.m2\repository\org\springframework\spring-expression\6.1.11\spring-expression-6.1.11.jar;C:\Users\MINEDUCYT\.m2\repository\org\springframework\boot\spring-boot-starter-validation\3.3.2\spring-boot-starter-validation-3.3.2.jar;C:\Users\MINEDUCYT\.m2\repository\org\apache\tomcat\embed\tomcat-embed-el\10.1.26\tomcat-embed-el-10.1.26.jar;C:\Users\MINEDUCYT\.m2\repository\org\hibernate\validator\hibernate-validator\8.0.1.Final\hibernate-validator-8.0.1.Final.jar;C:\Users\MINEDUCYT\.m2\repository\jakarta\validation\jakarta.validation-api\3.0.2\jakarta.validation-api-3.0.2.jar;C:\Users\MINEDUCYT\.m2\repository\org\springframework\boot\spring-boot-devtools\3.3.2\spring-boot-devtools-3.3.2.jar;C:\Users\MINEDUCYT\.m2\repository\org\springframework\boot\spring-boot\3.3.2\spring-boot-3.3.2.jar;C:\Users\MINEDUCYT\.m2\repository\org\springframework\boot\spring-boot-autoconfigure\3.3.2\spring-boot-autoconfigure-3.3.2.jar;C:\Users\MINEDUCYT\.m2\repository\com\mysql\mysql-connector-j\8.3.0\mysql-connector-j-8.3.0.jar;C:\Users\MINEDUCYT\.m2\repository\nz\net\ultraq\thymeleaf\thymeleaf-layout-dialect\3.3.0\thymeleaf-layout-dialect-3.3.0.jar;C:\Users\MINEDUCYT\.m2\repository\org\apache\groovy\groovy\4.0.22\groovy-4.0.22.jar;C:\Users\MINEDUCYT\.m2\repository\nz\net\ultraq\groovy\groovy-extensions\2.1.0\groovy-extensions-2.1.0.jar;C:\Users\MINEDUCYT\.m2\repository\nz\net\ultraq\thymeleaf\thymeleaf-expression-processor\3.2.0\thymeleaf-expression-processor-3.2.0.jar;C:\Users\MINEDUCYT\.m2\repository\org\thymeleaf\thymeleaf\3.1.2.RELEASE\thymeleaf-3.1.2.RELEASE.jar;C:\Users\MINEDUCYT\.m2\repository\ognl\ognl\3.3.4\ognl-3.3.4.jar;C:\Users\MINEDUCYT\.m2\repository\org\javassist\javassist\3.29.0-GA\javassist-3.29.0-GA.jar;C:\Users\MINEDUCYT\.m2\repository\org\attoparser\attoparser\2.0.7.RELEASE\attoparser-2.0.7.RELEASE.jar;C:\Users\MINEDUCYT\.m2\repository\org\unbescape\unbescape\1.1.6.RELEASE\unbescape-1.1.6.RELEASE.jar;C:\Users\MINEDUCYT\.m2\repository\org\slf4j\slf4j-api\2.0.13\slf4j-api-2.0.13.jar;C:\Users\MINEDUCYT\.m2\repository\jakarta\xml\bind\jakarta.xml.bind-api\4.0.2\jakarta.xml.bind-api-4.0.2.jar;C:\Users\MINEDUCYT\.m2\repository\jakarta\activation\jakarta.activation-api\2.1.3\jakarta.activation-api-2.1.3.jar;C:\Users\MINEDUCYT\.m2\repository\org\springframework\spring-core\6.1.11\spring-core-6.1.11.jar;C:\Users\MINEDUCYT\.m2\repository\org\springframework\spring-jcl\6.1.11\spring-jcl-6.1.11.jar
Launcher Type: SUN_STANDARD

[Global flags]
     intx CICompilerCount                          = 3                                         {product} {ergonomic}
     uint ConcGCThreads                            = 1                                         {product} {ergonomic}
     uint G1ConcRefinementThreads                  = 4                                         {product} {ergonomic}
   size_t G1HeapRegionSize                         = 1048576                                   {product} {ergonomic}
    uintx GCDrainStackTargetSize                   = 64                                        {product} {ergonomic}
   size_t InitialHeapSize                          = 65011712                                  {product} {ergonomic}
   size_t MarkStackSize                            = 4194304                                   {product} {ergonomic}
   size_t MaxHeapSize                              = 1027604480                                {product} {ergonomic}
   size_t MaxNewSize                               = 616562688                                 {product} {ergonomic}
   size_t MinHeapDeltaBytes                        = 1048576                                   {product} {ergonomic}
   size_t MinHeapSize                              = 8388608                                   {product} {ergonomic}
    uintx NonNMethodCodeHeapSize                   = 5832780                                {pd product} {ergonomic}
    uintx NonProfiledCodeHeapSize                  = 122912730                              {pd product} {ergonomic}
    uintx ProfiledCodeHeapSize                     = 122912730                              {pd product} {ergonomic}
    uintx ReservedCodeCacheSize                    = 251658240                              {pd product} {ergonomic}
     bool SegmentedCodeCache                       = true                                      {product} {ergonomic}
   size_t SoftMaxHeapSize                          = 1027604480                             {manageable} {ergonomic}
     bool UseCompressedOops                        = true                           {product lp64_product} {ergonomic}
     bool UseG1GC                                  = true                                      {product} {ergonomic}
     bool UseLargePagesIndividualAllocation        = false                                  {pd product} {ergonomic}

Logging:
Log output configuration:
 #0: stdout all=warning uptime,level,tags foldmultilines=false
 #1: stderr all=off uptime,level,tags foldmultilines=false

Environment Variables:
PATH=C:\Program Files\Common Files\Oracle\Java\javapath;C:\Python312\Scripts\;C:\Python312\;C:\Program Files\Microsoft\jdk-11.0.16.101-hotspot\bin;C:\WINDOWS\system32;C:\WINDOWS;C:\WINDOWS\System32\Wbem;C:\WINDOWS\System32\WindowsPowerShell\v1.0\;C:\WINDOWS\System32\OpenSSH\;C:\Program Files\Microsoft SQL Server\150\Tools\Binn\;C:\Program Files\Microsoft SQL Server\Client SDK\ODBC\170\Tools\Binn\;C:\Program Files (x86)\Microsoft SQL Server\160\Tools\Binn\;C:\Program Files\Microsoft SQL Server\160\Tools\Binn\;C:\Program Files\Microsoft SQL Server\160\DTS\Binn\;C:\Program Files (x86)\Microsoft SQL Server\160\DTS\Binn\;C:\Program Files\Azure Data Studio\bin;C:\Program Files\dotnet\;C:\Program Files\nodejs\;C:\ProgramData\chocolatey\bin;C:\Users\MINEDUCYT\.config\herd\bin\nvm;C:\Program Files\nodejs;C:\Program Files\Git\cmd;C:\Users\MINEDUCYT\.config\herd\bin;C:\Users\MINEDUCYT\AppData\Local\Microsoft\WindowsApps;C:\Program Files\Azure Data Studio\bin;C:\Users\MINEDUCYT\AppData\Local\Programs\Microsoft VS Code\bin;C:\Users\MINEDUCYT\.dotnet\tools;C:\Users\MINEDUCYT\AppData\Roaming\npm
USERNAME=MINEDUCYT
OS=Windows_NT
PROCESSOR_IDENTIFIER=Intel64 Family 6 Model 122 Stepping 8, GenuineIntel
TMP=C:\Users\MINEDU~1\AppData\Local\Temp
TEMP=C:\Users\MINEDU~1\AppData\Local\Temp




Periodic native trim disabled

---------------  S Y S T E M  ---------------

OS:
 Windows 10 , 64 bit Build 19041 (10.0.19041.4597)
OS uptime: 0 days 1:31 hours

CPU: total 4 (initial active 4) (4 cores per cpu, 1 threads per core) family 6 model 122 stepping 8 microcode 0x16, cx8, cmov, fxsr, mmx, 3dnowpref, sse, sse2, sse3, ssse3, sse4.1, sse4.2, popcnt, tsc, tscinvbit, aes, erms, clmul, sha, clflush, clflushopt, rdtscp, rdpid
Processor Information for all 4 processors :
  Max Mhz: 1101, Current Mhz: 1101, Mhz Limit: 1101

Memory: 4k page, system-wide physical 3917M (343M free)
TotalPageFile size 7463M (AvailPageFile size 5M)
current process WorkingSet (physical memory assigned to process): 252M, peak: 258M
current process commit charge ("private bytes"): 283M, peak: 287M

vm_info: Java HotSpot(TM) 64-Bit Server VM (21.0.4+8-LTS-274) for windows-amd64 JRE (21.0.4+8-LTS-274), built on 2024-06-05T05:23:33Z by "mach5one" with MS VC++ 17.6 (VS2022)

END.
