#
# There is insufficient memory for the Java Runtime Environment to continue.
# Native memory allocation (malloc) failed to allocate 32744 bytes for Chunk::new
# Possible reasons:
#   The system is out of physical RAM or swap space
#   The process is running with CompressedOops enabled, and the Java Heap may be blocking the growth of the native heap
# Possible solutions:
#   Reduce memory load on the system
#   Increase physical memory or swap space
#   Check if swap backing store is full
#   Decrease Java heap size (-Xmx/-Xms)
#   Decrease number of Java threads
#   Decrease Java thread stack sizes (-Xss)
#   Set larger code cache with -XX:ReservedCodeCacheSize=
#   JVM is running with Unscaled Compressed Oops mode in which the Java heap is
#     placed in the first 4GB address space. The Java Heap base address is the
#     maximum limit for the native heap growth. Please use -XX:HeapBaseMinAddress
#     to set the Java Heap base and to place the Java Heap above 4GB virtual address.
# This output file may be truncated or incomplete.
#
#  Out of Memory Error (arena.cpp:168), pid=10092, tid=9468
#
# JRE version: Java(TM) SE Runtime Environment (21.0.4+8) (build 21.0.4+8-LTS-274)
# Java VM: Java HotSpot(TM) 64-Bit Server VM (21.0.4+8-LTS-274, mixed mode, sharing, tiered, compressed oops, compressed class ptrs, g1 gc, windows-amd64)
# No core dump will be written. Minidumps are not enabled by default on client versions of Windows
#

---------------  S U M M A R Y ------------

Command Line: -javaagent:C:\Users\MINEDUCYT\Music\lib\idea_rt.jar=53888:C:\Users\MINEDUCYT\Music\bin -Dfile.encoding=UTF-8 -Dsun.stdout.encoding=UTF-8 -Dsun.stderr.encoding=UTF-8 org.esfe.FerreteriaAppApplication

Host: Intel(R) Celeron(R) N4120 CPU @ 1.10GHz, 4 cores, 3G,  Windows 10 , 64 bit Build 19041 (10.0.19041.4597)
Time: Fri Aug 16 22:53:04 2024 Hora estándar central (México) elapsed time: 22.439987 seconds (0d 0h 0m 22s)

---------------  T H R E A D  ---------------

Current thread (0x00000222aada1eb0):  JavaThread "C2 CompilerThread0" daemon [_thread_in_native, id=9468, stack(0x000000b42df00000,0x000000b42e000000) (1024K)]


Current CompileTask:
C2:  22440 6466   !   4       java.lang.invoke.MemberName$Factory::resolve (159 bytes)

Stack: [0x000000b42df00000,0x000000b42e000000]
Native frames: (J=compiled Java code, j=interpreted, Vv=VM code, C=native code)
V  [jvm.dll+0x6c8e59]
V  [jvm.dll+0x853181]
V  [jvm.dll+0x8556ae]
V  [jvm.dll+0x855d83]
V  [jvm.dll+0x27d526]
V  [jvm.dll+0xc4aad]
V  [jvm.dll+0xc4fe3]
V  [jvm.dll+0x6ce52d]
V  [jvm.dll+0x6cfc0e]
V  [jvm.dll+0x6ce3b1]
V  [jvm.dll+0x24664d]
V  [jvm.dll+0x24585f]
V  [jvm.dll+0x1c69de]
V  [jvm.dll+0x254d49]
V  [jvm.dll+0x2532da]
V  [jvm.dll+0x3ed426]
V  [jvm.dll+0x7fd65b]
V  [jvm.dll+0x6c753d]
C  [ucrtbase.dll+0x21bb2]
C  [KERNEL32.DLL+0x17374]
C  [ntdll.dll+0x4cc91]


---------------  P R O C E S S  ---------------

Threads class SMR info:
_java_thread_list=0x00000222f29dc2b0, length=31, elements={
0x00000222aad8d770, 0x00000222aad8ebd0, 0x00000222aad92070, 0x00000222aad926e0,
0x00000222aad93570, 0x00000222aad93ff0, 0x00000222aada1eb0, 0x00000222aada8580,
0x00000222f00690d0, 0x00000222f0265d50, 0x00000222f0266bd0, 0x00000222f1a8cba0,
0x00000222f1a89db0, 0x00000222f1a8aad0, 0x00000222f1a8a440, 0x00000222f1a8b160,
0x00000222f36987a0, 0x00000222f369af00, 0x00000222f36994c0, 0x00000222f369d660,
0x00000222f369b590, 0x00000222f369cfd0, 0x00000222f369dcf0, 0x00000222f369c940,
0x00000222f369bc20, 0x00000222f369e380, 0x00000222f369c2b0, 0x00000222f369ea10,
0x00000222f3697a80, 0x00000222f3698110, 0x00000222f3698e30
}

Java Threads: ( => current thread )
  0x00000222aad8d770 JavaThread "Reference Handler"          daemon [_thread_blocked, id=9164, stack(0x000000b42d900000,0x000000b42da00000) (1024K)]
  0x00000222aad8ebd0 JavaThread "Finalizer"                  daemon [_thread_blocked, id=9248, stack(0x000000b42da00000,0x000000b42db00000) (1024K)]
  0x00000222aad92070 JavaThread "Signal Dispatcher"          daemon [_thread_blocked, id=2388, stack(0x000000b42db00000,0x000000b42dc00000) (1024K)]
  0x00000222aad926e0 JavaThread "Attach Listener"            daemon [_thread_blocked, id=2392, stack(0x000000b42dc00000,0x000000b42dd00000) (1024K)]
  0x00000222aad93570 JavaThread "Service Thread"             daemon [_thread_blocked, id=9080, stack(0x000000b42dd00000,0x000000b42de00000) (1024K)]
  0x00000222aad93ff0 JavaThread "Monitor Deflation Thread"   daemon [_thread_blocked, id=3756, stack(0x000000b42de00000,0x000000b42df00000) (1024K)]
=>0x00000222aada1eb0 JavaThread "C2 CompilerThread0"         daemon [_thread_in_native, id=9468, stack(0x000000b42df00000,0x000000b42e000000) (1024K)]
  0x00000222aada8580 JavaThread "C1 CompilerThread0"         daemon [_thread_blocked, id=6664, stack(0x000000b42e000000,0x000000b42e100000) (1024K)]
  0x00000222f00690d0 JavaThread "Common-Cleaner"             daemon [_thread_blocked, id=10712, stack(0x000000b42e100000,0x000000b42e200000) (1024K)]
  0x00000222f0265d50 JavaThread "Monitor Ctrl-Break"         daemon [_thread_in_native, id=6400, stack(0x000000b42e300000,0x000000b42e400000) (1024K)]
  0x00000222f0266bd0 JavaThread "Notification Thread"        daemon [_thread_blocked, id=8616, stack(0x000000b42e400000,0x000000b42e500000) (1024K)]
  0x00000222f1a8cba0 JavaThread "Catalina-utility-1"                [_thread_blocked, id=2320, stack(0x000000b42e900000,0x000000b42ea00000) (1024K)]
  0x00000222f1a89db0 JavaThread "Catalina-utility-2"                [_thread_blocked, id=8680, stack(0x000000b42ea00000,0x000000b42eb00000) (1024K)]
  0x00000222f1a8aad0 JavaThread "container-0"                       [_thread_blocked, id=1544, stack(0x000000b42eb00000,0x000000b42ec00000) (1024K)]
  0x00000222f1a8a440 JavaThread "mysql-cj-abandoned-connection-cleanup" daemon [_thread_blocked, id=7492, stack(0x000000b42ec00000,0x000000b42ed00000) (1024K)]
  0x00000222f1a8b160 JavaThread "HikariPool-1 housekeeper"   daemon [_thread_blocked, id=10164, stack(0x000000b42ee00000,0x000000b42ef00000) (1024K)]
  0x00000222f36987a0 JavaThread "File Watcher"               daemon [_thread_blocked, id=3536, stack(0x000000b42f000000,0x000000b42f100000) (1024K)]
  0x00000222f369af00 JavaThread "Live Reload Server"         daemon [_thread_in_native, id=9104, stack(0x000000b42f200000,0x000000b42f300000) (1024K)]
  0x00000222f36994c0 JavaThread "http-nio-8080-exec-1"       daemon [_thread_in_native, id=2000, stack(0x000000b42f100000,0x000000b42f200000) (1024K)]
  0x00000222f369d660 JavaThread "http-nio-8080-exec-2"       daemon [_thread_blocked, id=9344, stack(0x000000b42f300000,0x000000b42f400000) (1024K)]
  0x00000222f369b590 JavaThread "http-nio-8080-exec-3"       daemon [_thread_blocked, id=9944, stack(0x000000b42f400000,0x000000b42f500000) (1024K)]
  0x00000222f369cfd0 JavaThread "http-nio-8080-exec-4"       daemon [_thread_blocked, id=1808, stack(0x000000b42f500000,0x000000b42f600000) (1024K)]
  0x00000222f369dcf0 JavaThread "http-nio-8080-exec-5"       daemon [_thread_blocked, id=5064, stack(0x000000b42f600000,0x000000b42f700000) (1024K)]
  0x00000222f369c940 JavaThread "http-nio-8080-exec-6"       daemon [_thread_blocked, id=8140, stack(0x000000b42f700000,0x000000b42f800000) (1024K)]
  0x00000222f369bc20 JavaThread "http-nio-8080-exec-7"       daemon [_thread_blocked, id=11324, stack(0x000000b42f800000,0x000000b42f900000) (1024K)]
  0x00000222f369e380 JavaThread "http-nio-8080-exec-8"       daemon [_thread_blocked, id=804, stack(0x000000b42f900000,0x000000b42fa00000) (1024K)]
  0x00000222f369c2b0 JavaThread "http-nio-8080-exec-9"       daemon [_thread_blocked, id=5356, stack(0x000000b42fa00000,0x000000b42fb00000) (1024K)]
  0x00000222f369ea10 JavaThread "http-nio-8080-exec-10"      daemon [_thread_blocked, id=10376, stack(0x000000b42fb00000,0x000000b42fc00000) (1024K)]
  0x00000222f3697a80 JavaThread "http-nio-8080-Poller"       daemon [_thread_in_native, id=10128, stack(0x000000b42fc00000,0x000000b42fd00000) (1024K)]
  0x00000222f3698110 JavaThread "http-nio-8080-Acceptor"     daemon [_thread_in_native, id=9948, stack(0x000000b42fd00000,0x000000b42fe00000) (1024K)]
  0x00000222f3698e30 JavaThread "DestroyJavaVM"                     [_thread_blocked, id=10176, stack(0x000000b42d100000,0x000000b42d200000) (1024K)]
Total: 31

Other Threads:
  0x000002228e306f60 VMThread "VM Thread"                           [id=5100, stack(0x000000b42d800000,0x000000b42d900000) (1024K)]
  0x00000222aad6aa00 WatcherThread "VM Periodic Task Thread"        [id=11080, stack(0x000000b42d700000,0x000000b42d800000) (1024K)]
  0x000002228e27e3d0 WorkerThread "GC Thread#0"                     [id=1032, stack(0x000000b42d200000,0x000000b42d300000) (1024K)]
  0x00000222f09f5f90 WorkerThread "GC Thread#1"                     [id=2396, stack(0x000000b42e500000,0x000000b42e600000) (1024K)]
  0x00000222f0e49c20 WorkerThread "GC Thread#2"                     [id=7852, stack(0x000000b42e600000,0x000000b42e700000) (1024K)]
  0x00000222f0a2b580 WorkerThread "GC Thread#3"                     [id=8440, stack(0x000000b42e700000,0x000000b42e800000) (1024K)]
  0x000002228e287f00 ConcurrentGCThread "G1 Main Marker"            [id=4840, stack(0x000000b42d300000,0x000000b42d400000) (1024K)]
  0x000002228e288910 WorkerThread "G1 Conc#0"                       [id=11360, stack(0x000000b42d400000,0x000000b42d500000) (1024K)]
  0x000002228e2e2230 ConcurrentGCThread "G1 Refine#0"               [id=1188, stack(0x000000b42d500000,0x000000b42d600000) (1024K)]
  0x000002228e2e2cb0 ConcurrentGCThread "G1 Service"                [id=9456, stack(0x000000b42d600000,0x000000b42d700000) (1024K)]
Total: 10

Threads with active compile tasks:
C2 CompilerThread0    22491 6466   !   4       java.lang.invoke.MemberName$Factory::resolve (159 bytes)
Total: 1

VM state: not at safepoint (normal execution)

VM Mutex/Monitor currently owned by a thread: None

Heap address: 0x00000000c2c00000, size: 980 MB, Compressed Oops mode: 32-bit

CDS archive(s) mapped at: [0x00000222ab000000-0x00000222abc90000-0x00000222abc90000), size 13172736, SharedBaseAddress: 0x00000222ab000000, ArchiveRelocationMode: 1.
Compressed class space mapped at: 0x00000222ac000000-0x00000222ec000000, reserved size: 1073741824
Narrow klass base: 0x00000222ab000000, Narrow klass shift: 0, Narrow klass range: 0x100000000

GC Precious Log:
 CardTable entry size: 512
 Card Set container configuration: InlinePtr #cards 5 size 8 Array Of Cards #cards 12 size 40 Howl #buckets 4 coarsen threshold 1843 Howl Bitmap #cards 512 size 80 coarsen threshold 460 Card regions per heap region 1 cards per card region 2048
 CPUs: 4 total, 4 available
 Memory: 3917M
 Large Page Support: Disabled
 NUMA Support: Disabled
 Compressed Oops: Enabled (32-bit)
 Heap Region Size: 1M
 Heap Min Capacity: 8M
 Heap Initial Capacity: 62M
 Heap Max Capacity: 980M
 Pre-touch: Disabled
 Parallel Workers: 4
 Concurrent Workers: 1
 Concurrent Refinement Workers: 4
 Periodic GC: Disabled

Heap:
 garbage-first heap   total 56320K, used 41645K [0x00000000c2c00000, 0x0000000100000000)
  region size 1024K, 12 young (12288K), 2 survivors (2048K)
 Metaspace       used 70701K, committed 71424K, reserved 1114112K
  class space    used 9423K, committed 9728K, reserved 1048576K

Heap Regions: E=young(eden), S=young(survivor), O=old, HS=humongous(starts), HC=humongous(continues), CS=collection set, F=free, TAMS=top-at-mark-start, PB=parsable bottom
|   0|0x00000000c2c00000, 0x00000000c2d00000, 0x00000000c2d00000|100%|HS|  |TAMS 0x00000000c2c00000| PB 0x00000000c2c00000| Complete 
|   1|0x00000000c2d00000, 0x00000000c2e00000, 0x00000000c2e00000|100%| O|  |TAMS 0x00000000c2d00000| PB 0x00000000c2d00000| Untracked 
|   2|0x00000000c2e00000, 0x00000000c2f00000, 0x00000000c2f00000|100%| O|  |TAMS 0x00000000c2e00000| PB 0x00000000c2e00000| Untracked 
|   3|0x00000000c2f00000, 0x00000000c3000000, 0x00000000c3000000|100%| O|  |TAMS 0x00000000c2f00000| PB 0x00000000c2f00000| Untracked 
|   4|0x00000000c3000000, 0x00000000c3100000, 0x00000000c3100000|100%| O|  |TAMS 0x00000000c3000000| PB 0x00000000c3000000| Untracked 
|   5|0x00000000c3100000, 0x00000000c3200000, 0x00000000c3200000|100%| O|  |TAMS 0x00000000c3100000| PB 0x00000000c3100000| Untracked 
|   6|0x00000000c3200000, 0x00000000c3300000, 0x00000000c3300000|100%| O|  |TAMS 0x00000000c3200000| PB 0x00000000c3200000| Untracked 
|   7|0x00000000c3300000, 0x00000000c33de940, 0x00000000c3400000| 86%| O|  |TAMS 0x00000000c3300000| PB 0x00000000c3300000| Untracked 
|   8|0x00000000c3400000, 0x00000000c3500000, 0x00000000c3500000|100%| O|  |TAMS 0x00000000c3400000| PB 0x00000000c3400000| Untracked 
|   9|0x00000000c3500000, 0x00000000c3600000, 0x00000000c3600000|100%| O|  |TAMS 0x00000000c3500000| PB 0x00000000c3500000| Untracked 
|  10|0x00000000c3600000, 0x00000000c3700000, 0x00000000c3700000|100%| O|  |TAMS 0x00000000c3600000| PB 0x00000000c3600000| Untracked 
|  11|0x00000000c3700000, 0x00000000c3800000, 0x00000000c3800000|100%| O|  |TAMS 0x00000000c3700000| PB 0x00000000c3700000| Untracked 
|  12|0x00000000c3800000, 0x00000000c3900000, 0x00000000c3900000|100%| O|  |TAMS 0x00000000c3800000| PB 0x00000000c3800000| Untracked 
|  13|0x00000000c3900000, 0x00000000c3a00000, 0x00000000c3a00000|100%| O|  |TAMS 0x00000000c3900000| PB 0x00000000c3900000| Untracked 
|  14|0x00000000c3a00000, 0x00000000c3b00000, 0x00000000c3b00000|100%| O|  |TAMS 0x00000000c3a00000| PB 0x00000000c3a00000| Untracked 
|  15|0x00000000c3b00000, 0x00000000c3c00000, 0x00000000c3c00000|100%| O|Cm|TAMS 0x00000000c3b00000| PB 0x00000000c3b00000| Complete 
|  16|0x00000000c3c00000, 0x00000000c3d00000, 0x00000000c3d00000|100%| O|  |TAMS 0x00000000c3c00000| PB 0x00000000c3c00000| Untracked 
|  17|0x00000000c3d00000, 0x00000000c3e00000, 0x00000000c3e00000|100%| O|  |TAMS 0x00000000c3d00000| PB 0x00000000c3d00000| Untracked 
|  18|0x00000000c3e00000, 0x00000000c3f00000, 0x00000000c3f00000|100%| O|  |TAMS 0x00000000c3e00000| PB 0x00000000c3e00000| Untracked 
|  19|0x00000000c3f00000, 0x00000000c4000000, 0x00000000c4000000|100%| O|  |TAMS 0x00000000c3f00000| PB 0x00000000c3f00000| Untracked 
|  20|0x00000000c4000000, 0x00000000c4100000, 0x00000000c4100000|100%| O|  |TAMS 0x00000000c4000000| PB 0x00000000c4000000| Untracked 
|  21|0x00000000c4100000, 0x00000000c4200000, 0x00000000c4200000|100%| O|  |TAMS 0x00000000c4100000| PB 0x00000000c4100000| Untracked 
|  22|0x00000000c4200000, 0x00000000c4300000, 0x00000000c4300000|100%| O|  |TAMS 0x00000000c4200000| PB 0x00000000c4200000| Untracked 
|  23|0x00000000c4300000, 0x00000000c4400000, 0x00000000c4400000|100%| O|  |TAMS 0x00000000c4300000| PB 0x00000000c4300000| Untracked 
|  24|0x00000000c4400000, 0x00000000c4500000, 0x00000000c4500000|100%| O|  |TAMS 0x00000000c4400000| PB 0x00000000c4400000| Untracked 
|  25|0x00000000c4500000, 0x00000000c4600000, 0x00000000c4600000|100%| O|  |TAMS 0x00000000c4500000| PB 0x00000000c4500000| Untracked 
|  26|0x00000000c4600000, 0x00000000c4700000, 0x00000000c4700000|100%| O|  |TAMS 0x00000000c4600000| PB 0x00000000c4600000| Untracked 
|  27|0x00000000c4700000, 0x00000000c4800000, 0x00000000c4800000|100%| O|  |TAMS 0x00000000c4700000| PB 0x00000000c4700000| Untracked 
|  28|0x00000000c4800000, 0x00000000c4900000, 0x00000000c4900000|100%| O|  |TAMS 0x00000000c4800000| PB 0x00000000c4800000| Untracked 
|  29|0x00000000c4900000, 0x00000000c4900000, 0x00000000c4a00000|  0%| F|  |TAMS 0x00000000c4900000| PB 0x00000000c4900000| Untracked 
|  30|0x00000000c4a00000, 0x00000000c4a00000, 0x00000000c4b00000|  0%| F|  |TAMS 0x00000000c4a00000| PB 0x00000000c4a00000| Untracked 
|  31|0x00000000c4b00000, 0x00000000c4b00000, 0x00000000c4c00000|  0%| F|  |TAMS 0x00000000c4b00000| PB 0x00000000c4b00000| Untracked 
|  32|0x00000000c4c00000, 0x00000000c4ce2c80, 0x00000000c4d00000| 88%| O|  |TAMS 0x00000000c4c00000| PB 0x00000000c4c00000| Untracked 
|  33|0x00000000c4d00000, 0x00000000c4d00000, 0x00000000c4e00000|  0%| F|  |TAMS 0x00000000c4d00000| PB 0x00000000c4d00000| Untracked 
|  34|0x00000000c4e00000, 0x00000000c4eea1a8, 0x00000000c4f00000| 91%| S|CS|TAMS 0x00000000c4e00000| PB 0x00000000c4e00000| Complete 
|  35|0x00000000c4f00000, 0x00000000c5000000, 0x00000000c5000000|100%| S|CS|TAMS 0x00000000c4f00000| PB 0x00000000c4f00000| Complete 
|  36|0x00000000c5000000, 0x00000000c5000000, 0x00000000c5100000|  0%| F|  |TAMS 0x00000000c5000000| PB 0x00000000c5000000| Untracked 
|  37|0x00000000c5100000, 0x00000000c5100000, 0x00000000c5200000|  0%| F|  |TAMS 0x00000000c5100000| PB 0x00000000c5100000| Untracked 
|  38|0x00000000c5200000, 0x00000000c5200000, 0x00000000c5300000|  0%| F|  |TAMS 0x00000000c5200000| PB 0x00000000c5200000| Untracked 
|  39|0x00000000c5300000, 0x00000000c5300000, 0x00000000c5400000|  0%| F|  |TAMS 0x00000000c5300000| PB 0x00000000c5300000| Untracked 
|  40|0x00000000c5400000, 0x00000000c5400000, 0x00000000c5500000|  0%| F|  |TAMS 0x00000000c5400000| PB 0x00000000c5400000| Untracked 
|  41|0x00000000c5500000, 0x00000000c5500000, 0x00000000c5600000|  0%| F|  |TAMS 0x00000000c5500000| PB 0x00000000c5500000| Untracked 
|  42|0x00000000c5600000, 0x00000000c5600000, 0x00000000c5700000|  0%| F|  |TAMS 0x00000000c5600000| PB 0x00000000c5600000| Untracked 
|  43|0x00000000c5700000, 0x00000000c5700000, 0x00000000c5800000|  0%| F|  |TAMS 0x00000000c5700000| PB 0x00000000c5700000| Untracked 
|  44|0x00000000c5800000, 0x00000000c5800000, 0x00000000c5900000|  0%| F|  |TAMS 0x00000000c5800000| PB 0x00000000c5800000| Untracked 
|  45|0x00000000c5900000, 0x00000000c59f0b80, 0x00000000c5a00000| 94%| E|  |TAMS 0x00000000c5900000| PB 0x00000000c5900000| Complete 
|  46|0x00000000c5a00000, 0x00000000c5b00000, 0x00000000c5b00000|100%| E|CS|TAMS 0x00000000c5a00000| PB 0x00000000c5a00000| Complete 
|  47|0x00000000c5b00000, 0x00000000c5c00000, 0x00000000c5c00000|100%| E|CS|TAMS 0x00000000c5b00000| PB 0x00000000c5b00000| Complete 
|  48|0x00000000c5c00000, 0x00000000c5d00000, 0x00000000c5d00000|100%| E|CS|TAMS 0x00000000c5c00000| PB 0x00000000c5c00000| Complete 
|  49|0x00000000c5d00000, 0x00000000c5e00000, 0x00000000c5e00000|100%| E|CS|TAMS 0x00000000c5d00000| PB 0x00000000c5d00000| Complete 
|  50|0x00000000c5e00000, 0x00000000c5f00000, 0x00000000c5f00000|100%| E|CS|TAMS 0x00000000c5e00000| PB 0x00000000c5e00000| Complete 
|  51|0x00000000c5f00000, 0x00000000c6000000, 0x00000000c6000000|100%| E|CS|TAMS 0x00000000c5f00000| PB 0x00000000c5f00000| Complete 
|  52|0x00000000c6000000, 0x00000000c6100000, 0x00000000c6100000|100%| E|CS|TAMS 0x00000000c6000000| PB 0x00000000c6000000| Complete 
|  53|0x00000000c6100000, 0x00000000c6200000, 0x00000000c6200000|100%| E|CS|TAMS 0x00000000c6100000| PB 0x00000000c6100000| Complete 
|  54|0x00000000c6200000, 0x00000000c6300000, 0x00000000c6300000|100%| E|CS|TAMS 0x00000000c6200000| PB 0x00000000c6200000| Complete 

Card table byte_map: [0x00000222a76c0000,0x00000222a78b0000] _byte_map_base: 0x00000222a70aa000

Marking Bits: (CMBitMap*) 0x000002228e27f9f0
 Bits: [0x00000222a78b0000, 0x00000222a8800000)

Polling page: 0x000002228e0f0000

Metaspace:

Usage:
  Non-class:     59.87 MB used.
      Class:      9.21 MB used.
       Both:     69.07 MB used.

Virtual space:
  Non-class space:       64.00 MB reserved,      60.25 MB ( 94%) committed,  1 nodes.
      Class space:        1.00 GB reserved,       9.50 MB ( <1%) committed,  1 nodes.
             Both:        1.06 GB reserved,      69.75 MB (  6%) committed. 

Chunk freelists:
   Non-Class:  3.27 MB
       Class:  6.31 MB
        Both:  9.58 MB

MaxMetaspaceSize: unlimited
CompressedClassSpaceSize: 1.00 GB
Initial GC threshold: 21.00 MB
Current GC threshold: 114.19 MB
CDS: on
 - commit_granule_bytes: 65536.
 - commit_granule_words: 8192.
 - virtual_space_node_default_size: 8388608.
 - enlarge_chunks_in_place: 1.
 - use_allocation_guard: 0.


Internal statistics:

num_allocs_failed_limit: 8.
num_arena_births: 1040.
num_arena_deaths: 0.
num_vsnodes_births: 2.
num_vsnodes_deaths: 0.
num_space_committed: 1116.
num_space_uncommitted: 0.
num_chunks_returned_to_freelist: 8.
num_chunks_taken_from_freelist: 3513.
num_chunk_merges: 8.
num_chunk_splits: 2514.
num_chunks_enlarged: 1927.
num_inconsistent_stats: 0.

CodeHeap 'non-profiled nmethods': size=120000Kb used=2882Kb max_used=2882Kb free=117117Kb
 bounds [0x000002229f980000, 0x000002229fc60000, 0x00000222a6eb0000]
CodeHeap 'profiled nmethods': size=120000Kb used=10416Kb max_used=10568Kb free=109583Kb
 bounds [0x0000022297eb0000, 0x0000022298910000, 0x000002229f3e0000]
CodeHeap 'non-nmethods': size=5760Kb used=2135Kb max_used=2162Kb free=3624Kb
 bounds [0x000002229f3e0000, 0x000002229f650000, 0x000002229f980000]
 total_blobs=6437 nmethods=5601 adapters=739
 compilation: enabled
              stopped_count=0, restarted_count=0
 full_count=0

Compilation events (20 events):
Event: 18.975 Thread 0x00000222aada8580 nmethod 6456 0x0000022297fde010 code [0x0000022297fde260, 0x0000022297fdea88]
Event: 19.389 Thread 0x00000222aada8580 6457       3       org.springframework.boot.devtools.filewatch.FileSnapshot::equals (110 bytes)
Event: 19.390 Thread 0x00000222aada8580 nmethod 6457 0x0000022297fc5290 code [0x0000022297fc54c0, 0x0000022297fc5f98]
Event: 20.012 Thread 0x00000222aada8580 6458       3       java.io.File::length (33 bytes)
Event: 20.013 Thread 0x00000222aada8580 nmethod 6458 0x0000022297ffd690 code [0x0000022297ffd860, 0x0000022297ffdb38]
Event: 20.013 Thread 0x00000222aada8580 6459   !   3       java.io.WinNTFileSystem::getLength (27 bytes)
Event: 20.013 Thread 0x00000222aada8580 nmethod 6459 0x00000222985c5590 code [0x00000222985c5760, 0x00000222985c5980]
Event: 21.032 Thread 0x00000222aada8580 6460       3       org.springframework.boot.devtools.filewatch.FileSnapshot::<init> (64 bytes)
Event: 21.034 Thread 0x00000222aada8580 nmethod 6460 0x0000022298010c90 code [0x0000022298010fe0, 0x00000222980122d8]
Event: 21.034 Thread 0x00000222aada8580 6461       3       java.io.File::lastModified (33 bytes)
Event: 21.035 Thread 0x00000222aada8580 nmethod 6461 0x000002229812db90 code [0x000002229812dd60, 0x000002229812e038]
Event: 21.035 Thread 0x00000222aada8580 6462   !   3       java.io.WinNTFileSystem::getLastModifiedTime (27 bytes)
Event: 21.035 Thread 0x00000222aada8580 nmethod 6462 0x00000222984f1e90 code [0x00000222984f2060, 0x00000222984f2280]
Event: 22.092 Thread 0x00000222aada1eb0 6463       4       java.io.WinNTFileSystem::resolve (326 bytes)
Event: 22.118 Thread 0x00000222aada1eb0 nmethod 6463 0x000002229fc4c890 code [0x000002229fc4cb20, 0x000002229fc4ded0]
Event: 22.375 Thread 0x00000222aada1eb0 6464   !   4       java.lang.ClassLoader::addClass (27 bytes)
Event: 22.383 Thread 0x00000222aada8580 6465       3       jdk.internal.misc.Unsafe::weakCompareAndSetLong (11 bytes)
Event: 22.383 Thread 0x00000222aada8580 nmethod 6465 0x0000022298144b90 code [0x0000022298144d20, 0x0000022298144e48]
Event: 22.392 Thread 0x00000222aada1eb0 nmethod 6464 0x000002229fc4eb10 code [0x000002229fc4ece0, 0x000002229fc4f760]
Event: 22.392 Thread 0x00000222aada1eb0 6466   !   4       java.lang.invoke.MemberName$Factory::resolve (159 bytes)

GC Heap History (20 events):
Event: 8.381 GC heap before
{Heap before GC invocations=9 (full 0):
 garbage-first heap   total 45056K, used 34913K [0x00000000c2c00000, 0x0000000100000000)
  region size 1024K, 18 young (18432K), 2 survivors (2048K)
 Metaspace       used 35460K, committed 35968K, reserved 1114112K
  class space    used 4491K, committed 4736K, reserved 1048576K
}
Event: 8.386 GC heap after
{Heap after GC invocations=10 (full 0):
 garbage-first heap   total 45056K, used 21907K [0x00000000c2c00000, 0x0000000100000000)
  region size 1024K, 2 young (2048K), 2 survivors (2048K)
 Metaspace       used 35460K, committed 35968K, reserved 1114112K
  class space    used 4491K, committed 4736K, reserved 1048576K
}
Event: 9.234 GC heap before
{Heap before GC invocations=11 (full 0):
 garbage-first heap   total 45056K, used 36243K [0x00000000c2c00000, 0x0000000100000000)
  region size 1024K, 17 young (17408K), 2 survivors (2048K)
 Metaspace       used 39937K, committed 40512K, reserved 1114112K
  class space    used 5171K, committed 5440K, reserved 1048576K
}
Event: 9.239 GC heap after
{Heap after GC invocations=12 (full 0):
 garbage-first heap   total 45056K, used 22575K [0x00000000c2c00000, 0x0000000100000000)
  region size 1024K, 2 young (2048K), 2 survivors (2048K)
 Metaspace       used 39937K, committed 40512K, reserved 1114112K
  class space    used 5171K, committed 5440K, reserved 1048576K
}
Event: 10.304 GC heap before
{Heap before GC invocations=12 (full 0):
 garbage-first heap   total 45056K, used 37935K [0x00000000c2c00000, 0x0000000100000000)
  region size 1024K, 18 young (18432K), 2 survivors (2048K)
 Metaspace       used 47436K, committed 48064K, reserved 1114112K
  class space    used 6126K, committed 6400K, reserved 1048576K
}
Event: 10.311 GC heap after
{Heap after GC invocations=13 (full 0):
 garbage-first heap   total 45056K, used 24398K [0x00000000c2c00000, 0x0000000100000000)
  region size 1024K, 3 young (3072K), 3 survivors (3072K)
 Metaspace       used 47436K, committed 48064K, reserved 1114112K
  class space    used 6126K, committed 6400K, reserved 1048576K
}
Event: 11.153 GC heap before
{Heap before GC invocations=13 (full 0):
 garbage-first heap   total 45056K, used 37710K [0x00000000c2c00000, 0x0000000100000000)
  region size 1024K, 17 young (17408K), 3 survivors (3072K)
 Metaspace       used 51829K, committed 52352K, reserved 1114112K
  class space    used 6711K, committed 6976K, reserved 1048576K
}
Event: 11.160 GC heap after
{Heap after GC invocations=14 (full 0):
 garbage-first heap   total 45056K, used 25788K [0x00000000c2c00000, 0x0000000100000000)
  region size 1024K, 2 young (2048K), 2 survivors (2048K)
 Metaspace       used 51829K, committed 52352K, reserved 1114112K
  class space    used 6711K, committed 6976K, reserved 1048576K
}
Event: 11.702 GC heap before
{Heap before GC invocations=15 (full 0):
 garbage-first heap   total 46080K, used 39100K [0x00000000c2c00000, 0x0000000100000000)
  region size 1024K, 15 young (15360K), 2 survivors (2048K)
 Metaspace       used 54514K, committed 55104K, reserved 1114112K
  class space    used 7029K, committed 7296K, reserved 1048576K
}
Event: 11.706 GC heap after
{Heap after GC invocations=16 (full 0):
 garbage-first heap   total 46080K, used 26401K [0x00000000c2c00000, 0x0000000100000000)
  region size 1024K, 2 young (2048K), 2 survivors (2048K)
 Metaspace       used 54514K, committed 55104K, reserved 1114112K
  class space    used 7029K, committed 7296K, reserved 1048576K
}
Event: 12.395 GC heap before
{Heap before GC invocations=16 (full 0):
 garbage-first heap   total 46080K, used 39713K [0x00000000c2c00000, 0x0000000100000000)
  region size 1024K, 16 young (16384K), 2 survivors (2048K)
 Metaspace       used 59691K, committed 60288K, reserved 1114112K
  class space    used 7900K, committed 8128K, reserved 1048576K
}
Event: 12.401 GC heap after
{Heap after GC invocations=17 (full 0):
 garbage-first heap   total 46080K, used 26756K [0x00000000c2c00000, 0x0000000100000000)
  region size 1024K, 2 young (2048K), 2 survivors (2048K)
 Metaspace       used 59691K, committed 60288K, reserved 1114112K
  class space    used 7900K, committed 8128K, reserved 1048576K
}
Event: 13.023 GC heap before
{Heap before GC invocations=17 (full 0):
 garbage-first heap   total 46080K, used 39044K [0x00000000c2c00000, 0x0000000100000000)
  region size 1024K, 15 young (15360K), 2 survivors (2048K)
 Metaspace       used 62895K, committed 63488K, reserved 1114112K
  class space    used 8388K, committed 8640K, reserved 1048576K
}
Event: 13.027 GC heap after
{Heap after GC invocations=18 (full 0):
 garbage-first heap   total 46080K, used 27671K [0x00000000c2c00000, 0x0000000100000000)
  region size 1024K, 2 young (2048K), 2 survivors (2048K)
 Metaspace       used 62895K, committed 63488K, reserved 1114112K
  class space    used 8388K, committed 8640K, reserved 1048576K
}
Event: 13.702 GC heap before
{Heap before GC invocations=19 (full 0):
 garbage-first heap   total 51200K, used 38935K [0x00000000c2c00000, 0x0000000100000000)
  region size 1024K, 14 young (14336K), 2 survivors (2048K)
 Metaspace       used 65370K, committed 65984K, reserved 1114112K
  class space    used 8679K, committed 8960K, reserved 1048576K
}
Event: 13.708 GC heap after
{Heap after GC invocations=20 (full 0):
 garbage-first heap   total 51200K, used 28687K [0x00000000c2c00000, 0x0000000100000000)
  region size 1024K, 2 young (2048K), 2 survivors (2048K)
 Metaspace       used 65370K, committed 65984K, reserved 1114112K
  class space    used 8679K, committed 8960K, reserved 1048576K
}
Event: 14.361 GC heap before
{Heap before GC invocations=20 (full 0):
 garbage-first heap   total 51200K, used 45071K [0x00000000c2c00000, 0x0000000100000000)
  region size 1024K, 18 young (18432K), 2 survivors (2048K)
 Metaspace       used 67298K, committed 67968K, reserved 1114112K
  class space    used 8959K, committed 9280K, reserved 1048576K
}
Event: 14.369 GC heap after
{Heap after GC invocations=21 (full 0):
 garbage-first heap   total 51200K, used 30321K [0x00000000c2c00000, 0x0000000100000000)
  region size 1024K, 3 young (3072K), 3 survivors (3072K)
 Metaspace       used 67298K, committed 67968K, reserved 1114112K
  class space    used 8959K, committed 9280K, reserved 1048576K
}
Event: 14.928 GC heap before
{Heap before GC invocations=21 (full 0):
 garbage-first heap   total 51200K, used 44657K [0x00000000c2c00000, 0x0000000100000000)
  region size 1024K, 17 young (17408K), 3 survivors (3072K)
 Metaspace       used 69255K, committed 70016K, reserved 1114112K
  class space    used 9228K, committed 9600K, reserved 1048576K
}
Event: 14.936 GC heap after
{Heap after GC invocations=22 (full 0):
 garbage-first heap   total 51200K, used 32429K [0x00000000c2c00000, 0x0000000100000000)
  region size 1024K, 2 young (2048K), 2 survivors (2048K)
 Metaspace       used 69255K, committed 70016K, reserved 1114112K
  class space    used 9228K, committed 9600K, reserved 1048576K
}

Dll operation events (14 events):
Event: 0.022 Loaded shared library C:\Program Files\Java\jdk-21\bin\java.dll
Event: 0.085 Loaded shared library C:\Program Files\Java\jdk-21\bin\jsvml.dll
Event: 0.274 Loaded shared library C:\Program Files\Java\jdk-21\bin\zip.dll
Event: 0.281 Loaded shared library C:\Program Files\Java\jdk-21\bin\instrument.dll
Event: 0.293 Loaded shared library C:\Program Files\Java\jdk-21\bin\net.dll
Event: 0.296 Loaded shared library C:\Program Files\Java\jdk-21\bin\nio.dll
Event: 0.302 Loaded shared library C:\Program Files\Java\jdk-21\bin\zip.dll
Event: 0.480 Loaded shared library C:\Users\MINEDUCYT\Music\bin\breakgen64.dll
Event: 0.498 Loaded shared library C:\Program Files\Java\jdk-21\bin\extnet.dll
Event: 0.576 Loaded shared library C:\Program Files\Java\jdk-21\bin\jimage.dll
Event: 1.257 Loaded shared library C:\Program Files\Java\jdk-21\bin\management.dll
Event: 1.261 Loaded shared library C:\Program Files\Java\jdk-21\bin\management_ext.dll
Event: 4.055 Loaded shared library C:\Program Files\Java\jdk-21\bin\sunmscapi.dll
Event: 9.029 Loaded shared library C:\Program Files\Java\jdk-21\bin\verify.dll

Deoptimization events (20 events):
Event: 14.977 Thread 0x00000222f07f03e0 DEOPT PACKING pc=0x000002229fa0f454 sp=0x000000b42e8fbe80
Event: 14.977 Thread 0x00000222f07f03e0 DEOPT UNPACKING pc=0x000002229f43469c sp=0x000000b42e8fbdf8 mode 2
Event: 14.977 Thread 0x00000222f07f03e0 Uncommon trap: trap_request=0xffffffde fr.pc=0x000002229fa0f454 relative=0x0000000000000174
Event: 14.977 Thread 0x00000222f07f03e0 Uncommon trap: reason=class_check action=maybe_recompile pc=0x000002229fa0f454 method=org.springframework.boot.context.properties.source.ConfigurationPropertyName$Elements.charAt(II)C @ 43 c2
Event: 14.977 Thread 0x00000222f07f03e0 DEOPT PACKING pc=0x000002229fa0f454 sp=0x000000b42e8fbe80
Event: 14.978 Thread 0x00000222f07f03e0 DEOPT UNPACKING pc=0x000002229f43469c sp=0x000000b42e8fbdf8 mode 2
Event: 15.010 Thread 0x00000222f07f03e0 Uncommon trap: trap_request=0xfffffff4 fr.pc=0x000002229fb14fd0 relative=0x0000000000000290
Event: 15.010 Thread 0x00000222f07f03e0 Uncommon trap: reason=null_check action=make_not_entrant pc=0x000002229fb14fd0 method=org.springframework.util.ClassUtils.isAssignable(Ljava/lang/Class;Ljava/lang/Class;)Z @ 14 c2
Event: 15.010 Thread 0x00000222f07f03e0 DEOPT PACKING pc=0x000002229fb14fd0 sp=0x000000b42e8fe1e0
Event: 15.010 Thread 0x00000222f07f03e0 DEOPT UNPACKING pc=0x000002229f43469c sp=0x000000b42e8fe170 mode 2
Event: 15.253 Thread 0x00000222f07f03e0 Uncommon trap: trap_request=0xffffff45 fr.pc=0x000002229fa00d8c relative=0x000000000000006c
Event: 15.253 Thread 0x00000222f07f03e0 Uncommon trap: reason=unstable_if action=reinterpret pc=0x000002229fa00d8c method=org.springframework.util.ConcurrentReferenceHashMap$Segment.clear()V @ 7 c2
Event: 15.253 Thread 0x00000222f07f03e0 DEOPT PACKING pc=0x000002229fa00d8c sp=0x000000b42e8feb70
Event: 15.253 Thread 0x00000222f07f03e0 DEOPT UNPACKING pc=0x000002229f43469c sp=0x000000b42e8feb00 mode 2
Event: 15.257 Thread 0x00000222f07f03e0 Uncommon trap: trap_request=0xffffff45 fr.pc=0x000002229fa1d9b8 relative=0x00000000000000f8
Event: 15.257 Thread 0x00000222f07f03e0 Uncommon trap: reason=unstable_if action=reinterpret pc=0x000002229fa1d9b8 method=java.lang.ref.ReferenceQueue.poll()Ljava/lang/ref/Reference; @ 4 c2
Event: 15.257 Thread 0x00000222f07f03e0 DEOPT PACKING pc=0x000002229fa1d9b8 sp=0x000000b42e8fe890
Event: 15.257 Thread 0x00000222f07f03e0 DEOPT UNPACKING pc=0x000002229f43469c sp=0x000000b42e8fe758 mode 2
Event: 15.320 Thread 0x00000222f07f03e0 DEOPT PACKING pc=0x00000222980c46ee sp=0x000000b42e8fe660
Event: 15.320 Thread 0x00000222f07f03e0 DEOPT UNPACKING pc=0x000002229f434e23 sp=0x000000b42e8fdb38 mode 0

Classes loaded (20 events):
Event: 22.372 Loading class java/nio/channels/ReadPendingException
Event: 22.372 Loading class java/nio/channels/ReadPendingException done
Event: 22.372 Loading class java/nio/channels/WritePendingException
Event: 22.372 Loading class java/nio/channels/WritePendingException done
Event: 22.382 Loading class java/util/concurrent/Semaphore$NonfairSync
Event: 22.382 Loading class java/util/concurrent/Semaphore$Sync
Event: 22.383 Loading class java/util/concurrent/Semaphore$Sync done
Event: 22.383 Loading class java/util/concurrent/Semaphore$NonfairSync done
Event: 22.383 Loading class sun/nio/ch/SocketAdaptor
Event: 22.384 Loading class sun/nio/ch/SocketAdaptor done
Event: 22.384 Loading class sun/nio/ch/SocketChannelImpl$DefaultOptionsHolder
Event: 22.385 Loading class sun/nio/ch/SocketChannelImpl$DefaultOptionsHolder done
Event: 22.387 Loading class sun/nio/ch/SelectionKeyImpl
Event: 22.388 Loading class java/nio/channels/spi/AbstractSelectionKey
Event: 22.388 Loading class java/nio/channels/SelectionKey
Event: 22.388 Loading class java/nio/channels/SelectionKey done
Event: 22.388 Loading class java/nio/channels/spi/AbstractSelectionKey done
Event: 22.388 Loading class sun/nio/ch/SelectionKeyImpl done
Event: 22.389 Loading class java/lang/invoke/ConstantBootstraps
Event: 22.389 Loading class java/lang/invoke/ConstantBootstraps done

Classes unloaded (0 events):
No events

Classes redefined (0 events):
No events

Internal exceptions (20 events):
Event: 14.837 Thread 0x00000222f07f03e0 Exception <a 'java/lang/NoSuchMethodError'{0x00000000c526d918}: 'java.lang.Object java.lang.invoke.DelegatingMethodHandle$Holder.reinvoke_L(java.lang.Object, java.lang.Object, java.lang.Object, java.lang.Object, int, java.lang.Object, java.lang.Object, java.lang.Object, java.lang.Object, java.lang.Object)'> (0x00000000c526d918) 
thrown [s\open\src\hotspot\share\interpreter\linkResolver.cpp, line 773]
Event: 14.839 Thread 0x00000222f07f03e0 Exception <a 'java/lang/NoSuchMethodError'{0x00000000c528aca8}: 'java.lang.Object java.lang.invoke.DirectMethodHandle$Holder.invokeStatic(java.lang.Object, java.lang.Object, java.lang.Object, java.lang.Object, java.lang.Object, java.lang.Object, java.lang.Object, int)'> (0x00000000c528aca8) 
thrown [s\open\src\hotspot\share\interpreter\linkResolver.cpp, line 773]
Event: 14.863 Thread 0x00000222f07f03e0 Exception <a 'java/lang/ClassNotFoundException'{0x00000000c5154530}: nz/net/ultraq/thymeleaf/layoutdialect/decorators/strategies/AppendingStrategyBeanInfo> (0x00000000c5154530) 
thrown [s\open\src\hotspot\share\classfile\systemDictionary.cpp, line 312]
Event: 14.864 Thread 0x00000222f07f03e0 Exception <a 'java/lang/ClassNotFoundException'{0x00000000c5159918}: nz/net/ultraq/thymeleaf/layoutdialect/decorators/strategies/AppendingStrategyCustomizer> (0x00000000c5159918) 
thrown [s\open\src\hotspot\share\classfile\systemDictionary.cpp, line 312]
Event: 14.874 Thread 0x00000222f07f03e0 Exception <a 'java/lang/NoSuchMethodError'{0x00000000c519a220}: 'java.lang.Object java.lang.invoke.DirectMethodHandle$Holder.invokeStaticInit(java.lang.Object, java.lang.Object, java.lang.Object, java.lang.Object, java.lang.Object)'> (0x00000000c519a220) 
thrown [s\open\src\hotspot\share\interpreter\linkResolver.cpp, line 773]
Event: 14.874 Thread 0x00000222f07f03e0 Exception <a 'java/lang/IncompatibleClassChangeError'{0x00000000c519dd50}: Found class java.lang.Object, but interface was expected> (0x00000000c519dd50) 
thrown [s\open\src\hotspot\share\interpreter\linkResolver.cpp, line 840]
Event: 14.874 Thread 0x00000222f07f03e0 Exception <a 'java/lang/NoSuchMethodError'{0x00000000c519ede0}: 'java.lang.Object java.lang.invoke.DirectMethodHandle$Holder.invokeInterface(java.lang.Object, java.lang.Object, java.lang.Object, java.lang.Object, java.lang.Object)'> (0x00000000c519ede0) 
thrown [s\open\src\hotspot\share\interpreter\linkResolver.cpp, line 773]
Event: 14.880 Thread 0x00000222f07f03e0 Exception <a 'java/lang/IncompatibleClassChangeError'{0x00000000c51c3ad0}: Found class java.lang.Object, but interface was expected> (0x00000000c51c3ad0) 
thrown [s\open\src\hotspot\share\interpreter\linkResolver.cpp, line 840]
Event: 14.880 Thread 0x00000222f07f03e0 Exception <a 'java/lang/NoSuchMethodError'{0x00000000c51c4eb0}: 'java.lang.Object java.lang.invoke.DirectMethodHandle$Holder.invokeStatic(java.lang.Object, java.lang.Object, int, java.lang.Object, java.lang.Object)'> (0x00000000c51c4eb0) 
thrown [s\open\src\hotspot\share\interpreter\linkResolver.cpp, line 773]
Event: 14.881 Thread 0x00000222f07f03e0 Exception <a 'java/lang/NoSuchMethodError'{0x00000000c51cc568}: 'java.lang.Object java.lang.invoke.DelegatingMethodHandle$Holder.reinvoke_L(java.lang.Object, java.lang.Object, int, java.lang.Object, java.lang.Object)'> (0x00000000c51cc568) 
thrown [s\open\src\hotspot\share\interpreter\linkResolver.cpp, line 773]
Event: 14.891 Thread 0x00000222f07f03e0 Exception <a 'java/lang/ClassNotFoundException'{0x00000000c501e330}: nz/net/ultraq/thymeleaf/layoutdialect/LayoutDialectBeanInfo> (0x00000000c501e330) 
thrown [s\open\src\hotspot\share\classfile\systemDictionary.cpp, line 312]
Event: 14.892 Thread 0x00000222f07f03e0 Exception <a 'java/lang/ClassNotFoundException'{0x00000000c5022e80}: org/thymeleaf/dialect/AbstractProcessorDialectBeanInfo> (0x00000000c5022e80) 
thrown [s\open\src\hotspot\share\classfile\systemDictionary.cpp, line 312]
Event: 14.893 Thread 0x00000222f07f03e0 Exception <a 'java/lang/ClassNotFoundException'{0x00000000c50277a8}: org/thymeleaf/dialect/AbstractDialectBeanInfo> (0x00000000c50277a8) 
thrown [s\open\src\hotspot\share\classfile\systemDictionary.cpp, line 312]
Event: 14.893 Thread 0x00000222f07f03e0 Exception <a 'java/lang/ClassNotFoundException'{0x00000000c502c188}: org/thymeleaf/dialect/AbstractDialectCustomizer> (0x00000000c502c188) 
thrown [s\open\src\hotspot\share\classfile\systemDictionary.cpp, line 312]
Event: 14.895 Thread 0x00000222f07f03e0 Exception <a 'java/lang/ClassNotFoundException'{0x00000000c50332f0}: org/thymeleaf/dialect/AbstractProcessorDialectCustomizer> (0x00000000c50332f0) 
thrown [s\open\src\hotspot\share\classfile\systemDictionary.cpp, line 312]
Event: 14.897 Thread 0x00000222f07f03e0 Exception <a 'java/lang/ClassNotFoundException'{0x00000000c503b678}: nz/net/ultraq/thymeleaf/layoutdialect/LayoutDialectCustomizer> (0x00000000c503b678) 
thrown [s\open\src\hotspot\share\classfile\systemDictionary.cpp, line 312]
Event: 14.908 Thread 0x00000222f07f03e0 Exception <a 'java/lang/NoSuchMethodError'{0x00000000c5081c78}: 'int java.lang.invoke.DelegatingMethodHandle$Holder.reinvoke_L(java.lang.Object)'> (0x00000000c5081c78) 
thrown [s\open\src\hotspot\share\interpreter\linkResolver.cpp, line 773]
Event: 14.989 Thread 0x00000222f07f03e0 Exception <a 'java/lang/IncompatibleClassChangeError'{0x00000000c5d76f50}: Found class java.lang.Object, but interface was expected> (0x00000000c5d76f50) 
thrown [s\open\src\hotspot\share\interpreter\linkResolver.cpp, line 840]
Event: 15.010 Thread 0x00000222f07f03e0 Implicit null exception at 0x000002229fb14d68 to 0x000002229fb14fbc
Event: 15.259 Thread 0x00000222f07f03e0 Exception <a 'java/lang/NoSuchMethodError'{0x00000000c5e8d870}: 'java.lang.Object java.lang.invoke.DirectMethodHandle$Holder.newInvokeSpecial(java.lang.Object, java.lang.Object, int, java.lang.Object, java.lang.Object)'> (0x00000000c5e8d870) 
thrown [s\open\src\hotspot\share\interpreter\linkResolver.cpp, line 773]

ZGC Phase Switch (0 events):
No events

VM Operations (20 events):
Event: 14.654 Executing VM operation: HandshakeAllThreads (Deoptimize)
Event: 14.654 Executing VM operation: HandshakeAllThreads (Deoptimize) done
Event: 14.831 Executing VM operation: HandshakeAllThreads (Deoptimize)
Event: 14.831 Executing VM operation: HandshakeAllThreads (Deoptimize) done
Event: 14.928 Executing VM operation: G1CollectForAllocation (G1 Evacuation Pause)
Event: 14.938 Executing VM operation: G1CollectForAllocation (G1 Evacuation Pause) done
Event: 15.015 Executing VM operation: G1PauseRemark
Event: 15.021 Executing VM operation: G1PauseRemark done
Event: 15.054 Executing VM operation: G1PauseCleanup
Event: 15.054 Executing VM operation: G1PauseCleanup done
Event: 15.256 Executing VM operation: HandshakeAllThreads (Deoptimize)
Event: 15.256 Executing VM operation: HandshakeAllThreads (Deoptimize) done
Event: 16.271 Executing VM operation: Cleanup
Event: 16.271 Executing VM operation: Cleanup done
Event: 18.296 Executing VM operation: Cleanup
Event: 18.296 Executing VM operation: Cleanup done
Event: 19.296 Executing VM operation: Cleanup
Event: 19.296 Executing VM operation: Cleanup done
Event: 21.307 Executing VM operation: Cleanup
Event: 21.307 Executing VM operation: Cleanup done

Events (20 events):
Event: 15.228 Thread 0x00000222f369b590 Thread added: 0x00000222f369b590
Event: 15.229 Thread 0x00000222f369b590 Thread exited: 0x00000222f369b590
Event: 15.229 Thread 0x00000222f369af00 Thread added: 0x00000222f369af00
Event: 15.274 Thread 0x00000222f36994c0 Thread added: 0x00000222f36994c0
Event: 15.274 Thread 0x00000222f369d660 Thread added: 0x00000222f369d660
Event: 15.275 Thread 0x00000222f369b590 Thread added: 0x00000222f369b590
Event: 15.275 Thread 0x00000222f369cfd0 Thread added: 0x00000222f369cfd0
Event: 15.275 Thread 0x00000222f369dcf0 Thread added: 0x00000222f369dcf0
Event: 15.275 Thread 0x00000222f369c940 Thread added: 0x00000222f369c940
Event: 15.275 Thread 0x00000222f369bc20 Thread added: 0x00000222f369bc20
Event: 15.275 Thread 0x00000222f369e380 Thread added: 0x00000222f369e380
Event: 15.275 Thread 0x00000222f369c2b0 Thread added: 0x00000222f369c2b0
Event: 15.276 Thread 0x00000222f369ea10 Thread added: 0x00000222f369ea10
Event: 15.297 Thread 0x00000222f3697a80 Thread added: 0x00000222f3697a80
Event: 15.299 Thread 0x00000222f3698110 Thread added: 0x00000222f3698110
Event: 15.332 Thread 0x00000222f07f03e0 Thread exited: 0x00000222f07f03e0
Event: 15.333 Thread 0x00000222f09d2ad0 Thread exited: 0x00000222f09d2ad0
Event: 15.334 Thread 0x000002228e245c70 Thread exited: 0x000002228e245c70
Event: 15.334 Thread 0x00000222f3698e30 Thread added: 0x00000222f3698e30
Event: 16.413 Thread 0x00000222f1a8b7f0 Thread exited: 0x00000222f1a8b7f0


Dynamic libraries:
0x00007ff69cf60000 - 0x00007ff69cf70000 	C:\Program Files\Java\jdk-21\bin\java.exe
0x00007ffface30000 - 0x00007fffad028000 	C:\WINDOWS\SYSTEM32\ntdll.dll
0x00007fffabb20000 - 0x00007fffabbe1000 	C:\WINDOWS\System32\KERNEL32.DLL
0x00007fffaab10000 - 0x00007fffaae06000 	C:\WINDOWS\System32\KERNELBASE.dll
0x00007fffaaa10000 - 0x00007fffaab10000 	C:\WINDOWS\System32\ucrtbase.dll
0x00007fffa2bd0000 - 0x00007fffa2be9000 	C:\Program Files\Java\jdk-21\bin\jli.dll
0x00007fffaca60000 - 0x00007fffacb10000 	C:\WINDOWS\System32\ADVAPI32.dll
0x00007fffab740000 - 0x00007fffab7de000 	C:\WINDOWS\System32\msvcrt.dll
0x00007fffa2bb0000 - 0x00007fffa2bcb000 	C:\Program Files\Java\jdk-21\bin\VCRUNTIME140.dll
0x00007fffac100000 - 0x00007fffac1a0000 	C:\WINDOWS\System32\sechost.dll
0x00007fffaae60000 - 0x00007fffaaf83000 	C:\WINDOWS\System32\RPCRT4.dll
0x00007fffaa9e0000 - 0x00007fffaaa07000 	C:\WINDOWS\System32\bcrypt.dll
0x00007fffab140000 - 0x00007fffab2df000 	C:\WINDOWS\System32\USER32.dll
0x00007fffaa4e0000 - 0x00007fffaa502000 	C:\WINDOWS\System32\win32u.dll
0x00007fffabbf0000 - 0x00007fffabc1b000 	C:\WINDOWS\System32\GDI32.dll
0x00007fff914a0000 - 0x00007fff9173a000 	C:\WINDOWS\WinSxS\amd64_microsoft.windows.common-controls_6595b64144ccf1df_6.0.19041.4355_none_60b8b9eb71f62e16\COMCTL32.dll
0x00007fffaa7a0000 - 0x00007fffaa8b7000 	C:\WINDOWS\System32\gdi32full.dll
0x00007fffaa700000 - 0x00007fffaa79d000 	C:\WINDOWS\System32\msvcp_win.dll
0x00007fff9afd0000 - 0x00007fff9afda000 	C:\WINDOWS\SYSTEM32\VERSION.dll
0x00007fffacd10000 - 0x00007fffacd3f000 	C:\WINDOWS\System32\IMM32.DLL
0x00007fffa2ea0000 - 0x00007fffa2eac000 	C:\Program Files\Java\jdk-21\bin\vcruntime140_1.dll
0x00007fff8d300000 - 0x00007fff8d38e000 	C:\Program Files\Java\jdk-21\bin\msvcp140.dll
0x00007fff27f50000 - 0x00007fff28c63000 	C:\Program Files\Java\jdk-21\bin\server\jvm.dll
0x00007fffabc20000 - 0x00007fffabc8b000 	C:\WINDOWS\System32\WS2_32.dll
0x00007fffaa330000 - 0x00007fffaa37b000 	C:\WINDOWS\SYSTEM32\POWRPROF.dll
0x00007fff8e6d0000 - 0x00007fff8e6f7000 	C:\WINDOWS\SYSTEM32\WINMM.dll
0x00007fffaa310000 - 0x00007fffaa322000 	C:\WINDOWS\SYSTEM32\UMPDC.dll
0x00007fffa8cf0000 - 0x00007fffa8d02000 	C:\WINDOWS\SYSTEM32\kernel.appcore.dll
0x00007fffa2d70000 - 0x00007fffa2d7a000 	C:\Program Files\Java\jdk-21\bin\jimage.dll
0x00007fffa8a10000 - 0x00007fffa8bf4000 	C:\WINDOWS\SYSTEM32\DBGHELP.DLL
0x00007fffa0590000 - 0x00007fffa05c4000 	C:\WINDOWS\SYSTEM32\dbgcore.DLL
0x00007fffaa670000 - 0x00007fffaa6f2000 	C:\WINDOWS\System32\bcryptPrimitives.dll
0x00007fffa2fc0000 - 0x00007fffa2fcf000 	C:\Program Files\Java\jdk-21\bin\instrument.dll
0x00007fffa1010000 - 0x00007fffa102f000 	C:\Program Files\Java\jdk-21\bin\java.dll
0x00007fffac270000 - 0x00007fffac9dc000 	C:\WINDOWS\System32\SHELL32.dll
0x00007fffa81a0000 - 0x00007fffa893e000 	C:\WINDOWS\SYSTEM32\windows.storage.dll
0x00007fffab3e0000 - 0x00007fffab733000 	C:\WINDOWS\System32\combase.dll
0x00007fffa9e30000 - 0x00007fffa9e5e000 	C:\WINDOWS\SYSTEM32\Wldp.dll
0x00007fffac1a0000 - 0x00007fffac26d000 	C:\WINDOWS\System32\OLEAUT32.dll
0x00007fffab910000 - 0x00007fffab9bd000 	C:\WINDOWS\System32\SHCORE.dll
0x00007fffacb90000 - 0x00007fffacbe5000 	C:\WINDOWS\System32\shlwapi.dll
0x00007fffaa410000 - 0x00007fffaa434000 	C:\WINDOWS\SYSTEM32\profapi.dll
0x00007fff8d220000 - 0x00007fff8d2f7000 	C:\Program Files\Java\jdk-21\bin\jsvml.dll
0x00007fff99f70000 - 0x00007fff99f88000 	C:\Program Files\Java\jdk-21\bin\zip.dll
0x00007fffa05f0000 - 0x00007fffa0600000 	C:\Program Files\Java\jdk-21\bin\net.dll
0x00007fff99370000 - 0x00007fff9947a000 	C:\WINDOWS\SYSTEM32\WINHTTP.dll
0x00007fffa9b90000 - 0x00007fffa9bfa000 	C:\WINDOWS\system32\mswsock.dll
0x00007fff9a280000 - 0x00007fff9a296000 	C:\Program Files\Java\jdk-21\bin\nio.dll
0x00007fffa2fa0000 - 0x00007fffa2fba000 	C:\Users\MINEDUCYT\Music\bin\breakgen64.dll
0x00007fff9a6e0000 - 0x00007fff9a6e9000 	C:\Program Files\Java\jdk-21\bin\extnet.dll
0x00007fffa2eb0000 - 0x00007fffa2eba000 	C:\Program Files\Java\jdk-21\bin\management.dll
0x00007fffa29c0000 - 0x00007fffa29cb000 	C:\Program Files\Java\jdk-21\bin\management_ext.dll
0x00007fffaca50000 - 0x00007fffaca58000 	C:\WINDOWS\System32\PSAPI.DLL
0x00007fffa4930000 - 0x00007fffa493e000 	C:\Program Files\Java\jdk-21\bin\sunmscapi.dll
0x00007fffaa510000 - 0x00007fffaa66e000 	C:\WINDOWS\System32\CRYPT32.dll
0x00007fffa9ea0000 - 0x00007fffa9ec9000 	C:\WINDOWS\SYSTEM32\ncrypt.dll
0x00007fffa9e60000 - 0x00007fffa9e9b000 	C:\WINDOWS\SYSTEM32\NTASN1.dll
0x00007fffa9d80000 - 0x00007fffa9d98000 	C:\WINDOWS\SYSTEM32\CRYPTSP.dll
0x00007fffa94b0000 - 0x00007fffa94e4000 	C:\WINDOWS\system32\rsaenh.dll
0x00007fffaa3c0000 - 0x00007fffaa3ee000 	C:\WINDOWS\SYSTEM32\USERENV.dll
0x00007fffa9da0000 - 0x00007fffa9dac000 	C:\WINDOWS\SYSTEM32\CRYPTBASE.dll
0x00007fffa9870000 - 0x00007fffa98ab000 	C:\WINDOWS\SYSTEM32\IPHLPAPI.DLL
0x00007fffab370000 - 0x00007fffab378000 	C:\WINDOWS\System32\NSI.dll
0x00007fff99f50000 - 0x00007fff99f60000 	C:\Program Files\Java\jdk-21\bin\verify.dll
0x00007fffa98b0000 - 0x00007fffa997a000 	C:\WINDOWS\SYSTEM32\DNSAPI.dll
0x00007fff961f0000 - 0x00007fff961fa000 	C:\Windows\System32\rasadhlp.dll
0x00007fff96210000 - 0x00007fff96290000 	C:\WINDOWS\System32\fwpuclnt.dll
0x00007fff8e640000 - 0x00007fff8e647000 	C:\WINDOWS\system32\wshunix.dll

dbghelp: loaded successfully - version: 4.0.5 - missing functions: none
symbol engine: initialized successfully - sym options: 0x614 - pdb path: .;C:\Program Files\Java\jdk-21\bin;C:\WINDOWS\SYSTEM32;C:\WINDOWS\WinSxS\amd64_microsoft.windows.common-controls_6595b64144ccf1df_6.0.19041.4355_none_60b8b9eb71f62e16;C:\Program Files\Java\jdk-21\bin\server;C:\Users\MINEDUCYT\Music\bin

VM Arguments:
jvm_args: -javaagent:C:\Users\MINEDUCYT\Music\lib\idea_rt.jar=53888:C:\Users\MINEDUCYT\Music\bin -Dfile.encoding=UTF-8 -Dsun.stdout.encoding=UTF-8 -Dsun.stderr.encoding=UTF-8 
java_command: org.esfe.FerreteriaAppApplication
java_class_path (initial): C:\Nueva carpeta\Proyecto\FerreteriaApp\target\classes;C:\Users\MINEDUCYT\.m2\repository\org\springframework\boot\spring-boot-starter-data-jpa\3.3.2\spring-boot-starter-data-jpa-3.3.2.jar;C:\Users\MINEDUCYT\.m2\repository\org\springframework\boot\spring-boot-starter-aop\3.3.2\spring-boot-starter-aop-3.3.2.jar;C:\Users\MINEDUCYT\.m2\repository\org\springframework\spring-aop\6.1.11\spring-aop-6.1.11.jar;C:\Users\MINEDUCYT\.m2\repository\org\aspectj\aspectjweaver\1.9.22.1\aspectjweaver-1.9.22.1.jar;C:\Users\MINEDUCYT\.m2\repository\org\springframework\boot\spring-boot-starter-jdbc\3.3.2\spring-boot-starter-jdbc-3.3.2.jar;C:\Users\MINEDUCYT\.m2\repository\com\zaxxer\HikariCP\5.1.0\HikariCP-5.1.0.jar;C:\Users\MINEDUCYT\.m2\repository\org\springframework\spring-jdbc\6.1.11\spring-jdbc-6.1.11.jar;C:\Users\MINEDUCYT\.m2\repository\org\hibernate\orm\hibernate-core\6.5.2.Final\hibernate-core-6.5.2.Final.jar;C:\Users\MINEDUCYT\.m2\repository\jakarta\persistence\jakarta.persistence-api\3.1.0\jakarta.persistence-api-3.1.0.jar;C:\Users\MINEDUCYT\.m2\repository\jakarta\transaction\jakarta.transaction-api\2.0.1\jakarta.transaction-api-2.0.1.jar;C:\Users\MINEDUCYT\.m2\repository\org\jboss\logging\jboss-logging\3.5.3.Final\jboss-logging-3.5.3.Final.jar;C:\Users\MINEDUCYT\.m2\repository\org\hibernate\common\hibernate-commons-annotations\6.0.6.Final\hibernate-commons-annotations-6.0.6.Final.jar;C:\Users\MINEDUCYT\.m2\repository\io\smallrye\jandex\3.1.2\jandex-3.1.2.jar;C:\Users\MINEDUCYT\.m2\repository\com\fasterxml\classmate\1.7.0\classmate-1.7.0.jar;C:\Users\MINEDUCYT\.m2\repository\net\bytebuddy\byte-buddy\1.14.18\byte-buddy-1.14.18.jar;C:\Users\MINEDUCYT\.m2\repository\org\glassfish\jaxb\jaxb-runtime\4.0.5\jaxb-runtime-4.0.5.jar;C:\Users\MINEDUCYT\.m2\repository\org\glassfish\jaxb\jaxb-core\4.0.5\jaxb-core-4.0.5.jar;C:\Users\MINEDUCYT\.m2\repository\org\eclipse\angus\angus-activation\2.0.2\angus-activation-2.0.2.jar;C:\Users\MINEDUCYT\.m2\repository\org\glassfish\jaxb\txw2\4.0.5\txw2-4.0.5.jar;C:\Users\MINEDUCYT\.m2\repository\com\sun\istack\istack-commons-runtime\4.1.2\istack-commons-runtime-4.1.2.jar;C:\Users\MINEDUCYT\.m2\repository\jakarta\inject\jakarta.inject-api\2.0.1\jakarta.inject-api-2.0.1.jar;C:\Users\MINEDUCYT\.m2\repository\org\antlr\antlr4-runtime\4.13.0\antlr4-runtime-4.13.0.jar;C:\Users\MINEDUCYT\.m2\repository\org\springframework\data\spring-data-jpa\3.3.2\spring-data-jpa-3.3.2.jar;C:\Users\MINEDUCYT\.m2\repository\org\springframework\data\spring-data-commons\3.3.2\spring-data-commons-3.3.2.jar;C:\Users\MINEDUCYT\.m2\repository\org\springframework\spring-orm\6.1.11\spring-orm-6.1.11.jar;C:\Users\MINEDUCYT\.m2\repository\org\springframework\spring-context\6.1.11\spring-context-6.1.11.jar;C:\Users\MINEDUCYT\.m2\repository\org\springframework\spring-tx\6.1.11\spring-tx-6.1.11.jar;C:\Users\MINEDUCYT\.m2\repository\org\springframework\spring-beans\6.1.11\spring-beans-6.1.11.jar;C:\Users\MINEDUCYT\.m2\repository\jakarta\annotation\jakarta.annotation-api\2.1.1\jakarta.annotation-api-2.1.1.jar;C:\Users\MINEDUCYT\.m2\repository\org\springframework\spring-aspects\6.1.11\spring-aspects-6.1.11.jar;C:\Users\MINEDUCYT\.m2\repository\org\springframework\boot\spring-boot-starter-thymeleaf\3.3.2\spring-boot-starter-thymeleaf-3.3.2.jar;C:\Users\MINEDUCYT\.m2\repository\org\springframework\boot\spring-boot-starter\3.3.2\spring-boot-starter-3.3.2.jar;C:\Users\MINEDUCYT\.m2\repository\org\springframework\boot\spring-boot-starter-logging\3.3.2\spring-boot-starter-logging-3.3.2.jar;C:\Users\MINEDUCYT\.m2\repository\ch\qos\logback\logback-classic\1.5.6\logback-classic-1.5.6.jar;C:\Users\MINEDUCYT\.m2\repository\ch\qos\logback\logback-core\1.5.6\logback-core-1.5.6.jar;C:\Users\MINEDUCYT\.m2\repository\org\apache\logging\log4j\log4j-to-slf4j\2.23.1\log4j-to-slf4j-2.23.1.jar;C:\Users\MINEDUCYT\.m2\repository\org\apache\logging\log4j\log4j-api\2.23.1\log4j-api-2.23.1.jar;C:\Users\MINEDUCYT\.m2\repository\org\slf4j\jul-to-slf4j\2.0.13\jul-to-slf4j-2.0.13.jar;C:\Users\MINEDUCYT\.m2\repository\org\yaml\snakeyaml\2.2\snakeyaml-2.2.jar;C:\Users\MINEDUCYT\.m2\repository\org\thymeleaf\thymeleaf-spring6\3.1.2.RELEASE\thymeleaf-spring6-3.1.2.RELEASE.jar;C:\Users\MINEDUCYT\.m2\repository\org\springframework\boot\spring-boot-starter-web\3.3.2\spring-boot-starter-web-3.3.2.jar;C:\Users\MINEDUCYT\.m2\repository\org\springframework\boot\spring-boot-starter-json\3.3.2\spring-boot-starter-json-3.3.2.jar;C:\Users\MINEDUCYT\.m2\repository\com\fasterxml\jackson\core\jackson-databind\2.17.2\jackson-databind-2.17.2.jar;C:\Users\MINEDUCYT\.m2\repository\com\fasterxml\jackson\core\jackson-annotations\2.17.2\jackson-annotations-2.17.2.jar;C:\Users\MINEDUCYT\.m2\repository\com\fasterxml\jackson\core\jackson-core\2.17.2\jackson-core-2.17.2.jar;C:\Users\MINEDUCYT\.m2\repository\com\fasterxml\jackson\datatype\jackson-datatype-jdk8\2.17.2\jackson-datatype-jdk8-2.17.2.jar;C:\Users\MINEDUCYT\.m2\repository\com\fasterxml\jackson\datatype\jackson-datatype-jsr310\2.17.2\jackson-datatype-jsr310-2.17.2.jar;C:\Users\MINEDUCYT\.m2\repository\com\fasterxml\jackson\module\jackson-module-parameter-names\2.17.2\jackson-module-parameter-names-2.17.2.jar;C:\Users\MINEDUCYT\.m2\repository\org\springframework\boot\spring-boot-starter-tomcat\3.3.2\spring-boot-starter-tomcat-3.3.2.jar;C:\Users\MINEDUCYT\.m2\repository\org\apache\tomcat\embed\tomcat-embed-core\10.1.26\tomcat-embed-core-10.1.26.jar;C:\Users\MINEDUCYT\.m2\repository\org\apache\tomcat\embed\tomcat-embed-websocket\10.1.26\tomcat-embed-websocket-10.1.26.jar;C:\Users\MINEDUCYT\.m2\repository\org\springframework\spring-web\6.1.11\spring-web-6.1.11.jar;C:\Users\MINEDUCYT\.m2\repository\io\micrometer\micrometer-observation\1.13.2\micrometer-observation-1.13.2.jar;C:\Users\MINEDUCYT\.m2\repository\io\micrometer\micrometer-commons\1.13.2\micrometer-commons-1.13.2.jar;C:\Users\MINEDUCYT\.m2\repository\org\springframework\spring-webmvc\6.1.11\spring-webmvc-6.1.11.jar;C:\Users\MINEDUCYT\.m2\repository\org\springframework\spring-expression\6.1.11\spring-expression-6.1.11.jar;C:\Users\MINEDUCYT\.m2\repository\org\springframework\boot\spring-boot-starter-validation\3.3.2\spring-boot-starter-validation-3.3.2.jar;C:\Users\MINEDUCYT\.m2\repository\org\apache\tomcat\embed\tomcat-embed-el\10.1.26\tomcat-embed-el-10.1.26.jar;C:\Users\MINEDUCYT\.m2\repository\org\hibernate\validator\hibernate-validator\8.0.1.Final\hibernate-validator-8.0.1.Final.jar;C:\Users\MINEDUCYT\.m2\repository\jakarta\validation\jakarta.validation-api\3.0.2\jakarta.validation-api-3.0.2.jar;C:\Users\MINEDUCYT\.m2\repository\org\springframework\boot\spring-boot-devtools\3.3.2\spring-boot-devtools-3.3.2.jar;C:\Users\MINEDUCYT\.m2\repository\org\springframework\boot\spring-boot\3.3.2\spring-boot-3.3.2.jar;C:\Users\MINEDUCYT\.m2\repository\org\springframework\boot\spring-boot-autoconfigure\3.3.2\spring-boot-autoconfigure-3.3.2.jar;C:\Users\MINEDUCYT\.m2\repository\com\mysql\mysql-connector-j\8.3.0\mysql-connector-j-8.3.0.jar;C:\Users\MINEDUCYT\.m2\repository\nz\net\ultraq\thymeleaf\thymeleaf-layout-dialect\3.3.0\thymeleaf-layout-dialect-3.3.0.jar;C:\Users\MINEDUCYT\.m2\repository\org\apache\groovy\groovy\4.0.22\groovy-4.0.22.jar;C:\Users\MINEDUCYT\.m2\repository\nz\net\ultraq\groovy\groovy-extensions\2.1.0\groovy-extensions-2.1.0.jar;C:\Users\MINEDUCYT\.m2\repository\nz\net\ultraq\thymeleaf\thymeleaf-expression-processor\3.2.0\thymeleaf-expression-processor-3.2.0.jar;C:\Users\MINEDUCYT\.m2\repository\org\thymeleaf\thymeleaf\3.1.2.RELEASE\thymeleaf-3.1.2.RELEASE.jar;C:\Users\MINEDUCYT\.m2\repository\ognl\ognl\3.3.4\ognl-3.3.4.jar;C:\Users\MINEDUCYT\.m2\repository\org\javassist\javassist\3.29.0-GA\javassist-3.29.0-GA.jar;C:\Users\MINEDUCYT\.m2\repository\org\attoparser\attoparser\2.0.7.RELEASE\attoparser-2.0.7.RELEASE.jar;C:\Users\MINEDUCYT\.m2\repository\org\unbescape\unbescape\1.1.6.RELEASE\unbescape-1.1.6.RELEASE.jar;C:\Users\MINEDUCYT\.m2\repository\org\slf4j\slf4j-api\2.0.13\slf4j-api-2.0.13.jar;C:\Users\MINEDUCYT\.m2\repository\jakarta\xml\bind\jakarta.xml.bind-api\4.0.2\jakarta.xml.bind-api-4.0.2.jar;C:\Users\MINEDUCYT\.m2\repository\jakarta\activation\jakarta.activation-api\2.1.3\jakarta.activation-api-2.1.3.jar;C:\Users\MINEDUCYT\.m2\repository\org\springframework\spring-core\6.1.11\spring-core-6.1.11.jar;C:\Users\MINEDUCYT\.m2\repository\org\springframework\spring-jcl\6.1.11\spring-jcl-6.1.11.jar
Launcher Type: SUN_STANDARD

[Global flags]
     intx CICompilerCount                          = 3                                         {product} {ergonomic}
     uint ConcGCThreads                            = 1                                         {product} {ergonomic}
     uint G1ConcRefinementThreads                  = 4                                         {product} {ergonomic}
   size_t G1HeapRegionSize                         = 1048576                                   {product} {ergonomic}
    uintx GCDrainStackTargetSize                   = 64                                        {product} {ergonomic}
   size_t InitialHeapSize                          = 65011712                                  {product} {ergonomic}
   size_t MarkStackSize                            = 4194304                                   {product} {ergonomic}
   size_t MaxHeapSize                              = 1027604480                                {product} {ergonomic}
   size_t MaxNewSize                               = 616562688                                 {product} {ergonomic}
   size_t MinHeapDeltaBytes                        = 1048576                                   {product} {ergonomic}
   size_t MinHeapSize                              = 8388608                                   {product} {ergonomic}
    uintx NonNMethodCodeHeapSize                   = 5832780                                {pd product} {ergonomic}
    uintx NonProfiledCodeHeapSize                  = 122912730                              {pd product} {ergonomic}
    uintx ProfiledCodeHeapSize                     = 122912730                              {pd product} {ergonomic}
    uintx ReservedCodeCacheSize                    = 251658240                              {pd product} {ergonomic}
     bool SegmentedCodeCache                       = true                                      {product} {ergonomic}
   size_t SoftMaxHeapSize                          = 1027604480                             {manageable} {ergonomic}
     bool UseCompressedOops                        = true                           {product lp64_product} {ergonomic}
     bool UseG1GC                                  = true                                      {product} {ergonomic}
     bool UseLargePagesIndividualAllocation        = false                                  {pd product} {ergonomic}

Logging:
Log output configuration:
 #0: stdout all=warning uptime,level,tags foldmultilines=false
 #1: stderr all=off uptime,level,tags foldmultilines=false

Environment Variables:
PATH=C:\Program Files\Common Files\Oracle\Java\javapath;C:\Python312\Scripts\;C:\Python312\;C:\Program Files\Microsoft\jdk-11.0.16.101-hotspot\bin;C:\WINDOWS\system32;C:\WINDOWS;C:\WINDOWS\System32\Wbem;C:\WINDOWS\System32\WindowsPowerShell\v1.0\;C:\WINDOWS\System32\OpenSSH\;C:\Program Files\Microsoft SQL Server\150\Tools\Binn\;C:\Program Files\Microsoft SQL Server\Client SDK\ODBC\170\Tools\Binn\;C:\Program Files (x86)\Microsoft SQL Server\160\Tools\Binn\;C:\Program Files\Microsoft SQL Server\160\Tools\Binn\;C:\Program Files\Microsoft SQL Server\160\DTS\Binn\;C:\Program Files (x86)\Microsoft SQL Server\160\DTS\Binn\;C:\Program Files\Azure Data Studio\bin;C:\Program Files\dotnet\;C:\Program Files\nodejs\;C:\ProgramData\chocolatey\bin;C:\Users\MINEDUCYT\.config\herd\bin\nvm;C:\Program Files\nodejs;C:\Program Files\Git\cmd;C:\Users\MINEDUCYT\.config\herd\bin;C:\Users\MINEDUCYT\AppData\Local\Microsoft\WindowsApps;C:\Program Files\Azure Data Studio\bin;C:\Users\MINEDUCYT\AppData\Local\Programs\Microsoft VS Code\bin;C:\Users\MINEDUCYT\.dotnet\tools;C:\Users\MINEDUCYT\AppData\Roaming\npm
USERNAME=MINEDUCYT
OS=Windows_NT
PROCESSOR_IDENTIFIER=Intel64 Family 6 Model 122 Stepping 8, GenuineIntel
TMP=C:\Users\MINEDU~1\AppData\Local\Temp
TEMP=C:\Users\MINEDU~1\AppData\Local\Temp




Periodic native trim disabled

---------------  S Y S T E M  ---------------

OS:
 Windows 10 , 64 bit Build 19041 (10.0.19041.4597)
OS uptime: 0 days 1:28 hours

CPU: total 4 (initial active 4) (4 cores per cpu, 1 threads per core) family 6 model 122 stepping 8 microcode 0x16, cx8, cmov, fxsr, mmx, 3dnowpref, sse, sse2, sse3, ssse3, sse4.1, sse4.2, popcnt, tsc, tscinvbit, aes, erms, clmul, sha, clflush, clflushopt, rdtscp, rdpid
Processor Information for all 4 processors :
  Max Mhz: 1101, Current Mhz: 1101, Mhz Limit: 1101

Memory: 4k page, system-wide physical 3917M (296M free)
TotalPageFile size 7463M (AvailPageFile size 1M)
current process WorkingSet (physical memory assigned to process): 230M, peak: 253M
current process commit charge ("private bytes"): 258M, peak: 282M

vm_info: Java HotSpot(TM) 64-Bit Server VM (21.0.4+8-LTS-274) for windows-amd64 JRE (21.0.4+8-LTS-274), built on 2024-06-05T05:23:33Z by "mach5one" with MS VC++ 17.6 (VS2022)

END.
