#
# There is insufficient memory for the Java Runtime Environment to continue.
# Native memory allocation (malloc) failed to allocate 1752016 bytes for Chunk::new
# Possible reasons:
#   The system is out of physical RAM or swap space
#   The process is running with CompressedOops enabled, and the Java Heap may be blocking the growth of the native heap
# Possible solutions:
#   Reduce memory load on the system
#   Increase physical memory or swap space
#   Check if swap backing store is full
#   Decrease Java heap size (-Xmx/-Xms)
#   Decrease number of Java threads
#   Decrease Java thread stack sizes (-Xss)
#   Set larger code cache with -XX:ReservedCodeCacheSize=
#   JVM is running with Unscaled Compressed Oops mode in which the Java heap is
#     placed in the first 4GB address space. The Java Heap base address is the
#     maximum limit for the native heap growth. Please use -XX:HeapBaseMinAddress
#     to set the Java Heap base and to place the Java Heap above 4GB virtual address.
# This output file may be truncated or incomplete.
#
#  Out of Memory Error (arena.cpp:168), pid=4604, tid=7132
#
# JRE version: Java(TM) SE Runtime Environment (21.0.4+8) (build 21.0.4+8-LTS-274)
# Java VM: Java HotSpot(TM) 64-Bit Server VM (21.0.4+8-LTS-274, mixed mode, sharing, tiered, compressed oops, compressed class ptrs, g1 gc, windows-amd64)
# No core dump will be written. Minidumps are not enabled by default on client versions of Windows
#

---------------  S U M M A R Y ------------

Command Line: -javaagent:C:\Users\MINEDUCYT\Music\lib\idea_rt.jar=53997:C:\Users\MINEDUCYT\Music\bin -Dfile.encoding=UTF-8 -Dsun.stdout.encoding=UTF-8 -Dsun.stderr.encoding=UTF-8 org.esfe.FerreteriaAppApplication

Host: Intel(R) Celeron(R) N4120 CPU @ 1.10GHz, 4 cores, 3G,  Windows 10 , 64 bit Build 19041 (10.0.19041.4597)
Time: Fri Aug 16 22:57:02 2024 Hora estándar central (México) elapsed time: 36.617804 seconds (0d 0h 0m 36s)

---------------  T H R E A D  ---------------

Current thread (0x0000027fdcbad060):  JavaThread "C2 CompilerThread0" daemon [_thread_in_native, id=7132, stack(0x0000008a71b00000,0x0000008a71c00000) (1024K)]


Current CompileTask:
C2:  36617 6606       4       org.springframework.core.ResolvableType::hasGenerics (14 bytes)

Stack: [0x0000008a71b00000,0x0000008a71c00000]
Native frames: (J=compiled Java code, j=interpreted, Vv=VM code, C=native code)
V  [jvm.dll+0x6c8e59]
V  [jvm.dll+0x853181]
V  [jvm.dll+0x8556ae]
V  [jvm.dll+0x855d83]
V  [jvm.dll+0x27d526]
V  [jvm.dll+0xc4aad]
V  [jvm.dll+0xc4fe3]
V  [jvm.dll+0x3b3fd2]
V  [jvm.dll+0x3809a5]
V  [jvm.dll+0x37fe1a]
V  [jvm.dll+0x246280]
V  [jvm.dll+0x24585f]
V  [jvm.dll+0x1c69de]
V  [jvm.dll+0x254d49]
V  [jvm.dll+0x2532da]
V  [jvm.dll+0x3ed426]
V  [jvm.dll+0x7fd65b]
V  [jvm.dll+0x6c753d]
C  [ucrtbase.dll+0x21bb2]
C  [KERNEL32.DLL+0x17374]
C  [ntdll.dll+0x4cc91]


---------------  P R O C E S S  ---------------

Threads class SMR info:
_java_thread_list=0x0000028026b4f080, length=31, elements={
0x0000027fdcba5550, 0x0000027fdcba6620, 0x0000027fdcbaa3b0, 0x0000027fdcbaae10,
0x0000027fdcbab870, 0x0000027fdcbac2d0, 0x0000027fdcbad060, 0x0000027fdcbaeb10,
0x0000027fdcb8cc00, 0x00000280222514b0, 0x000002802238d920, 0x000002802342d310,
0x000002802342a520, 0x000002802342abb0, 0x000002802342bf60, 0x000002802342cc80,
0x0000028023b12720, 0x0000028023b12db0, 0x0000028023b11370, 0x0000028023b0f930,
0x0000028023b0ffc0, 0x0000028023b0cb40, 0x0000028023b10650, 0x0000028023b10ce0,
0x0000028023b11a00, 0x0000028023b12090, 0x0000028023b0f2a0, 0x0000028023b13440,
0x0000028023b0e580, 0x0000028023b0d1d0, 0x0000028023b0ec10
}

Java Threads: ( => current thread )
  0x0000027fdcba5550 JavaThread "Reference Handler"          daemon [_thread_blocked, id=11908, stack(0x0000008a71500000,0x0000008a71600000) (1024K)]
  0x0000027fdcba6620 JavaThread "Finalizer"                  daemon [_thread_blocked, id=8256, stack(0x0000008a71600000,0x0000008a71700000) (1024K)]
  0x0000027fdcbaa3b0 JavaThread "Signal Dispatcher"          daemon [_thread_blocked, id=8332, stack(0x0000008a71700000,0x0000008a71800000) (1024K)]
  0x0000027fdcbaae10 JavaThread "Attach Listener"            daemon [_thread_blocked, id=7516, stack(0x0000008a71800000,0x0000008a71900000) (1024K)]
  0x0000027fdcbab870 JavaThread "Service Thread"             daemon [_thread_blocked, id=10492, stack(0x0000008a71900000,0x0000008a71a00000) (1024K)]
  0x0000027fdcbac2d0 JavaThread "Monitor Deflation Thread"   daemon [_thread_blocked, id=428, stack(0x0000008a71a00000,0x0000008a71b00000) (1024K)]
=>0x0000027fdcbad060 JavaThread "C2 CompilerThread0"         daemon [_thread_in_native, id=7132, stack(0x0000008a71b00000,0x0000008a71c00000) (1024K)]
  0x0000027fdcbaeb10 JavaThread "C1 CompilerThread0"         daemon [_thread_blocked, id=4152, stack(0x0000008a71c00000,0x0000008a71d00000) (1024K)]
  0x0000027fdcb8cc00 JavaThread "Common-Cleaner"             daemon [_thread_blocked, id=2004, stack(0x0000008a71d00000,0x0000008a71e00000) (1024K)]
  0x00000280222514b0 JavaThread "Monitor Ctrl-Break"         daemon [_thread_in_native, id=10292, stack(0x0000008a71f00000,0x0000008a72000000) (1024K)]
  0x000002802238d920 JavaThread "Notification Thread"        daemon [_thread_blocked, id=11408, stack(0x0000008a72000000,0x0000008a72100000) (1024K)]
  0x000002802342d310 JavaThread "Catalina-utility-1"                [_thread_blocked, id=2628, stack(0x0000008a72600000,0x0000008a72700000) (1024K)]
  0x000002802342a520 JavaThread "Catalina-utility-2"                [_thread_blocked, id=8652, stack(0x0000008a72700000,0x0000008a72800000) (1024K)]
  0x000002802342abb0 JavaThread "container-0"                       [_thread_blocked, id=10588, stack(0x0000008a72800000,0x0000008a72900000) (1024K)]
  0x000002802342bf60 JavaThread "mysql-cj-abandoned-connection-cleanup" daemon [_thread_blocked, id=4476, stack(0x0000008a72900000,0x0000008a72a00000) (1024K)]
  0x000002802342cc80 JavaThread "HikariPool-1 housekeeper"   daemon [_thread_blocked, id=7988, stack(0x0000008a72b00000,0x0000008a72c00000) (1024K)]
  0x0000028023b12720 JavaThread "File Watcher"               daemon [_thread_blocked, id=6260, stack(0x0000008a72c00000,0x0000008a72d00000) (1024K)]
  0x0000028023b12db0 JavaThread "Live Reload Server"         daemon [_thread_in_native, id=5400, stack(0x0000008a72e00000,0x0000008a72f00000) (1024K)]
  0x0000028023b11370 JavaThread "http-nio-8080-exec-1"       daemon [_thread_in_vm, id=8136, stack(0x0000008a72d00000,0x0000008a72e00000) (1024K)]
  0x0000028023b0f930 JavaThread "http-nio-8080-exec-2"       daemon [_thread_blocked, id=272, stack(0x0000008a72f00000,0x0000008a73000000) (1024K)]
  0x0000028023b0ffc0 JavaThread "http-nio-8080-exec-3"       daemon [_thread_blocked, id=5332, stack(0x0000008a73000000,0x0000008a73100000) (1024K)]
  0x0000028023b0cb40 JavaThread "http-nio-8080-exec-4"       daemon [_thread_blocked, id=3780, stack(0x0000008a73100000,0x0000008a73200000) (1024K)]
  0x0000028023b10650 JavaThread "http-nio-8080-exec-5"       daemon [_thread_blocked, id=2608, stack(0x0000008a73200000,0x0000008a73300000) (1024K)]
  0x0000028023b10ce0 JavaThread "http-nio-8080-exec-6"       daemon [_thread_blocked, id=9668, stack(0x0000008a73300000,0x0000008a73400000) (1024K)]
  0x0000028023b11a00 JavaThread "http-nio-8080-exec-7"       daemon [_thread_blocked, id=3212, stack(0x0000008a73400000,0x0000008a73500000) (1024K)]
  0x0000028023b12090 JavaThread "http-nio-8080-exec-8"       daemon [_thread_blocked, id=2296, stack(0x0000008a73500000,0x0000008a73600000) (1024K)]
  0x0000028023b0f2a0 JavaThread "http-nio-8080-exec-9"       daemon [_thread_blocked, id=10864, stack(0x0000008a73600000,0x0000008a73700000) (1024K)]
  0x0000028023b13440 JavaThread "http-nio-8080-exec-10"      daemon [_thread_blocked, id=960, stack(0x0000008a73700000,0x0000008a73800000) (1024K)]
  0x0000028023b0e580 JavaThread "http-nio-8080-Poller"       daemon [_thread_in_native, id=11976, stack(0x0000008a73800000,0x0000008a73900000) (1024K)]
  0x0000028023b0d1d0 JavaThread "http-nio-8080-Acceptor"     daemon [_thread_in_native, id=2336, stack(0x0000008a73900000,0x0000008a73a00000) (1024K)]
  0x0000028023b0ec10 JavaThread "DestroyJavaVM"                     [_thread_blocked, id=10700, stack(0x0000008a70d00000,0x0000008a70e00000) (1024K)]
Total: 31

Other Threads:
  0x0000027fc20443a0 VMThread "VM Thread"                           [id=1588, stack(0x0000008a71400000,0x0000008a71500000) (1024K)]
  0x0000027fc20329c0 WatcherThread "VM Periodic Task Thread"        [id=2572, stack(0x0000008a71300000,0x0000008a71400000) (1024K)]
  0x0000027fc1fbef40 WorkerThread "GC Thread#0"                     [id=11328, stack(0x0000008a70e00000,0x0000008a70f00000) (1024K)]
  0x00000280227ab560 WorkerThread "GC Thread#1"                     [id=9876, stack(0x0000008a72100000,0x0000008a72200000) (1024K)]
  0x0000028022838490 WorkerThread "GC Thread#2"                     [id=9984, stack(0x0000008a72200000,0x0000008a72300000) (1024K)]
  0x00000280227d7210 WorkerThread "GC Thread#3"                     [id=11240, stack(0x0000008a72300000,0x0000008a72400000) (1024K)]
  0x0000027fc1fc7930 ConcurrentGCThread "G1 Main Marker"            [id=7288, stack(0x0000008a70f00000,0x0000008a71000000) (1024K)]
  0x0000027fc1fc84f0 WorkerThread "G1 Conc#0"                       [id=11272, stack(0x0000008a71000000,0x0000008a71100000) (1024K)]
  0x0000027fc201e860 ConcurrentGCThread "G1 Refine#0"               [id=6700, stack(0x0000008a71100000,0x0000008a71200000) (1024K)]
  0x0000027fc201f490 ConcurrentGCThread "G1 Service"                [id=7708, stack(0x0000008a71200000,0x0000008a71300000) (1024K)]
Total: 10

Threads with active compile tasks:
C2 CompilerThread0    36660 6606       4       org.springframework.core.ResolvableType::hasGenerics (14 bytes)
C1 CompilerThread0    36661 6683       3       java.lang.invoke.LambdaFormEditor::buffer (12 bytes)
Total: 2

VM state: not at safepoint (normal execution)

VM Mutex/Monitor currently owned by a thread: None

Heap address: 0x00000000c2c00000, size: 980 MB, Compressed Oops mode: 32-bit

CDS archive(s) mapped at: [0x0000027fdd000000-0x0000027fddc90000-0x0000027fddc90000), size 13172736, SharedBaseAddress: 0x0000027fdd000000, ArchiveRelocationMode: 1.
Compressed class space mapped at: 0x0000027fde000000-0x000002801e000000, reserved size: 1073741824
Narrow klass base: 0x0000027fdd000000, Narrow klass shift: 0, Narrow klass range: 0x100000000

GC Precious Log:
 CardTable entry size: 512
 Card Set container configuration: InlinePtr #cards 5 size 8 Array Of Cards #cards 12 size 40 Howl #buckets 4 coarsen threshold 1843 Howl Bitmap #cards 512 size 80 coarsen threshold 460 Card regions per heap region 1 cards per card region 2048
 CPUs: 4 total, 4 available
 Memory: 3917M
 Large Page Support: Disabled
 NUMA Support: Disabled
 Compressed Oops: Enabled (32-bit)
 Heap Region Size: 1M
 Heap Min Capacity: 8M
 Heap Initial Capacity: 62M
 Heap Max Capacity: 980M
 Pre-touch: Disabled
 Parallel Workers: 4
 Concurrent Workers: 1
 Concurrent Refinement Workers: 4
 Periodic GC: Disabled

Heap:
 garbage-first heap   total 58368K, used 36274K [0x00000000c2c00000, 0x0000000100000000)
  region size 1024K, 5 young (5120K), 2 survivors (2048K)
 Metaspace       used 72243K, committed 73024K, reserved 1114112K
  class space    used 9648K, committed 9984K, reserved 1048576K

Heap Regions: E=young(eden), S=young(survivor), O=old, HS=humongous(starts), HC=humongous(continues), CS=collection set, F=free, TAMS=top-at-mark-start, PB=parsable bottom
|   0|0x00000000c2c00000, 0x00000000c2d00000, 0x00000000c2d00000|100%|HS|  |TAMS 0x00000000c2c00000| PB 0x00000000c2c00000| Complete 
|   1|0x00000000c2d00000, 0x00000000c2e00000, 0x00000000c2e00000|100%| O|  |TAMS 0x00000000c2d00000| PB 0x00000000c2d00000| Untracked 
|   2|0x00000000c2e00000, 0x00000000c2f00000, 0x00000000c2f00000|100%| O|  |TAMS 0x00000000c2e00000| PB 0x00000000c2e00000| Untracked 
|   3|0x00000000c2f00000, 0x00000000c3000000, 0x00000000c3000000|100%| O|  |TAMS 0x00000000c2f00000| PB 0x00000000c2f00000| Untracked 
|   4|0x00000000c3000000, 0x00000000c3100000, 0x00000000c3100000|100%| O|  |TAMS 0x00000000c3000000| PB 0x00000000c3000000| Untracked 
|   5|0x00000000c3100000, 0x00000000c3200000, 0x00000000c3200000|100%| O|  |TAMS 0x00000000c3100000| PB 0x00000000c3100000| Untracked 
|   6|0x00000000c3200000, 0x00000000c3300000, 0x00000000c3300000|100%| O|  |TAMS 0x00000000c3200000| PB 0x00000000c3200000| Untracked 
|   7|0x00000000c3300000, 0x00000000c3400000, 0x00000000c3400000|100%| O|  |TAMS 0x00000000c3300000| PB 0x00000000c3300000| Untracked 
|   8|0x00000000c3400000, 0x00000000c3500000, 0x00000000c3500000|100%| O|  |TAMS 0x00000000c3400000| PB 0x00000000c3400000| Untracked 
|   9|0x00000000c3500000, 0x00000000c3600000, 0x00000000c3600000|100%| O|  |TAMS 0x00000000c3500000| PB 0x00000000c3500000| Untracked 
|  10|0x00000000c3600000, 0x00000000c3700000, 0x00000000c3700000|100%| O|  |TAMS 0x00000000c3600000| PB 0x00000000c3600000| Untracked 
|  11|0x00000000c3700000, 0x00000000c3800000, 0x00000000c3800000|100%| O|  |TAMS 0x00000000c3700000| PB 0x00000000c3700000| Untracked 
|  12|0x00000000c3800000, 0x00000000c3900000, 0x00000000c3900000|100%| O|  |TAMS 0x00000000c3800000| PB 0x00000000c3800000| Untracked 
|  13|0x00000000c3900000, 0x00000000c3a00000, 0x00000000c3a00000|100%| O|  |TAMS 0x00000000c3900000| PB 0x00000000c3900000| Untracked 
|  14|0x00000000c3a00000, 0x00000000c3b00000, 0x00000000c3b00000|100%| O|  |TAMS 0x00000000c3a00000| PB 0x00000000c3a00000| Untracked 
|  15|0x00000000c3b00000, 0x00000000c3c00000, 0x00000000c3c00000|100%| O|  |TAMS 0x00000000c3b00000| PB 0x00000000c3b00000| Untracked 
|  16|0x00000000c3c00000, 0x00000000c3d00000, 0x00000000c3d00000|100%| O|  |TAMS 0x00000000c3c00000| PB 0x00000000c3c00000| Untracked 
|  17|0x00000000c3d00000, 0x00000000c3e00000, 0x00000000c3e00000|100%| O|  |TAMS 0x00000000c3d00000| PB 0x00000000c3d00000| Untracked 
|  18|0x00000000c3e00000, 0x00000000c3f00000, 0x00000000c3f00000|100%| O|  |TAMS 0x00000000c3e00000| PB 0x00000000c3e00000| Untracked 
|  19|0x00000000c3f00000, 0x00000000c4000000, 0x00000000c4000000|100%| O|  |TAMS 0x00000000c3f00000| PB 0x00000000c3f00000| Untracked 
|  20|0x00000000c4000000, 0x00000000c4100000, 0x00000000c4100000|100%| O|  |TAMS 0x00000000c4000000| PB 0x00000000c4000000| Untracked 
|  21|0x00000000c4100000, 0x00000000c4200000, 0x00000000c4200000|100%| O|  |TAMS 0x00000000c4100000| PB 0x00000000c4100000| Untracked 
|  22|0x00000000c4200000, 0x00000000c4300000, 0x00000000c4300000|100%| O|  |TAMS 0x00000000c4200000| PB 0x00000000c4200000| Untracked 
|  23|0x00000000c4300000, 0x00000000c4400000, 0x00000000c4400000|100%| O|  |TAMS 0x00000000c4300000| PB 0x00000000c4300000| Untracked 
|  24|0x00000000c4400000, 0x00000000c4500000, 0x00000000c4500000|100%| O|  |TAMS 0x00000000c4400000| PB 0x00000000c4400000| Untracked 
|  25|0x00000000c4500000, 0x00000000c4600000, 0x00000000c4600000|100%| O|  |TAMS 0x00000000c4500000| PB 0x00000000c4500000| Untracked 
|  26|0x00000000c4600000, 0x00000000c4700000, 0x00000000c4700000|100%| O|  |TAMS 0x00000000c4600000| PB 0x00000000c4600000| Untracked 
|  27|0x00000000c4700000, 0x00000000c4800000, 0x00000000c4800000|100%| O|Cm|TAMS 0x00000000c4700000| PB 0x00000000c4700000| Complete 
|  28|0x00000000c4800000, 0x00000000c4900000, 0x00000000c4900000|100%| O|  |TAMS 0x00000000c4800000| PB 0x00000000c4800000| Untracked 
|  29|0x00000000c4900000, 0x00000000c4a00000, 0x00000000c4a00000|100%| O|  |TAMS 0x00000000c4900000| PB 0x00000000c4900000| Untracked 
|  30|0x00000000c4a00000, 0x00000000c4b00000, 0x00000000c4b00000|100%| O|  |TAMS 0x00000000c4a00000| PB 0x00000000c4a00000| Untracked 
|  31|0x00000000c4b00000, 0x00000000c4b3eaf0, 0x00000000c4c00000| 24%| O|  |TAMS 0x00000000c4b00000| PB 0x00000000c4b00000| Untracked 
|  32|0x00000000c4c00000, 0x00000000c4c00000, 0x00000000c4d00000|  0%| F|  |TAMS 0x00000000c4c00000| PB 0x00000000c4c00000| Untracked 
|  33|0x00000000c4d00000, 0x00000000c4e00000, 0x00000000c4e00000|100%| O|  |TAMS 0x00000000c4d00000| PB 0x00000000c4d00000| Untracked 
|  34|0x00000000c4e00000, 0x00000000c4e00000, 0x00000000c4f00000|  0%| F|  |TAMS 0x00000000c4e00000| PB 0x00000000c4e00000| Untracked 
|  35|0x00000000c4f00000, 0x00000000c4f00000, 0x00000000c5000000|  0%| F|  |TAMS 0x00000000c4f00000| PB 0x00000000c4f00000| Untracked 
|  36|0x00000000c5000000, 0x00000000c5000000, 0x00000000c5100000|  0%| F|  |TAMS 0x00000000c5000000| PB 0x00000000c5000000| Untracked 
|  37|0x00000000c5100000, 0x00000000c5100000, 0x00000000c5200000|  0%| F|  |TAMS 0x00000000c5100000| PB 0x00000000c5100000| Untracked 
|  38|0x00000000c5200000, 0x00000000c5200000, 0x00000000c5300000|  0%| F|  |TAMS 0x00000000c5200000| PB 0x00000000c5200000| Untracked 
|  39|0x00000000c5300000, 0x00000000c5300000, 0x00000000c5400000|  0%| F|  |TAMS 0x00000000c5300000| PB 0x00000000c5300000| Untracked 
|  40|0x00000000c5400000, 0x00000000c5400000, 0x00000000c5500000|  0%| F|  |TAMS 0x00000000c5400000| PB 0x00000000c5400000| Untracked 
|  41|0x00000000c5500000, 0x00000000c5500000, 0x00000000c5600000|  0%| F|  |TAMS 0x00000000c5500000| PB 0x00000000c5500000| Untracked 
|  42|0x00000000c5600000, 0x00000000c5600000, 0x00000000c5700000|  0%| F|  |TAMS 0x00000000c5600000| PB 0x00000000c5600000| Untracked 
|  43|0x00000000c5700000, 0x00000000c5700000, 0x00000000c5800000|  0%| F|  |TAMS 0x00000000c5700000| PB 0x00000000c5700000| Untracked 
|  44|0x00000000c5800000, 0x00000000c582e0d0, 0x00000000c5900000| 17%| S|CS|TAMS 0x00000000c5800000| PB 0x00000000c5800000| Complete 
|  45|0x00000000c5900000, 0x00000000c5a00000, 0x00000000c5a00000|100%| S|CS|TAMS 0x00000000c5900000| PB 0x00000000c5900000| Complete 
|  46|0x00000000c5a00000, 0x00000000c5a00000, 0x00000000c5b00000|  0%| F|  |TAMS 0x00000000c5a00000| PB 0x00000000c5a00000| Untracked 
|  47|0x00000000c5b00000, 0x00000000c5b00000, 0x00000000c5c00000|  0%| F|  |TAMS 0x00000000c5b00000| PB 0x00000000c5b00000| Untracked 
|  48|0x00000000c5c00000, 0x00000000c5c00000, 0x00000000c5d00000|  0%| F|  |TAMS 0x00000000c5c00000| PB 0x00000000c5c00000| Untracked 
|  49|0x00000000c5d00000, 0x00000000c5d00000, 0x00000000c5e00000|  0%| F|  |TAMS 0x00000000c5d00000| PB 0x00000000c5d00000| Untracked 
|  50|0x00000000c5e00000, 0x00000000c5e00000, 0x00000000c5f00000|  0%| F|  |TAMS 0x00000000c5e00000| PB 0x00000000c5e00000| Untracked 
|  51|0x00000000c5f00000, 0x00000000c5f00000, 0x00000000c6000000|  0%| F|  |TAMS 0x00000000c5f00000| PB 0x00000000c5f00000| Untracked 
|  52|0x00000000c6000000, 0x00000000c6000000, 0x00000000c6100000|  0%| F|  |TAMS 0x00000000c6000000| PB 0x00000000c6000000| Untracked 
|  53|0x00000000c6100000, 0x00000000c6100000, 0x00000000c6200000|  0%| F|  |TAMS 0x00000000c6100000| PB 0x00000000c6100000| Untracked 
|  54|0x00000000c6200000, 0x00000000c6276ed8, 0x00000000c6300000| 46%| E|  |TAMS 0x00000000c6200000| PB 0x00000000c6200000| Complete 
|  55|0x00000000c6300000, 0x00000000c6400000, 0x00000000c6400000|100%| E|CS|TAMS 0x00000000c6300000| PB 0x00000000c6300000| Complete 
|  56|0x00000000c6400000, 0x00000000c6500000, 0x00000000c6500000|100%| E|CS|TAMS 0x00000000c6400000| PB 0x00000000c6400000| Complete 

Card table byte_map: [0x0000027fd95f0000,0x0000027fd97e0000] _byte_map_base: 0x0000027fd8fda000

Marking Bits: (CMBitMap*) 0x0000027fc1fbf550
 Bits: [0x0000027fd97e0000, 0x0000027fda730000)

Polling page: 0x0000027fc0120000

Metaspace:

Usage:
  Non-class:     61.15 MB used.
      Class:      9.43 MB used.
       Both:     70.57 MB used.

Virtual space:
  Non-class space:       64.00 MB reserved,      61.56 MB ( 96%) committed,  1 nodes.
      Class space:        1.00 GB reserved,       9.75 MB ( <1%) committed,  1 nodes.
             Both:        1.06 GB reserved,      71.31 MB (  7%) committed. 

Chunk freelists:
   Non-Class:  2.10 MB
       Class:  6.10 MB
        Both:  8.19 MB

MaxMetaspaceSize: unlimited
CompressedClassSpaceSize: 1.00 GB
Initial GC threshold: 21.00 MB
Current GC threshold: 114.31 MB
CDS: on
 - commit_granule_bytes: 65536.
 - commit_granule_words: 8192.
 - virtual_space_node_default_size: 8388608.
 - enlarge_chunks_in_place: 1.
 - use_allocation_guard: 0.


Internal statistics:

num_allocs_failed_limit: 6.
num_arena_births: 1080.
num_arena_deaths: 0.
num_vsnodes_births: 2.
num_vsnodes_deaths: 0.
num_space_committed: 1141.
num_space_uncommitted: 0.
num_chunks_returned_to_freelist: 6.
num_chunks_taken_from_freelist: 3607.
num_chunk_merges: 6.
num_chunk_splits: 2585.
num_chunks_enlarged: 1993.
num_inconsistent_stats: 0.

CodeHeap 'non-profiled nmethods': size=120000Kb used=3737Kb max_used=3737Kb free=116262Kb
 bounds [0x0000027fd1ed0000, 0x0000027fd2280000, 0x0000027fd9400000]
CodeHeap 'profiled nmethods': size=120000Kb used=11292Kb max_used=11292Kb free=108707Kb
 bounds [0x0000027fca400000, 0x0000027fcaf10000, 0x0000027fd1930000]
CodeHeap 'non-nmethods': size=5760Kb used=2124Kb max_used=2160Kb free=3635Kb
 bounds [0x0000027fd1930000, 0x0000027fd1ba0000, 0x0000027fd1ed0000]
 total_blobs=6562 nmethods=5723 adapters=744
 compilation: enabled
              stopped_count=0, restarted_count=0
 full_count=0

Compilation events (20 events):
Event: 36.527 Thread 0x0000027fdcbaeb10 6653       3       java.util.TimSort::countRunAndMakeAscending (128 bytes)
Event: 36.528 Thread 0x0000027fdcbaeb10 nmethod 6653 0x0000027fcaef7190 code [0x0000027fcaef73a0, 0x0000027fcaef7ac8]
Event: 36.529 Thread 0x0000027fdcbaeb10 6654       1       org.thymeleaf.processor.AbstractProcessor::getTemplateMode (5 bytes)
Event: 36.529 Thread 0x0000027fdcbaeb10 nmethod 6654 0x0000027fd2096b10 code [0x0000027fd2096ca0, 0x0000027fd2096d68]
Event: 36.529 Thread 0x0000027fdcbaeb10 6655       1       org.thymeleaf.dialect.AbstractProcessorDialect::getDialectProcessorPrecedence (5 bytes)
Event: 36.529 Thread 0x0000027fdcbaeb10 nmethod 6655 0x0000027fd2142e90 code [0x0000027fd2143020, 0x0000027fd21430e8]
Event: 36.531 Thread 0x0000027fdcbaeb10 6658       3       java.util.TimSort::mergeCollapse (134 bytes)
Event: 36.531 Thread 0x0000027fdcbaeb10 nmethod 6658 0x0000027fcaef7d10 code [0x0000027fcaef7f00, 0x0000027fcaef8400]
Event: 36.541 Thread 0x0000027fdcbaeb10 6660       3       java.util.Collections::sort (8 bytes)
Event: 36.541 Thread 0x0000027fdcbaeb10 nmethod 6660 0x0000027fca865f90 code [0x0000027fca866140, 0x0000027fca8662f8]
Event: 36.541 Thread 0x0000027fdcbaeb10 6661       3       org.thymeleaf.util.ProcessorConfigurationUtils$AbstractProcessorWrapper::<init> (41 bytes)
Event: 36.541 Thread 0x0000027fdcbaeb10 nmethod 6661 0x0000027fcaef8690 code [0x0000027fcaef8840, 0x0000027fcaef8c18]
Event: 36.541 Thread 0x0000027fdcbaeb10 6662       3       org.thymeleaf.util.ProcessorConfigurationUtils::wrap (94 bytes)
Event: 36.543 Thread 0x0000027fdcbaeb10 nmethod 6662 0x0000027fcaef8d90 code [0x0000027fcaef90e0, 0x0000027fcaefa498]
Event: 36.543 Thread 0x0000027fdcbaeb10 6663       3       org.thymeleaf.util.ProcessorConfigurationUtils$ElementTagProcessorWrapper::<init> (12 bytes)
Event: 36.543 Thread 0x0000027fdcbaeb10 nmethod 6663 0x0000027fcaefaa90 code [0x0000027fcaefac40, 0x0000027fcaefaeb0]
Event: 36.610 Thread 0x0000027fdcbaeb10 6664       3       java.lang.reflect.Method::getGenericExceptionTypes (5 bytes)
Event: 36.611 Thread 0x0000027fdcbaeb10 nmethod 6664 0x0000027fcaefaf90 code [0x0000027fcaefb1c0, 0x0000027fcaefbae0]
Event: 36.611 Thread 0x0000027fdcbaeb10 6665       3       java.lang.reflect.Method::specificToGenericStringHeader (48 bytes)
Event: 36.613 Thread 0x0000027fdcbaeb10 nmethod 6665 0x0000027fcaefbd90 code [0x0000027fcaefc0e0, 0x0000027fcaefd650]

GC Heap History (20 events):
Event: 10.687 GC heap before
{Heap before GC invocations=12 (full 0):
 garbage-first heap   total 45056K, used 38200K [0x00000000c2c00000, 0x0000000100000000)
  region size 1024K, 18 young (18432K), 2 survivors (2048K)
 Metaspace       used 40141K, committed 40640K, reserved 1114112K
  class space    used 5217K, committed 5440K, reserved 1048576K
}
Event: 10.695 GC heap after
{Heap after GC invocations=13 (full 0):
 garbage-first heap   total 45056K, used 22636K [0x00000000c2c00000, 0x0000000100000000)
  region size 1024K, 3 young (3072K), 3 survivors (3072K)
 Metaspace       used 40141K, committed 40640K, reserved 1114112K
  class space    used 5217K, committed 5440K, reserved 1048576K
}
Event: 12.094 GC heap before
{Heap before GC invocations=13 (full 0):
 garbage-first heap   total 45056K, used 36972K [0x00000000c2c00000, 0x0000000100000000)
  region size 1024K, 18 young (18432K), 3 survivors (3072K)
 Metaspace       used 47435K, committed 48064K, reserved 1114112K
  class space    used 6128K, committed 6400K, reserved 1048576K
}
Event: 12.104 GC heap after
{Heap after GC invocations=14 (full 0):
 garbage-first heap   total 45056K, used 24316K [0x00000000c2c00000, 0x0000000100000000)
  region size 1024K, 3 young (3072K), 3 survivors (3072K)
 Metaspace       used 47435K, committed 48064K, reserved 1114112K
  class space    used 6128K, committed 6400K, reserved 1048576K
}
Event: 13.427 GC heap before
{Heap before GC invocations=14 (full 0):
 garbage-first heap   total 45056K, used 37628K [0x00000000c2c00000, 0x0000000100000000)
  region size 1024K, 17 young (17408K), 3 survivors (3072K)
 Metaspace       used 51528K, committed 52096K, reserved 1114112K
  class space    used 6657K, committed 6912K, reserved 1048576K
}
Event: 13.435 GC heap after
{Heap after GC invocations=15 (full 0):
 garbage-first heap   total 45056K, used 25662K [0x00000000c2c00000, 0x0000000100000000)
  region size 1024K, 2 young (2048K), 2 survivors (2048K)
 Metaspace       used 51528K, committed 52096K, reserved 1114112K
  class space    used 6657K, committed 6912K, reserved 1048576K
}
Event: 14.001 GC heap before
{Heap before GC invocations=16 (full 0):
 garbage-first heap   total 48128K, used 37950K [0x00000000c2c00000, 0x0000000100000000)
  region size 1024K, 15 young (15360K), 2 survivors (2048K)
 Metaspace       used 54371K, committed 54848K, reserved 1114112K
  class space    used 7015K, committed 7232K, reserved 1048576K
}
Event: 14.006 GC heap after
{Heap after GC invocations=17 (full 0):
 garbage-first heap   total 48128K, used 26373K [0x00000000c2c00000, 0x0000000100000000)
  region size 1024K, 1 young (1024K), 1 survivors (1024K)
 Metaspace       used 54371K, committed 54848K, reserved 1114112K
  class space    used 7015K, committed 7232K, reserved 1048576K
}
Event: 14.811 GC heap before
{Heap before GC invocations=17 (full 0):
 garbage-first heap   total 48128K, used 41733K [0x00000000c2c00000, 0x0000000100000000)
  region size 1024K, 17 young (17408K), 1 survivors (1024K)
 Metaspace       used 60089K, committed 60608K, reserved 1114112K
  class space    used 7975K, committed 8192K, reserved 1048576K
}
Event: 14.815 GC heap after
{Heap after GC invocations=18 (full 0):
 garbage-first heap   total 48128K, used 26868K [0x00000000c2c00000, 0x0000000100000000)
  region size 1024K, 2 young (2048K), 2 survivors (2048K)
 Metaspace       used 60089K, committed 60608K, reserved 1114112K
  class space    used 7975K, committed 8192K, reserved 1048576K
}
Event: 15.456 GC heap before
{Heap before GC invocations=18 (full 0):
 garbage-first heap   total 48128K, used 41204K [0x00000000c2c00000, 0x0000000100000000)
  region size 1024K, 17 young (17408K), 2 survivors (2048K)
 Metaspace       used 63719K, committed 64448K, reserved 1114112K
  class space    used 8487K, committed 8832K, reserved 1048576K
}
Event: 15.461 GC heap after
{Heap after GC invocations=19 (full 0):
 garbage-first heap   total 48128K, used 27904K [0x00000000c2c00000, 0x0000000100000000)
  region size 1024K, 3 young (3072K), 3 survivors (3072K)
 Metaspace       used 63719K, committed 64448K, reserved 1114112K
  class space    used 8487K, committed 8832K, reserved 1048576K
}
Event: 16.360 GC heap before
{Heap before GC invocations=20 (full 0):
 garbage-first heap   total 51200K, used 41216K [0x00000000c2c00000, 0x0000000100000000)
  region size 1024K, 16 young (16384K), 3 survivors (3072K)
 Metaspace       used 65994K, committed 66688K, reserved 1114112K
  class space    used 8794K, committed 9088K, reserved 1048576K
}
Event: 16.373 GC heap after
{Heap after GC invocations=21 (full 0):
 garbage-first heap   total 51200K, used 29387K [0x00000000c2c00000, 0x0000000100000000)
  region size 1024K, 2 young (2048K), 2 survivors (2048K)
 Metaspace       used 65994K, committed 66688K, reserved 1114112K
  class space    used 8794K, committed 9088K, reserved 1048576K
}
Event: 18.218 GC heap before
{Heap before GC invocations=21 (full 0):
 garbage-first heap   total 51200K, used 44747K [0x00000000c2c00000, 0x0000000100000000)
  region size 1024K, 17 young (17408K), 2 survivors (2048K)
 Metaspace       used 67666K, committed 68352K, reserved 1114112K
  class space    used 9010K, committed 9344K, reserved 1048576K
}
Event: 18.228 GC heap after
{Heap after GC invocations=22 (full 0):
 garbage-first heap   total 51200K, used 31066K [0x00000000c2c00000, 0x0000000100000000)
  region size 1024K, 3 young (3072K), 3 survivors (3072K)
 Metaspace       used 67666K, committed 68352K, reserved 1114112K
  class space    used 9010K, committed 9344K, reserved 1048576K
}
Event: 18.894 GC heap before
{Heap before GC invocations=22 (full 0):
 garbage-first heap   total 51200K, used 44378K [0x00000000c2c00000, 0x0000000100000000)
  region size 1024K, 16 young (16384K), 3 survivors (3072K)
 Metaspace       used 69471K, committed 70208K, reserved 1114112K
  class space    used 9269K, committed 9600K, reserved 1048576K
}
Event: 18.904 GC heap after
{Heap after GC invocations=23 (full 0):
 garbage-first heap   total 51200K, used 32990K [0x00000000c2c00000, 0x0000000100000000)
  region size 1024K, 2 young (2048K), 2 survivors (2048K)
 Metaspace       used 69471K, committed 70208K, reserved 1114112K
  class space    used 9269K, committed 9600K, reserved 1048576K
}
Event: 36.372 GC heap before
{Heap before GC invocations=24 (full 0):
 garbage-first heap   total 58368K, used 44254K [0x00000000c2c00000, 0x0000000100000000)
  region size 1024K, 13 young (13312K), 2 survivors (2048K)
 Metaspace       used 71829K, committed 72576K, reserved 1114112K
  class space    used 9580K, committed 9920K, reserved 1048576K
}
Event: 36.381 GC heap after
{Heap after GC invocations=25 (full 0):
 garbage-first heap   total 58368K, used 34226K [0x00000000c2c00000, 0x0000000100000000)
  region size 1024K, 2 young (2048K), 2 survivors (2048K)
 Metaspace       used 71829K, committed 72576K, reserved 1114112K
  class space    used 9580K, committed 9920K, reserved 1048576K
}

Dll operation events (14 events):
Event: 0.063 Loaded shared library C:\Program Files\Java\jdk-21\bin\java.dll
Event: 0.149 Loaded shared library C:\Program Files\Java\jdk-21\bin\jsvml.dll
Event: 0.385 Loaded shared library C:\Program Files\Java\jdk-21\bin\zip.dll
Event: 0.392 Loaded shared library C:\Program Files\Java\jdk-21\bin\instrument.dll
Event: 0.402 Loaded shared library C:\Program Files\Java\jdk-21\bin\net.dll
Event: 0.407 Loaded shared library C:\Program Files\Java\jdk-21\bin\nio.dll
Event: 0.413 Loaded shared library C:\Program Files\Java\jdk-21\bin\zip.dll
Event: 0.576 Loaded shared library C:\Users\MINEDUCYT\Music\bin\breakgen64.dll
Event: 0.596 Loaded shared library C:\Program Files\Java\jdk-21\bin\extnet.dll
Event: 0.671 Loaded shared library C:\Program Files\Java\jdk-21\bin\jimage.dll
Event: 1.431 Loaded shared library C:\Program Files\Java\jdk-21\bin\management.dll
Event: 1.436 Loaded shared library C:\Program Files\Java\jdk-21\bin\management_ext.dll
Event: 4.585 Loaded shared library C:\Program Files\Java\jdk-21\bin\sunmscapi.dll
Event: 10.376 Loaded shared library C:\Program Files\Java\jdk-21\bin\verify.dll

Deoptimization events (20 events):
Event: 19.347 Thread 0x00000280228f7000 DEOPT PACKING pc=0x0000027fd2226a6c sp=0x0000008a725fea20
Event: 19.347 Thread 0x00000280228f7000 DEOPT UNPACKING pc=0x0000027fd198469c sp=0x0000008a725fe958 mode 2
Event: 19.347 Thread 0x00000280228f7000 Uncommon trap: trap_request=0xffffffde fr.pc=0x0000027fd2226a6c relative=0x00000000000001ec
Event: 19.347 Thread 0x00000280228f7000 Uncommon trap: reason=class_check action=maybe_recompile pc=0x0000027fd2226a6c method=org.springframework.util.ConcurrentReferenceHashMap$ReferenceManager.pollForPurge()Lorg/springframework/util/ConcurrentReferenceHashMap$Reference; @ 7 c2
Event: 19.347 Thread 0x00000280228f7000 DEOPT PACKING pc=0x0000027fd2226a6c sp=0x0000008a725fea20
Event: 19.347 Thread 0x00000280228f7000 DEOPT UNPACKING pc=0x0000027fd198469c sp=0x0000008a725fe958 mode 2
Event: 19.347 Thread 0x00000280228f7000 Uncommon trap: trap_request=0xffffffde fr.pc=0x0000027fd2226a6c relative=0x00000000000001ec
Event: 19.347 Thread 0x00000280228f7000 Uncommon trap: reason=class_check action=maybe_recompile pc=0x0000027fd2226a6c method=org.springframework.util.ConcurrentReferenceHashMap$ReferenceManager.pollForPurge()Lorg/springframework/util/ConcurrentReferenceHashMap$Reference; @ 7 c2
Event: 19.347 Thread 0x00000280228f7000 DEOPT PACKING pc=0x0000027fd2226a6c sp=0x0000008a725fea20
Event: 19.347 Thread 0x00000280228f7000 DEOPT UNPACKING pc=0x0000027fd198469c sp=0x0000008a725fe958 mode 2
Event: 19.347 Thread 0x00000280228f7000 Uncommon trap: trap_request=0xffffffde fr.pc=0x0000027fd2226a6c relative=0x00000000000001ec
Event: 19.347 Thread 0x00000280228f7000 Uncommon trap: reason=class_check action=maybe_recompile pc=0x0000027fd2226a6c method=org.springframework.util.ConcurrentReferenceHashMap$ReferenceManager.pollForPurge()Lorg/springframework/util/ConcurrentReferenceHashMap$Reference; @ 7 c2
Event: 19.347 Thread 0x00000280228f7000 DEOPT PACKING pc=0x0000027fd2226a6c sp=0x0000008a725fea20
Event: 19.347 Thread 0x00000280228f7000 DEOPT UNPACKING pc=0x0000027fd198469c sp=0x0000008a725fe958 mode 2
Event: 19.419 Thread 0x00000280228f7000 Uncommon trap: trap_request=0xffffff45 fr.pc=0x0000027fd21d3030 relative=0x0000000000000110
Event: 19.419 Thread 0x00000280228f7000 Uncommon trap: reason=unstable_if action=reinterpret pc=0x0000027fd21d3030 method=java.util.ArrayList.indexOfRange(Ljava/lang/Object;II)I @ 7 c2
Event: 19.419 Thread 0x00000280228f7000 DEOPT PACKING pc=0x0000027fd21d3030 sp=0x0000008a725fe740
Event: 19.419 Thread 0x00000280228f7000 DEOPT UNPACKING pc=0x0000027fd198469c sp=0x0000008a725fe6c0 mode 2
Event: 19.433 Thread 0x00000280228f7000 DEOPT PACKING pc=0x0000027fca42b0ee sp=0x0000008a725fe7f0
Event: 19.433 Thread 0x00000280228f7000 DEOPT UNPACKING pc=0x0000027fd1984e23 sp=0x0000008a725fdcc8 mode 0

Classes loaded (20 events):
Event: 36.078 Loading class sun/nio/cs/ThreadLocalCoders$2
Event: 36.078 Loading class sun/nio/cs/ThreadLocalCoders$2 done
Event: 36.328 Loading class java/util/concurrent/locks/ReentrantReadWriteLock$FairSync
Event: 36.329 Loading class java/util/concurrent/locks/ReentrantReadWriteLock$FairSync done
Event: 36.606 Loading class java/lang/EnumBeanInfo
Event: 36.606 Loading class java/lang/EnumBeanInfo done
Event: 36.607 Loading class java/lang/EnumBeanInfo
Event: 36.607 Loading class java/lang/EnumBeanInfo done
Event: 36.607 Loading class java/lang/ObjectBeanInfo
Event: 36.607 Loading class java/lang/ObjectBeanInfo done
Event: 36.609 Loading class java/lang/ObjectBeanInfo
Event: 36.609 Loading class java/lang/ObjectBeanInfo done
Event: 36.609 Loading class java/lang/ObjectCustomizer
Event: 36.609 Loading class java/lang/ObjectCustomizer done
Event: 36.610 Loading class java/lang/ObjectCustomizer
Event: 36.610 Loading class java/lang/ObjectCustomizer done
Event: 36.612 Loading class java/lang/EnumCustomizer
Event: 36.612 Loading class java/lang/EnumCustomizer done
Event: 36.613 Loading class java/lang/EnumCustomizer
Event: 36.613 Loading class java/lang/EnumCustomizer done

Classes unloaded (0 events):
No events

Classes redefined (0 events):
No events

Internal exceptions (20 events):
Event: 18.643 Thread 0x00000280228f7000 Exception <a 'java/lang/NoSuchMethodError'{0x00000000c5547968}: 'java.lang.Object java.lang.invoke.DirectMethodHandle$Holder.invokeStatic(java.lang.Object, java.lang.Object, int, java.lang.Object, java.lang.Object)'> (0x00000000c5547968) 
thrown [s\open\src\hotspot\share\interpreter\linkResolver.cpp, line 773]
Event: 18.644 Thread 0x00000280228f7000 Exception <a 'java/lang/NoSuchMethodError'{0x00000000c554f020}: 'java.lang.Object java.lang.invoke.DelegatingMethodHandle$Holder.reinvoke_L(java.lang.Object, java.lang.Object, int, java.lang.Object, java.lang.Object)'> (0x00000000c554f020) 
thrown [s\open\src\hotspot\share\interpreter\linkResolver.cpp, line 773]
Event: 18.649 Thread 0x00000280228f7000 Implicit null exception at 0x0000027fd2241cf7 to 0x0000027fd2242090
Event: 18.658 Thread 0x00000280228f7000 Exception <a 'java/lang/ClassNotFoundException'{0x00000000c55a0930}: nz/net/ultraq/thymeleaf/layoutdialect/LayoutDialectBeanInfo> (0x00000000c55a0930) 
thrown [s\open\src\hotspot\share\classfile\systemDictionary.cpp, line 312]
Event: 18.659 Thread 0x00000280228f7000 Exception <a 'java/lang/ClassNotFoundException'{0x00000000c55a5480}: org/thymeleaf/dialect/AbstractProcessorDialectBeanInfo> (0x00000000c55a5480) 
thrown [s\open\src\hotspot\share\classfile\systemDictionary.cpp, line 312]
Event: 18.659 Thread 0x00000280228f7000 Exception <a 'java/lang/ClassNotFoundException'{0x00000000c55a9da8}: org/thymeleaf/dialect/AbstractDialectBeanInfo> (0x00000000c55a9da8) 
thrown [s\open\src\hotspot\share\classfile\systemDictionary.cpp, line 312]
Event: 18.662 Thread 0x00000280228f7000 Exception <a 'java/lang/ClassNotFoundException'{0x00000000c55ae788}: org/thymeleaf/dialect/AbstractDialectCustomizer> (0x00000000c55ae788) 
thrown [s\open\src\hotspot\share\classfile\systemDictionary.cpp, line 312]
Event: 18.664 Thread 0x00000280228f7000 Exception <a 'java/lang/ClassNotFoundException'{0x00000000c55b58f0}: org/thymeleaf/dialect/AbstractProcessorDialectCustomizer> (0x00000000c55b58f0) 
thrown [s\open\src\hotspot\share\classfile\systemDictionary.cpp, line 312]
Event: 18.666 Thread 0x00000280228f7000 Exception <a 'java/lang/ClassNotFoundException'{0x00000000c55bdc78}: nz/net/ultraq/thymeleaf/layoutdialect/LayoutDialectCustomizer> (0x00000000c55bdc78) 
thrown [s\open\src\hotspot\share\classfile\systemDictionary.cpp, line 312]
Event: 18.679 Thread 0x00000280228f7000 Exception <a 'java/lang/NoSuchMethodError'{0x00000000c54047b0}: 'int java.lang.invoke.DelegatingMethodHandle$Holder.reinvoke_L(java.lang.Object)'> (0x00000000c54047b0) 
thrown [s\open\src\hotspot\share\interpreter\linkResolver.cpp, line 773]
Event: 18.726 Thread 0x00000280228f7000 Exception <a 'java/lang/IncompatibleClassChangeError'{0x00000000c53037e0}: Found class java.lang.Object, but interface was expected> (0x00000000c53037e0) 
thrown [s\open\src\hotspot\share\interpreter\linkResolver.cpp, line 840]
Event: 18.745 Thread 0x00000280228f7000 Implicit null exception at 0x0000027fd20539e8 to 0x0000027fd2053c44
Event: 19.352 Thread 0x00000280228f7000 Exception <a 'java/lang/NoSuchMethodError'{0x00000000c6321ea8}: 'java.lang.Object java.lang.invoke.DirectMethodHandle$Holder.newInvokeSpecial(java.lang.Object, java.lang.Object, int, java.lang.Object, java.lang.Object)'> (0x00000000c6321ea8) 
thrown [s\open\src\hotspot\share\interpreter\linkResolver.cpp, line 773]
Event: 36.064 Thread 0x0000028023b11370 Exception <a 'java/lang/NoSuchMethodError'{0x00000000c5fa77a8}: 'java.lang.Object java.lang.invoke.DirectMethodHandle$Holder.invokeSpecial(java.lang.Object, java.lang.Object, java.lang.Object, java.lang.Object, java.lang.Object, long)'> (0x00000000c5fa77a8) 
thrown [s\open\src\hotspot\share\interpreter\linkResolver.cpp, line 773]
Event: 36.065 Thread 0x0000028023b11370 Exception <a 'java/lang/NoSuchMethodError'{0x00000000c5faaf68}: 'java.lang.Object java.lang.invoke.Invokers$Holder.linkToTargetMethod(java.lang.Object, java.lang.Object, java.lang.Object, long, java.lang.Object)'> (0x00000000c5faaf68) 
thrown [s\open\src\hotspot\share\interpreter\linkResolver.cpp, line 773]
Event: 36.605 Thread 0x0000028023b11370 Exception <a 'java/lang/ClassNotFoundException'{0x00000000c63a9f08}: org/thymeleaf/templatemode/TemplateModeBeanInfo> (0x00000000c63a9f08) 
thrown [s\open\src\hotspot\share\classfile\systemDictionary.cpp, line 312]
Event: 36.607 Thread 0x0000028023b11370 Exception <a 'java/lang/ClassNotFoundException'{0x00000000c63ad9d0}: java/lang/EnumBeanInfo> (0x00000000c63ad9d0) 
thrown [s\open\src\hotspot\share\classfile\systemDictionary.cpp, line 312]
Event: 36.609 Thread 0x0000028023b11370 Exception <a 'java/lang/ClassNotFoundException'{0x00000000c63b14a0}: java/lang/ObjectBeanInfo> (0x00000000c63b14a0) 
thrown [s\open\src\hotspot\share\classfile\systemDictionary.cpp, line 312]
Event: 36.610 Thread 0x0000028023b11370 Exception <a 'java/lang/ClassNotFoundException'{0x00000000c63b5238}: java/lang/ObjectCustomizer> (0x00000000c63b5238) 
thrown [s\open\src\hotspot\share\classfile\systemDictionary.cpp, line 312]
Event: 36.613 Thread 0x0000028023b11370 Exception <a 'java/lang/ClassNotFoundException'{0x00000000c63bcd88}: java/lang/EnumCustomizer> (0x00000000c63bcd88) 
thrown [s\open\src\hotspot\share\classfile\systemDictionary.cpp, line 312]

ZGC Phase Switch (0 events):
No events

VM Operations (20 events):
Event: 19.062 Executing VM operation: G1PauseCleanup
Event: 19.065 Executing VM operation: G1PauseCleanup done
Event: 19.346 Executing VM operation: HandshakeAllThreads (Deoptimize)
Event: 19.346 Executing VM operation: HandshakeAllThreads (Deoptimize) done
Event: 20.361 Executing VM operation: Cleanup
Event: 20.361 Executing VM operation: Cleanup done
Event: 22.376 Executing VM operation: Cleanup
Event: 22.376 Executing VM operation: Cleanup done
Event: 25.401 Executing VM operation: Cleanup
Event: 25.401 Executing VM operation: Cleanup done
Event: 36.110 Executing VM operation: HandshakeAllThreads (Deoptimize)
Event: 36.111 Executing VM operation: HandshakeAllThreads (Deoptimize) done
Event: 36.111 Executing VM operation: Cleanup
Event: 36.111 Executing VM operation: Cleanup done
Event: 36.252 Executing VM operation: HandshakeAllThreads (Deoptimize)
Event: 36.252 Executing VM operation: HandshakeAllThreads (Deoptimize) done
Event: 36.272 Executing VM operation: HandshakeAllThreads (Deoptimize)
Event: 36.272 Executing VM operation: HandshakeAllThreads (Deoptimize) done
Event: 36.372 Executing VM operation: G1CollectForAllocation (G1 Evacuation Pause)
Event: 36.381 Executing VM operation: G1CollectForAllocation (G1 Evacuation Pause) done

Events (20 events):
Event: 19.213 Thread 0x0000028023b0f2a0 Thread added: 0x0000028023b0f2a0
Event: 19.225 Thread 0x0000028023b0f2a0 Thread exited: 0x0000028023b0f2a0
Event: 19.226 Thread 0x0000028023b12db0 Thread added: 0x0000028023b12db0
Event: 19.377 Thread 0x0000028023b11370 Thread added: 0x0000028023b11370
Event: 19.377 Thread 0x0000028023b0f930 Thread added: 0x0000028023b0f930
Event: 19.377 Thread 0x0000028023b0ffc0 Thread added: 0x0000028023b0ffc0
Event: 19.377 Thread 0x0000028023b0cb40 Thread added: 0x0000028023b0cb40
Event: 19.377 Thread 0x0000028023b10650 Thread added: 0x0000028023b10650
Event: 19.377 Thread 0x0000028023b10ce0 Thread added: 0x0000028023b10ce0
Event: 19.377 Thread 0x0000028023b11a00 Thread added: 0x0000028023b11a00
Event: 19.378 Thread 0x0000028023b12090 Thread added: 0x0000028023b12090
Event: 19.378 Thread 0x0000028023b0f2a0 Thread added: 0x0000028023b0f2a0
Event: 19.378 Thread 0x0000028023b13440 Thread added: 0x0000028023b13440
Event: 19.406 Thread 0x0000028023b0e580 Thread added: 0x0000028023b0e580
Event: 19.408 Thread 0x0000028023b0d1d0 Thread added: 0x0000028023b0d1d0
Event: 19.451 Thread 0x00000280228f7000 Thread exited: 0x00000280228f7000
Event: 19.451 Thread 0x000002802279cd30 Thread exited: 0x000002802279cd30
Event: 19.451 Thread 0x0000027fbfe7b5a0 Thread exited: 0x0000027fbfe7b5a0
Event: 19.451 Thread 0x0000028023b0ec10 Thread added: 0x0000028023b0ec10
Event: 20.251 Thread 0x0000028026347960 Thread exited: 0x0000028026347960


Dynamic libraries:
0x00007ff69cf60000 - 0x00007ff69cf70000 	C:\Program Files\Java\jdk-21\bin\java.exe
0x00007ffface30000 - 0x00007fffad028000 	C:\WINDOWS\SYSTEM32\ntdll.dll
0x00007fffabb20000 - 0x00007fffabbe1000 	C:\WINDOWS\System32\KERNEL32.DLL
0x00007fffaab10000 - 0x00007fffaae06000 	C:\WINDOWS\System32\KERNELBASE.dll
0x00007fffaaa10000 - 0x00007fffaab10000 	C:\WINDOWS\System32\ucrtbase.dll
0x00007fffa2bd0000 - 0x00007fffa2be9000 	C:\Program Files\Java\jdk-21\bin\jli.dll
0x00007fffaca60000 - 0x00007fffacb10000 	C:\WINDOWS\System32\ADVAPI32.dll
0x00007fffab740000 - 0x00007fffab7de000 	C:\WINDOWS\System32\msvcrt.dll
0x00007fffac100000 - 0x00007fffac1a0000 	C:\WINDOWS\System32\sechost.dll
0x00007fffaae60000 - 0x00007fffaaf83000 	C:\WINDOWS\System32\RPCRT4.dll
0x00007fffaa9e0000 - 0x00007fffaaa07000 	C:\WINDOWS\System32\bcrypt.dll
0x00007fffab140000 - 0x00007fffab2df000 	C:\WINDOWS\System32\USER32.dll
0x00007fffaa4e0000 - 0x00007fffaa502000 	C:\WINDOWS\System32\win32u.dll
0x00007fffabbf0000 - 0x00007fffabc1b000 	C:\WINDOWS\System32\GDI32.dll
0x00007fffaa7a0000 - 0x00007fffaa8b7000 	C:\WINDOWS\System32\gdi32full.dll
0x00007fffaa700000 - 0x00007fffaa79d000 	C:\WINDOWS\System32\msvcp_win.dll
0x00007fff914a0000 - 0x00007fff9173a000 	C:\WINDOWS\WinSxS\amd64_microsoft.windows.common-controls_6595b64144ccf1df_6.0.19041.4355_none_60b8b9eb71f62e16\COMCTL32.dll
0x00007fff9afd0000 - 0x00007fff9afda000 	C:\WINDOWS\SYSTEM32\VERSION.dll
0x00007fffa2bb0000 - 0x00007fffa2bcb000 	C:\Program Files\Java\jdk-21\bin\VCRUNTIME140.dll
0x00007fffacd10000 - 0x00007fffacd3f000 	C:\WINDOWS\System32\IMM32.DLL
0x00007fffa2ea0000 - 0x00007fffa2eac000 	C:\Program Files\Java\jdk-21\bin\vcruntime140_1.dll
0x00007fff8d300000 - 0x00007fff8d38e000 	C:\Program Files\Java\jdk-21\bin\msvcp140.dll
0x00007fff27f50000 - 0x00007fff28c63000 	C:\Program Files\Java\jdk-21\bin\server\jvm.dll
0x00007fffabc20000 - 0x00007fffabc8b000 	C:\WINDOWS\System32\WS2_32.dll
0x00007fff8e6d0000 - 0x00007fff8e6f7000 	C:\WINDOWS\SYSTEM32\WINMM.dll
0x00007fffaa330000 - 0x00007fffaa37b000 	C:\WINDOWS\SYSTEM32\POWRPROF.dll
0x00007fffaa310000 - 0x00007fffaa322000 	C:\WINDOWS\SYSTEM32\UMPDC.dll
0x00007fffa8cf0000 - 0x00007fffa8d02000 	C:\WINDOWS\SYSTEM32\kernel.appcore.dll
0x00007fffa2d70000 - 0x00007fffa2d7a000 	C:\Program Files\Java\jdk-21\bin\jimage.dll
0x00007fffa8a10000 - 0x00007fffa8bf4000 	C:\WINDOWS\SYSTEM32\DBGHELP.DLL
0x00007fffa0590000 - 0x00007fffa05c4000 	C:\WINDOWS\SYSTEM32\dbgcore.DLL
0x00007fffaa670000 - 0x00007fffaa6f2000 	C:\WINDOWS\System32\bcryptPrimitives.dll
0x00007fffa4900000 - 0x00007fffa490f000 	C:\Program Files\Java\jdk-21\bin\instrument.dll
0x00007fffa1010000 - 0x00007fffa102f000 	C:\Program Files\Java\jdk-21\bin\java.dll
0x00007fffac270000 - 0x00007fffac9dc000 	C:\WINDOWS\System32\SHELL32.dll
0x00007fffa81a0000 - 0x00007fffa893e000 	C:\WINDOWS\SYSTEM32\windows.storage.dll
0x00007fffab3e0000 - 0x00007fffab733000 	C:\WINDOWS\System32\combase.dll
0x00007fffa9e30000 - 0x00007fffa9e5e000 	C:\WINDOWS\SYSTEM32\Wldp.dll
0x00007fffac1a0000 - 0x00007fffac26d000 	C:\WINDOWS\System32\OLEAUT32.dll
0x00007fffab910000 - 0x00007fffab9bd000 	C:\WINDOWS\System32\SHCORE.dll
0x00007fffacb90000 - 0x00007fffacbe5000 	C:\WINDOWS\System32\shlwapi.dll
0x00007fffaa410000 - 0x00007fffaa434000 	C:\WINDOWS\SYSTEM32\profapi.dll
0x00007fff8d220000 - 0x00007fff8d2f7000 	C:\Program Files\Java\jdk-21\bin\jsvml.dll
0x00007fff99f70000 - 0x00007fff99f88000 	C:\Program Files\Java\jdk-21\bin\zip.dll
0x00007fffa05f0000 - 0x00007fffa0600000 	C:\Program Files\Java\jdk-21\bin\net.dll
0x00007fff99370000 - 0x00007fff9947a000 	C:\WINDOWS\SYSTEM32\WINHTTP.dll
0x00007fffa9b90000 - 0x00007fffa9bfa000 	C:\WINDOWS\system32\mswsock.dll
0x00007fff9a280000 - 0x00007fff9a296000 	C:\Program Files\Java\jdk-21\bin\nio.dll
0x00007fffa2fb0000 - 0x00007fffa2fca000 	C:\Users\MINEDUCYT\Music\bin\breakgen64.dll
0x00007fff9a6e0000 - 0x00007fff9a6e9000 	C:\Program Files\Java\jdk-21\bin\extnet.dll
0x00007fffa2fa0000 - 0x00007fffa2faa000 	C:\Program Files\Java\jdk-21\bin\management.dll
0x00007fffa2eb0000 - 0x00007fffa2ebb000 	C:\Program Files\Java\jdk-21\bin\management_ext.dll
0x00007fffaca50000 - 0x00007fffaca58000 	C:\WINDOWS\System32\PSAPI.DLL
0x00007fffa4930000 - 0x00007fffa493e000 	C:\Program Files\Java\jdk-21\bin\sunmscapi.dll
0x00007fffaa510000 - 0x00007fffaa66e000 	C:\WINDOWS\System32\CRYPT32.dll
0x00007fffa9ea0000 - 0x00007fffa9ec9000 	C:\WINDOWS\SYSTEM32\ncrypt.dll
0x00007fffa9e60000 - 0x00007fffa9e9b000 	C:\WINDOWS\SYSTEM32\NTASN1.dll
0x00007fffa9d80000 - 0x00007fffa9d98000 	C:\WINDOWS\SYSTEM32\CRYPTSP.dll
0x00007fffa94b0000 - 0x00007fffa94e4000 	C:\WINDOWS\system32\rsaenh.dll
0x00007fffaa3c0000 - 0x00007fffaa3ee000 	C:\WINDOWS\SYSTEM32\USERENV.dll
0x00007fffa9da0000 - 0x00007fffa9dac000 	C:\WINDOWS\SYSTEM32\CRYPTBASE.dll
0x00007fffa9870000 - 0x00007fffa98ab000 	C:\WINDOWS\SYSTEM32\IPHLPAPI.DLL
0x00007fffab370000 - 0x00007fffab378000 	C:\WINDOWS\System32\NSI.dll
0x00007fff99f50000 - 0x00007fff99f60000 	C:\Program Files\Java\jdk-21\bin\verify.dll
0x00007fffa98b0000 - 0x00007fffa997a000 	C:\WINDOWS\SYSTEM32\DNSAPI.dll
0x00007fff961f0000 - 0x00007fff961fa000 	C:\Windows\System32\rasadhlp.dll
0x00007fff96210000 - 0x00007fff96290000 	C:\WINDOWS\System32\fwpuclnt.dll
0x00007fff8e640000 - 0x00007fff8e647000 	C:\WINDOWS\system32\wshunix.dll

dbghelp: loaded successfully - version: 4.0.5 - missing functions: none
symbol engine: initialized successfully - sym options: 0x614 - pdb path: .;C:\Program Files\Java\jdk-21\bin;C:\WINDOWS\SYSTEM32;C:\WINDOWS\WinSxS\amd64_microsoft.windows.common-controls_6595b64144ccf1df_6.0.19041.4355_none_60b8b9eb71f62e16;C:\Program Files\Java\jdk-21\bin\server;C:\Users\MINEDUCYT\Music\bin

VM Arguments:
jvm_args: -javaagent:C:\Users\MINEDUCYT\Music\lib\idea_rt.jar=53997:C:\Users\MINEDUCYT\Music\bin -Dfile.encoding=UTF-8 -Dsun.stdout.encoding=UTF-8 -Dsun.stderr.encoding=UTF-8 
java_command: org.esfe.FerreteriaAppApplication
java_class_path (initial): C:\Nueva carpeta\Proyecto\FerreteriaApp\target\classes;C:\Users\MINEDUCYT\.m2\repository\org\springframework\boot\spring-boot-starter-data-jpa\3.3.2\spring-boot-starter-data-jpa-3.3.2.jar;C:\Users\MINEDUCYT\.m2\repository\org\springframework\boot\spring-boot-starter-aop\3.3.2\spring-boot-starter-aop-3.3.2.jar;C:\Users\MINEDUCYT\.m2\repository\org\springframework\spring-aop\6.1.11\spring-aop-6.1.11.jar;C:\Users\MINEDUCYT\.m2\repository\org\aspectj\aspectjweaver\1.9.22.1\aspectjweaver-1.9.22.1.jar;C:\Users\MINEDUCYT\.m2\repository\org\springframework\boot\spring-boot-starter-jdbc\3.3.2\spring-boot-starter-jdbc-3.3.2.jar;C:\Users\MINEDUCYT\.m2\repository\com\zaxxer\HikariCP\5.1.0\HikariCP-5.1.0.jar;C:\Users\MINEDUCYT\.m2\repository\org\springframework\spring-jdbc\6.1.11\spring-jdbc-6.1.11.jar;C:\Users\MINEDUCYT\.m2\repository\org\hibernate\orm\hibernate-core\6.5.2.Final\hibernate-core-6.5.2.Final.jar;C:\Users\MINEDUCYT\.m2\repository\jakarta\persistence\jakarta.persistence-api\3.1.0\jakarta.persistence-api-3.1.0.jar;C:\Users\MINEDUCYT\.m2\repository\jakarta\transaction\jakarta.transaction-api\2.0.1\jakarta.transaction-api-2.0.1.jar;C:\Users\MINEDUCYT\.m2\repository\org\jboss\logging\jboss-logging\3.5.3.Final\jboss-logging-3.5.3.Final.jar;C:\Users\MINEDUCYT\.m2\repository\org\hibernate\common\hibernate-commons-annotations\6.0.6.Final\hibernate-commons-annotations-6.0.6.Final.jar;C:\Users\MINEDUCYT\.m2\repository\io\smallrye\jandex\3.1.2\jandex-3.1.2.jar;C:\Users\MINEDUCYT\.m2\repository\com\fasterxml\classmate\1.7.0\classmate-1.7.0.jar;C:\Users\MINEDUCYT\.m2\repository\net\bytebuddy\byte-buddy\1.14.18\byte-buddy-1.14.18.jar;C:\Users\MINEDUCYT\.m2\repository\org\glassfish\jaxb\jaxb-runtime\4.0.5\jaxb-runtime-4.0.5.jar;C:\Users\MINEDUCYT\.m2\repository\org\glassfish\jaxb\jaxb-core\4.0.5\jaxb-core-4.0.5.jar;C:\Users\MINEDUCYT\.m2\repository\org\eclipse\angus\angus-activation\2.0.2\angus-activation-2.0.2.jar;C:\Users\MINEDUCYT\.m2\repository\org\glassfish\jaxb\txw2\4.0.5\txw2-4.0.5.jar;C:\Users\MINEDUCYT\.m2\repository\com\sun\istack\istack-commons-runtime\4.1.2\istack-commons-runtime-4.1.2.jar;C:\Users\MINEDUCYT\.m2\repository\jakarta\inject\jakarta.inject-api\2.0.1\jakarta.inject-api-2.0.1.jar;C:\Users\MINEDUCYT\.m2\repository\org\antlr\antlr4-runtime\4.13.0\antlr4-runtime-4.13.0.jar;C:\Users\MINEDUCYT\.m2\repository\org\springframework\data\spring-data-jpa\3.3.2\spring-data-jpa-3.3.2.jar;C:\Users\MINEDUCYT\.m2\repository\org\springframework\data\spring-data-commons\3.3.2\spring-data-commons-3.3.2.jar;C:\Users\MINEDUCYT\.m2\repository\org\springframework\spring-orm\6.1.11\spring-orm-6.1.11.jar;C:\Users\MINEDUCYT\.m2\repository\org\springframework\spring-context\6.1.11\spring-context-6.1.11.jar;C:\Users\MINEDUCYT\.m2\repository\org\springframework\spring-tx\6.1.11\spring-tx-6.1.11.jar;C:\Users\MINEDUCYT\.m2\repository\org\springframework\spring-beans\6.1.11\spring-beans-6.1.11.jar;C:\Users\MINEDUCYT\.m2\repository\jakarta\annotation\jakarta.annotation-api\2.1.1\jakarta.annotation-api-2.1.1.jar;C:\Users\MINEDUCYT\.m2\repository\org\springframework\spring-aspects\6.1.11\spring-aspects-6.1.11.jar;C:\Users\MINEDUCYT\.m2\repository\org\springframework\boot\spring-boot-starter-thymeleaf\3.3.2\spring-boot-starter-thymeleaf-3.3.2.jar;C:\Users\MINEDUCYT\.m2\repository\org\springframework\boot\spring-boot-starter\3.3.2\spring-boot-starter-3.3.2.jar;C:\Users\MINEDUCYT\.m2\repository\org\springframework\boot\spring-boot-starter-logging\3.3.2\spring-boot-starter-logging-3.3.2.jar;C:\Users\MINEDUCYT\.m2\repository\ch\qos\logback\logback-classic\1.5.6\logback-classic-1.5.6.jar;C:\Users\MINEDUCYT\.m2\repository\ch\qos\logback\logback-core\1.5.6\logback-core-1.5.6.jar;C:\Users\MINEDUCYT\.m2\repository\org\apache\logging\log4j\log4j-to-slf4j\2.23.1\log4j-to-slf4j-2.23.1.jar;C:\Users\MINEDUCYT\.m2\repository\org\apache\logging\log4j\log4j-api\2.23.1\log4j-api-2.23.1.jar;C:\Users\MINEDUCYT\.m2\repository\org\slf4j\jul-to-slf4j\2.0.13\jul-to-slf4j-2.0.13.jar;C:\Users\MINEDUCYT\.m2\repository\org\yaml\snakeyaml\2.2\snakeyaml-2.2.jar;C:\Users\MINEDUCYT\.m2\repository\org\thymeleaf\thymeleaf-spring6\3.1.2.RELEASE\thymeleaf-spring6-3.1.2.RELEASE.jar;C:\Users\MINEDUCYT\.m2\repository\org\springframework\boot\spring-boot-starter-web\3.3.2\spring-boot-starter-web-3.3.2.jar;C:\Users\MINEDUCYT\.m2\repository\org\springframework\boot\spring-boot-starter-json\3.3.2\spring-boot-starter-json-3.3.2.jar;C:\Users\MINEDUCYT\.m2\repository\com\fasterxml\jackson\core\jackson-databind\2.17.2\jackson-databind-2.17.2.jar;C:\Users\MINEDUCYT\.m2\repository\com\fasterxml\jackson\core\jackson-annotations\2.17.2\jackson-annotations-2.17.2.jar;C:\Users\MINEDUCYT\.m2\repository\com\fasterxml\jackson\core\jackson-core\2.17.2\jackson-core-2.17.2.jar;C:\Users\MINEDUCYT\.m2\repository\com\fasterxml\jackson\datatype\jackson-datatype-jdk8\2.17.2\jackson-datatype-jdk8-2.17.2.jar;C:\Users\MINEDUCYT\.m2\repository\com\fasterxml\jackson\datatype\jackson-datatype-jsr310\2.17.2\jackson-datatype-jsr310-2.17.2.jar;C:\Users\MINEDUCYT\.m2\repository\com\fasterxml\jackson\module\jackson-module-parameter-names\2.17.2\jackson-module-parameter-names-2.17.2.jar;C:\Users\MINEDUCYT\.m2\repository\org\springframework\boot\spring-boot-starter-tomcat\3.3.2\spring-boot-starter-tomcat-3.3.2.jar;C:\Users\MINEDUCYT\.m2\repository\org\apache\tomcat\embed\tomcat-embed-core\10.1.26\tomcat-embed-core-10.1.26.jar;C:\Users\MINEDUCYT\.m2\repository\org\apache\tomcat\embed\tomcat-embed-websocket\10.1.26\tomcat-embed-websocket-10.1.26.jar;C:\Users\MINEDUCYT\.m2\repository\org\springframework\spring-web\6.1.11\spring-web-6.1.11.jar;C:\Users\MINEDUCYT\.m2\repository\io\micrometer\micrometer-observation\1.13.2\micrometer-observation-1.13.2.jar;C:\Users\MINEDUCYT\.m2\repository\io\micrometer\micrometer-commons\1.13.2\micrometer-commons-1.13.2.jar;C:\Users\MINEDUCYT\.m2\repository\org\springframework\spring-webmvc\6.1.11\spring-webmvc-6.1.11.jar;C:\Users\MINEDUCYT\.m2\repository\org\springframework\spring-expression\6.1.11\spring-expression-6.1.11.jar;C:\Users\MINEDUCYT\.m2\repository\org\springframework\boot\spring-boot-starter-validation\3.3.2\spring-boot-starter-validation-3.3.2.jar;C:\Users\MINEDUCYT\.m2\repository\org\apache\tomcat\embed\tomcat-embed-el\10.1.26\tomcat-embed-el-10.1.26.jar;C:\Users\MINEDUCYT\.m2\repository\org\hibernate\validator\hibernate-validator\8.0.1.Final\hibernate-validator-8.0.1.Final.jar;C:\Users\MINEDUCYT\.m2\repository\jakarta\validation\jakarta.validation-api\3.0.2\jakarta.validation-api-3.0.2.jar;C:\Users\MINEDUCYT\.m2\repository\org\springframework\boot\spring-boot-devtools\3.3.2\spring-boot-devtools-3.3.2.jar;C:\Users\MINEDUCYT\.m2\repository\org\springframework\boot\spring-boot\3.3.2\spring-boot-3.3.2.jar;C:\Users\MINEDUCYT\.m2\repository\org\springframework\boot\spring-boot-autoconfigure\3.3.2\spring-boot-autoconfigure-3.3.2.jar;C:\Users\MINEDUCYT\.m2\repository\com\mysql\mysql-connector-j\8.3.0\mysql-connector-j-8.3.0.jar;C:\Users\MINEDUCYT\.m2\repository\nz\net\ultraq\thymeleaf\thymeleaf-layout-dialect\3.3.0\thymeleaf-layout-dialect-3.3.0.jar;C:\Users\MINEDUCYT\.m2\repository\org\apache\groovy\groovy\4.0.22\groovy-4.0.22.jar;C:\Users\MINEDUCYT\.m2\repository\nz\net\ultraq\groovy\groovy-extensions\2.1.0\groovy-extensions-2.1.0.jar;C:\Users\MINEDUCYT\.m2\repository\nz\net\ultraq\thymeleaf\thymeleaf-expression-processor\3.2.0\thymeleaf-expression-processor-3.2.0.jar;C:\Users\MINEDUCYT\.m2\repository\org\thymeleaf\thymeleaf\3.1.2.RELEASE\thymeleaf-3.1.2.RELEASE.jar;C:\Users\MINEDUCYT\.m2\repository\ognl\ognl\3.3.4\ognl-3.3.4.jar;C:\Users\MINEDUCYT\.m2\repository\org\javassist\javassist\3.29.0-GA\javassist-3.29.0-GA.jar;C:\Users\MINEDUCYT\.m2\repository\org\attoparser\attoparser\2.0.7.RELEASE\attoparser-2.0.7.RELEASE.jar;C:\Users\MINEDUCYT\.m2\repository\org\unbescape\unbescape\1.1.6.RELEASE\unbescape-1.1.6.RELEASE.jar;C:\Users\MINEDUCYT\.m2\repository\org\slf4j\slf4j-api\2.0.13\slf4j-api-2.0.13.jar;C:\Users\MINEDUCYT\.m2\repository\jakarta\xml\bind\jakarta.xml.bind-api\4.0.2\jakarta.xml.bind-api-4.0.2.jar;C:\Users\MINEDUCYT\.m2\repository\jakarta\activation\jakarta.activation-api\2.1.3\jakarta.activation-api-2.1.3.jar;C:\Users\MINEDUCYT\.m2\repository\org\springframework\spring-core\6.1.11\spring-core-6.1.11.jar;C:\Users\MINEDUCYT\.m2\repository\org\springframework\spring-jcl\6.1.11\spring-jcl-6.1.11.jar
Launcher Type: SUN_STANDARD

[Global flags]
     intx CICompilerCount                          = 3                                         {product} {ergonomic}
     uint ConcGCThreads                            = 1                                         {product} {ergonomic}
     uint G1ConcRefinementThreads                  = 4                                         {product} {ergonomic}
   size_t G1HeapRegionSize                         = 1048576                                   {product} {ergonomic}
    uintx GCDrainStackTargetSize                   = 64                                        {product} {ergonomic}
   size_t InitialHeapSize                          = 65011712                                  {product} {ergonomic}
   size_t MarkStackSize                            = 4194304                                   {product} {ergonomic}
   size_t MaxHeapSize                              = 1027604480                                {product} {ergonomic}
   size_t MaxNewSize                               = 616562688                                 {product} {ergonomic}
   size_t MinHeapDeltaBytes                        = 1048576                                   {product} {ergonomic}
   size_t MinHeapSize                              = 8388608                                   {product} {ergonomic}
    uintx NonNMethodCodeHeapSize                   = 5832780                                {pd product} {ergonomic}
    uintx NonProfiledCodeHeapSize                  = 122912730                              {pd product} {ergonomic}
    uintx ProfiledCodeHeapSize                     = 122912730                              {pd product} {ergonomic}
    uintx ReservedCodeCacheSize                    = 251658240                              {pd product} {ergonomic}
     bool SegmentedCodeCache                       = true                                      {product} {ergonomic}
   size_t SoftMaxHeapSize                          = 1027604480                             {manageable} {ergonomic}
     bool UseCompressedOops                        = true                           {product lp64_product} {ergonomic}
     bool UseG1GC                                  = true                                      {product} {ergonomic}
     bool UseLargePagesIndividualAllocation        = false                                  {pd product} {ergonomic}

Logging:
Log output configuration:
 #0: stdout all=warning uptime,level,tags foldmultilines=false
 #1: stderr all=off uptime,level,tags foldmultilines=false

Environment Variables:
PATH=C:\Program Files\Common Files\Oracle\Java\javapath;C:\Python312\Scripts\;C:\Python312\;C:\Program Files\Microsoft\jdk-11.0.16.101-hotspot\bin;C:\WINDOWS\system32;C:\WINDOWS;C:\WINDOWS\System32\Wbem;C:\WINDOWS\System32\WindowsPowerShell\v1.0\;C:\WINDOWS\System32\OpenSSH\;C:\Program Files\Microsoft SQL Server\150\Tools\Binn\;C:\Program Files\Microsoft SQL Server\Client SDK\ODBC\170\Tools\Binn\;C:\Program Files (x86)\Microsoft SQL Server\160\Tools\Binn\;C:\Program Files\Microsoft SQL Server\160\Tools\Binn\;C:\Program Files\Microsoft SQL Server\160\DTS\Binn\;C:\Program Files (x86)\Microsoft SQL Server\160\DTS\Binn\;C:\Program Files\Azure Data Studio\bin;C:\Program Files\dotnet\;C:\Program Files\nodejs\;C:\ProgramData\chocolatey\bin;C:\Users\MINEDUCYT\.config\herd\bin\nvm;C:\Program Files\nodejs;C:\Program Files\Git\cmd;C:\Users\MINEDUCYT\.config\herd\bin;C:\Users\MINEDUCYT\AppData\Local\Microsoft\WindowsApps;C:\Program Files\Azure Data Studio\bin;C:\Users\MINEDUCYT\AppData\Local\Programs\Microsoft VS Code\bin;C:\Users\MINEDUCYT\.dotnet\tools;C:\Users\MINEDUCYT\AppData\Roaming\npm
USERNAME=MINEDUCYT
OS=Windows_NT
PROCESSOR_IDENTIFIER=Intel64 Family 6 Model 122 Stepping 8, GenuineIntel
TMP=C:\Users\MINEDU~1\AppData\Local\Temp
TEMP=C:\Users\MINEDU~1\AppData\Local\Temp




Periodic native trim disabled

---------------  S Y S T E M  ---------------

OS:
 Windows 10 , 64 bit Build 19041 (10.0.19041.4597)
OS uptime: 0 days 1:32 hours

CPU: total 4 (initial active 4) (4 cores per cpu, 1 threads per core) family 6 model 122 stepping 8 microcode 0x16, cx8, cmov, fxsr, mmx, 3dnowpref, sse, sse2, sse3, ssse3, sse4.1, sse4.2, popcnt, tsc, tscinvbit, aes, erms, clmul, sha, clflush, clflushopt, rdtscp, rdpid
Processor Information for all 4 processors :
  Max Mhz: 1101, Current Mhz: 1101, Mhz Limit: 1101

Memory: 4k page, system-wide physical 3917M (360M free)
TotalPageFile size 7463M (AvailPageFile size 3M)
current process WorkingSet (physical memory assigned to process): 252M, peak: 273M
current process commit charge ("private bytes"): 284M, peak: 308M

vm_info: Java HotSpot(TM) 64-Bit Server VM (21.0.4+8-LTS-274) for windows-amd64 JRE (21.0.4+8-LTS-274), built on 2024-06-05T05:23:33Z by "mach5one" with MS VC++ 17.6 (VS2022)

END.
