#
# There is insufficient memory for the Java Runtime Environment to continue.
# Native memory allocation (malloc) failed to allocate 1329296 bytes for Chunk::new
# Possible reasons:
#   The system is out of physical RAM or swap space
#   The process is running with CompressedOops enabled, and the Java Heap may be blocking the growth of the native heap
# Possible solutions:
#   Reduce memory load on the system
#   Increase physical memory or swap space
#   Check if swap backing store is full
#   Decrease Java heap size (-Xmx/-Xms)
#   Decrease number of Java threads
#   Decrease Java thread stack sizes (-Xss)
#   Set larger code cache with -XX:ReservedCodeCacheSize=
#   JVM is running with Unscaled Compressed Oops mode in which the Java heap is
#     placed in the first 4GB address space. The Java Heap base address is the
#     maximum limit for the native heap growth. Please use -XX:HeapBaseMinAddress
#     to set the Java Heap base and to place the Java Heap above 4GB virtual address.
# This output file may be truncated or incomplete.
#
#  Out of Memory Error (arena.cpp:168), pid=3728, tid=3376
#
# JRE version: Java(TM) SE Runtime Environment (21.0.4+8) (build 21.0.4+8-LTS-274)
# Java VM: Java HotSpot(TM) 64-Bit Server VM (21.0.4+8-LTS-274, mixed mode, sharing, tiered, compressed oops, compressed class ptrs, g1 gc, windows-amd64)
# No core dump will be written. Minidumps are not enabled by default on client versions of Windows
#

---------------  S U M M A R Y ------------

Command Line: -javaagent:C:\Users\MINEDUCYT\Music\lib\idea_rt.jar=62971:C:\Users\MINEDUCYT\Music\bin -Dfile.encoding=UTF-8 -Dsun.stdout.encoding=UTF-8 -Dsun.stderr.encoding=UTF-8 org.esfe.FerreteriaAppApplication

Host: Intel(R) Celeron(R) N4120 CPU @ 1.10GHz, 4 cores, 3G,  Windows 10 , 64 bit Build 19041 (10.0.19041.4717)
Time: Thu Aug 22 10:00:19 2024 Hora estándar central (México) elapsed time: 31.426193 seconds (0d 0h 0m 31s)

---------------  T H R E A D  ---------------

Current thread (0x0000012b97a02860):  JavaThread "C2 CompilerThread1" daemon [_thread_in_native, id=3376, stack(0x0000000137f00000,0x0000000138000000) (1024K)]


Current CompileTask:
C2:  31426 7917       4       java.lang.invoke.MethodType::makeImpl (109 bytes)

Stack: [0x0000000137f00000,0x0000000138000000]
Native frames: (J=compiled Java code, j=interpreted, Vv=VM code, C=native code)
V  [jvm.dll+0x6c8e59]
V  [jvm.dll+0x853181]
V  [jvm.dll+0x8556ae]
V  [jvm.dll+0x855d83]
V  [jvm.dll+0x27d526]
V  [jvm.dll+0xc4aad]
V  [jvm.dll+0xc4fe3]
V  [jvm.dll+0x3b3fd2]
V  [jvm.dll+0x3809a5]
V  [jvm.dll+0x37fe1a]
V  [jvm.dll+0x246280]
V  [jvm.dll+0x24585f]
V  [jvm.dll+0x1c69de]
V  [jvm.dll+0x254d49]
V  [jvm.dll+0x2532da]
V  [jvm.dll+0x3ed426]
V  [jvm.dll+0x7fd65b]
V  [jvm.dll+0x6c753d]
C  [ucrtbase.dll+0x21bb2]
C  [KERNEL32.DLL+0x17374]
C  [ntdll.dll+0x4cc91]


---------------  P R O C E S S  ---------------

Threads class SMR info:
_java_thread_list=0x0000012b99bc11c0, length=34, elements={
0x0000012b51d26460, 0x0000012b51d27330, 0x0000012b51d290b0, 0x0000012b51d29b10,
0x0000012b51d2a570, 0x0000012b51d2d7c0, 0x0000012b51d2b6f0, 0x0000012b51d372f0,
0x0000012b9709c300, 0x0000012b97320ea0, 0x0000012b973cd5c0, 0x0000012b98bde160,
0x0000012b98bdc090, 0x0000012b98bddad0, 0x0000012b98bde7f0, 0x0000012b98bdb370,
0x0000012b9ba82be0, 0x0000012b9ba87410, 0x0000012b9ba83270, 0x0000012b9ba87aa0,
0x0000012b9ba894e0, 0x0000012b9ba84620, 0x0000012b9ba88e50, 0x0000012b9ba88130,
0x0000012b9ba84cb0, 0x0000012b9ba86d80, 0x0000012b9ba8a200, 0x0000012b9ba887c0,
0x0000012b9ba83900, 0x0000012b9ba83f90, 0x0000012b9ba85340, 0x0000012b9b585c40,
0x0000012b9b586ff0, 0x0000012b97a02860
}

Java Threads: ( => current thread )
  0x0000012b51d26460 JavaThread "Reference Handler"          daemon [_thread_blocked, id=11192, stack(0x0000000137600000,0x0000000137700000) (1024K)]
  0x0000012b51d27330 JavaThread "Finalizer"                  daemon [_thread_blocked, id=10656, stack(0x0000000137700000,0x0000000137800000) (1024K)]
  0x0000012b51d290b0 JavaThread "Signal Dispatcher"          daemon [_thread_blocked, id=2580, stack(0x0000000137800000,0x0000000137900000) (1024K)]
  0x0000012b51d29b10 JavaThread "Attach Listener"            daemon [_thread_blocked, id=6616, stack(0x0000000137900000,0x0000000137a00000) (1024K)]
  0x0000012b51d2a570 JavaThread "Service Thread"             daemon [_thread_blocked, id=7264, stack(0x0000000137a00000,0x0000000137b00000) (1024K)]
  0x0000012b51d2d7c0 JavaThread "Monitor Deflation Thread"   daemon [_thread_blocked, id=3992, stack(0x0000000137b00000,0x0000000137c00000) (1024K)]
  0x0000012b51d2b6f0 JavaThread "C2 CompilerThread0"         daemon [_thread_blocked, id=980, stack(0x0000000137c00000,0x0000000137d00000) (1024K)]
  0x0000012b51d372f0 JavaThread "C1 CompilerThread0"         daemon [_thread_blocked, id=9876, stack(0x0000000137d00000,0x0000000137e00000) (1024K)]
  0x0000012b9709c300 JavaThread "Common-Cleaner"             daemon [_thread_blocked, id=10464, stack(0x0000000137e00000,0x0000000137f00000) (1024K)]
  0x0000012b97320ea0 JavaThread "Monitor Ctrl-Break"         daemon [_thread_in_native, id=9992, stack(0x0000000138000000,0x0000000138100000) (1024K)]
  0x0000012b973cd5c0 JavaThread "Notification Thread"        daemon [_thread_blocked, id=11000, stack(0x0000000138100000,0x0000000138200000) (1024K)]
  0x0000012b98bde160 JavaThread "Catalina-utility-1"                [_thread_blocked, id=10308, stack(0x0000000138700000,0x0000000138800000) (1024K)]
  0x0000012b98bdc090 JavaThread "Catalina-utility-2"                [_thread_blocked, id=2212, stack(0x0000000138800000,0x0000000138900000) (1024K)]
  0x0000012b98bddad0 JavaThread "container-0"                       [_thread_blocked, id=10340, stack(0x0000000138900000,0x0000000138a00000) (1024K)]
  0x0000012b98bde7f0 JavaThread "mysql-cj-abandoned-connection-cleanup" daemon [_thread_blocked, id=2252, stack(0x0000000138a00000,0x0000000138b00000) (1024K)]
  0x0000012b98bdb370 JavaThread "HikariPool-1 housekeeper"   daemon [_thread_blocked, id=8532, stack(0x0000000138c00000,0x0000000138d00000) (1024K)]
  0x0000012b9ba82be0 JavaThread "File Watcher"               daemon [_thread_blocked, id=9860, stack(0x0000000138d00000,0x0000000138e00000) (1024K)]
  0x0000012b9ba87410 JavaThread "Live Reload Server"         daemon [_thread_in_native, id=2500, stack(0x0000000138f00000,0x0000000139000000) (1024K)]
  0x0000012b9ba83270 JavaThread "http-nio-8080-exec-1"       daemon [_thread_blocked, id=8796, stack(0x0000000138e00000,0x0000000138f00000) (1024K)]
  0x0000012b9ba87aa0 JavaThread "http-nio-8080-exec-2"       daemon [_thread_blocked, id=11980, stack(0x0000000139000000,0x0000000139100000) (1024K)]
  0x0000012b9ba894e0 JavaThread "http-nio-8080-exec-3"       daemon [_thread_blocked, id=8832, stack(0x0000000139100000,0x0000000139200000) (1024K)]
  0x0000012b9ba84620 JavaThread "http-nio-8080-exec-4"       daemon [_thread_blocked, id=3152, stack(0x0000000139200000,0x0000000139300000) (1024K)]
  0x0000012b9ba88e50 JavaThread "http-nio-8080-exec-5"       daemon [_thread_blocked, id=4084, stack(0x0000000139300000,0x0000000139400000) (1024K)]
  0x0000012b9ba88130 JavaThread "http-nio-8080-exec-6"       daemon [_thread_blocked, id=10668, stack(0x0000000139400000,0x0000000139500000) (1024K)]
  0x0000012b9ba84cb0 JavaThread "http-nio-8080-exec-7"       daemon [_thread_blocked, id=12192, stack(0x0000000139500000,0x0000000139600000) (1024K)]
  0x0000012b9ba86d80 JavaThread "http-nio-8080-exec-8"       daemon [_thread_blocked, id=10664, stack(0x0000000139600000,0x0000000139700000) (1024K)]
  0x0000012b9ba8a200 JavaThread "http-nio-8080-exec-9"       daemon [_thread_blocked, id=7700, stack(0x0000000139700000,0x0000000139800000) (1024K)]
  0x0000012b9ba887c0 JavaThread "http-nio-8080-exec-10"      daemon [_thread_blocked, id=12012, stack(0x0000000139800000,0x0000000139900000) (1024K)]
  0x0000012b9ba83900 JavaThread "http-nio-8080-Poller"       daemon [_thread_in_native, id=8240, stack(0x0000000139900000,0x0000000139a00000) (1024K)]
  0x0000012b9ba83f90 JavaThread "http-nio-8080-Acceptor"     daemon [_thread_in_native, id=4232, stack(0x0000000139a00000,0x0000000139b00000) (1024K)]
  0x0000012b9ba85340 JavaThread "DestroyJavaVM"                     [_thread_blocked, id=11636, stack(0x0000000136e00000,0x0000000136f00000) (1024K)]
  0x0000012b9b585c40 JavaThread "ForkJoinPool.commonPool-worker-1" daemon [_thread_blocked, id=11960, stack(0x0000000138500000,0x0000000138600000) (1024K)]
  0x0000012b9b586ff0 JavaThread "ForkJoinPool.commonPool-worker-2" daemon [_thread_blocked, id=4228, stack(0x0000000138600000,0x0000000138700000) (1024K)]
=>0x0000012b97a02860 JavaThread "C2 CompilerThread1"         daemon [_thread_in_native, id=3376, stack(0x0000000137f00000,0x0000000138000000) (1024K)]
Total: 34

Other Threads:
  0x0000012b371d5350 VMThread "VM Thread"                           [id=11936, stack(0x0000000137500000,0x0000000137600000) (1024K)]
  0x0000012b51d0c4e0 WatcherThread "VM Periodic Task Thread"        [id=11280, stack(0x0000000137400000,0x0000000137500000) (1024K)]
  0x0000012b371510e0 WorkerThread "GC Thread#0"                     [id=3068, stack(0x0000000136f00000,0x0000000137000000) (1024K)]
  0x0000012b977e40b0 WorkerThread "GC Thread#1"                     [id=9912, stack(0x0000000138200000,0x0000000138300000) (1024K)]
  0x0000012b97997200 WorkerThread "GC Thread#2"                     [id=11992, stack(0x0000000138300000,0x0000000138400000) (1024K)]
  0x0000012b97895370 WorkerThread "GC Thread#3"                     [id=11548, stack(0x0000000138400000,0x0000000138500000) (1024K)]
  0x0000012b37159a40 ConcurrentGCThread "G1 Main Marker"            [id=4988, stack(0x0000000137000000,0x0000000137100000) (1024K)]
  0x0000012b3715a440 WorkerThread "G1 Conc#0"                       [id=7772, stack(0x0000000137100000,0x0000000137200000) (1024K)]
  0x0000012b371afd50 ConcurrentGCThread "G1 Refine#0"               [id=376, stack(0x0000000137200000,0x0000000137300000) (1024K)]
  0x0000012b371b07c0 ConcurrentGCThread "G1 Service"                [id=8372, stack(0x0000000137300000,0x0000000137400000) (1024K)]
Total: 10

Threads with active compile tasks:
C2 CompilerThread1    31474 7917       4       java.lang.invoke.MethodType::makeImpl (109 bytes)
Total: 1

VM state: not at safepoint (normal execution)

VM Mutex/Monitor currently owned by a thread: None

Heap address: 0x00000000c2c00000, size: 980 MB, Compressed Oops mode: 32-bit

CDS archive(s) mapped at: [0x0000012b52000000-0x0000012b52c90000-0x0000012b52c90000), size 13172736, SharedBaseAddress: 0x0000012b52000000, ArchiveRelocationMode: 1.
Compressed class space mapped at: 0x0000012b53000000-0x0000012b93000000, reserved size: 1073741824
Narrow klass base: 0x0000012b52000000, Narrow klass shift: 0, Narrow klass range: 0x100000000

GC Precious Log:
 CardTable entry size: 512
 Card Set container configuration: InlinePtr #cards 5 size 8 Array Of Cards #cards 12 size 40 Howl #buckets 4 coarsen threshold 1843 Howl Bitmap #cards 512 size 80 coarsen threshold 460 Card regions per heap region 1 cards per card region 2048
 CPUs: 4 total, 4 available
 Memory: 3917M
 Large Page Support: Disabled
 NUMA Support: Disabled
 Compressed Oops: Enabled (32-bit)
 Heap Region Size: 1M
 Heap Min Capacity: 8M
 Heap Initial Capacity: 62M
 Heap Max Capacity: 980M
 Pre-touch: Disabled
 Parallel Workers: 4
 Concurrent Workers: 1
 Concurrent Refinement Workers: 4
 Periodic GC: Disabled

Heap:
 garbage-first heap   total 75776K, used 44461K [0x00000000c2c00000, 0x0000000100000000)
  region size 1024K, 3 young (3072K), 2 survivors (2048K)
 Metaspace       used 79446K, committed 80640K, reserved 1179648K
  class space    used 10508K, committed 11072K, reserved 1048576K

Heap Regions: E=young(eden), S=young(survivor), O=old, HS=humongous(starts), HC=humongous(continues), CS=collection set, F=free, TAMS=top-at-mark-start, PB=parsable bottom
|   0|0x00000000c2c00000, 0x00000000c2d00000, 0x00000000c2d00000|100%|HS|  |TAMS 0x00000000c2c00000| PB 0x00000000c2c00000| Complete 
|   1|0x00000000c2d00000, 0x00000000c2e00000, 0x00000000c2e00000|100%| O|  |TAMS 0x00000000c2d00000| PB 0x00000000c2d00000| Untracked 
|   2|0x00000000c2e00000, 0x00000000c2f00000, 0x00000000c2f00000|100%| O|  |TAMS 0x00000000c2e00000| PB 0x00000000c2e00000| Untracked 
|   3|0x00000000c2f00000, 0x00000000c3000000, 0x00000000c3000000|100%| O|  |TAMS 0x00000000c2f00000| PB 0x00000000c2f00000| Untracked 
|   4|0x00000000c3000000, 0x00000000c3100000, 0x00000000c3100000|100%| O|  |TAMS 0x00000000c3000000| PB 0x00000000c3000000| Untracked 
|   5|0x00000000c3100000, 0x00000000c3200000, 0x00000000c3200000|100%| O|  |TAMS 0x00000000c3100000| PB 0x00000000c3100000| Untracked 
|   6|0x00000000c3200000, 0x00000000c3300000, 0x00000000c3300000|100%| O|  |TAMS 0x00000000c3200000| PB 0x00000000c3200000| Untracked 
|   7|0x00000000c3300000, 0x00000000c3400000, 0x00000000c3400000|100%| O|  |TAMS 0x00000000c3300000| PB 0x00000000c3300000| Untracked 
|   8|0x00000000c3400000, 0x00000000c3500000, 0x00000000c3500000|100%| O|  |TAMS 0x00000000c3400000| PB 0x00000000c3400000| Untracked 
|   9|0x00000000c3500000, 0x00000000c3600000, 0x00000000c3600000|100%| O|  |TAMS 0x00000000c3500000| PB 0x00000000c3500000| Untracked 
|  10|0x00000000c3600000, 0x00000000c3700000, 0x00000000c3700000|100%| O|  |TAMS 0x00000000c3600000| PB 0x00000000c3600000| Untracked 
|  11|0x00000000c3700000, 0x00000000c3800000, 0x00000000c3800000|100%| O|  |TAMS 0x00000000c3700000| PB 0x00000000c3700000| Untracked 
|  12|0x00000000c3800000, 0x00000000c3900000, 0x00000000c3900000|100%| O|  |TAMS 0x00000000c3800000| PB 0x00000000c3800000| Untracked 
|  13|0x00000000c3900000, 0x00000000c3a00000, 0x00000000c3a00000|100%| O|  |TAMS 0x00000000c3900000| PB 0x00000000c3900000| Untracked 
|  14|0x00000000c3a00000, 0x00000000c3b00000, 0x00000000c3b00000|100%| O|  |TAMS 0x00000000c3a00000| PB 0x00000000c3a00000| Untracked 
|  15|0x00000000c3b00000, 0x00000000c3c00000, 0x00000000c3c00000|100%| O|  |TAMS 0x00000000c3b00000| PB 0x00000000c3b00000| Untracked 
|  16|0x00000000c3c00000, 0x00000000c3d00000, 0x00000000c3d00000|100%| O|  |TAMS 0x00000000c3c00000| PB 0x00000000c3c00000| Untracked 
|  17|0x00000000c3d00000, 0x00000000c3e00000, 0x00000000c3e00000|100%| O|Cm|TAMS 0x00000000c3d00000| PB 0x00000000c3d00000| Complete 
|  18|0x00000000c3e00000, 0x00000000c3f00000, 0x00000000c3f00000|100%| O|  |TAMS 0x00000000c3e00000| PB 0x00000000c3e00000| Untracked 
|  19|0x00000000c3f00000, 0x00000000c4000000, 0x00000000c4000000|100%| O|  |TAMS 0x00000000c3f00000| PB 0x00000000c3f00000| Untracked 
|  20|0x00000000c4000000, 0x00000000c4100000, 0x00000000c4100000|100%| O|  |TAMS 0x00000000c4000000| PB 0x00000000c4000000| Untracked 
|  21|0x00000000c4100000, 0x00000000c4200000, 0x00000000c4200000|100%| O|  |TAMS 0x00000000c4100000| PB 0x00000000c4100000| Untracked 
|  22|0x00000000c4200000, 0x00000000c4300000, 0x00000000c4300000|100%| O|  |TAMS 0x00000000c4200000| PB 0x00000000c4200000| Untracked 
|  23|0x00000000c4300000, 0x00000000c4400000, 0x00000000c4400000|100%| O|  |TAMS 0x00000000c4300000| PB 0x00000000c4300000| Untracked 
|  24|0x00000000c4400000, 0x00000000c4500000, 0x00000000c4500000|100%| O|  |TAMS 0x00000000c4400000| PB 0x00000000c4400000| Untracked 
|  25|0x00000000c4500000, 0x00000000c4600000, 0x00000000c4600000|100%| O|  |TAMS 0x00000000c4500000| PB 0x00000000c4500000| Untracked 
|  26|0x00000000c4600000, 0x00000000c4700000, 0x00000000c4700000|100%| O|  |TAMS 0x00000000c4600000| PB 0x00000000c4600000| Untracked 
|  27|0x00000000c4700000, 0x00000000c4800000, 0x00000000c4800000|100%| O|  |TAMS 0x00000000c4700000| PB 0x00000000c4700000| Untracked 
|  28|0x00000000c4800000, 0x00000000c4900000, 0x00000000c4900000|100%| O|  |TAMS 0x00000000c4800000| PB 0x00000000c4800000| Untracked 
|  29|0x00000000c4900000, 0x00000000c4a00000, 0x00000000c4a00000|100%| O|  |TAMS 0x00000000c4900000| PB 0x00000000c4900000| Untracked 
|  30|0x00000000c4a00000, 0x00000000c4b00000, 0x00000000c4b00000|100%| O|  |TAMS 0x00000000c4a00000| PB 0x00000000c4a00000| Untracked 
|  31|0x00000000c4b00000, 0x00000000c4c00000, 0x00000000c4c00000|100%| O|  |TAMS 0x00000000c4b00000| PB 0x00000000c4b00000| Untracked 
|  32|0x00000000c4c00000, 0x00000000c4d00000, 0x00000000c4d00000|100%| O|  |TAMS 0x00000000c4c00000| PB 0x00000000c4c00000| Untracked 
|  33|0x00000000c4d00000, 0x00000000c4e00000, 0x00000000c4e00000|100%| O|  |TAMS 0x00000000c4d00000| PB 0x00000000c4d00000| Untracked 
|  34|0x00000000c4e00000, 0x00000000c4f00000, 0x00000000c4f00000|100%| O|  |TAMS 0x00000000c4e00000| PB 0x00000000c4e00000| Untracked 
|  35|0x00000000c4f00000, 0x00000000c5000000, 0x00000000c5000000|100%| O|  |TAMS 0x00000000c4f00000| PB 0x00000000c4f00000| Untracked 
|  36|0x00000000c5000000, 0x00000000c5100000, 0x00000000c5100000|100%| O|  |TAMS 0x00000000c5000000| PB 0x00000000c5000000| Untracked 
|  37|0x00000000c5100000, 0x00000000c516b5c0, 0x00000000c5200000| 41%| O|  |TAMS 0x00000000c5100000| PB 0x00000000c5100000| Untracked 
|  38|0x00000000c5200000, 0x00000000c5300000, 0x00000000c5300000|100%| O|  |TAMS 0x00000000c5200000| PB 0x00000000c5200000| Untracked 
|  39|0x00000000c5300000, 0x00000000c5400000, 0x00000000c5400000|100%| O|  |TAMS 0x00000000c5300000| PB 0x00000000c5300000| Untracked 
|  40|0x00000000c5400000, 0x00000000c5500000, 0x00000000c5500000|100%| O|  |TAMS 0x00000000c5400000| PB 0x00000000c5400000| Untracked 
|  41|0x00000000c5500000, 0x00000000c5500000, 0x00000000c5600000|  0%| F|  |TAMS 0x00000000c5500000| PB 0x00000000c5500000| Untracked 
|  42|0x00000000c5600000, 0x00000000c5600000, 0x00000000c5700000|  0%| F|  |TAMS 0x00000000c5600000| PB 0x00000000c5600000| Untracked 
|  43|0x00000000c5700000, 0x00000000c5700000, 0x00000000c5800000|  0%| F|  |TAMS 0x00000000c5700000| PB 0x00000000c5700000| Untracked 
|  44|0x00000000c5800000, 0x00000000c5800000, 0x00000000c5900000|  0%| F|  |TAMS 0x00000000c5800000| PB 0x00000000c5800000| Untracked 
|  45|0x00000000c5900000, 0x00000000c5900000, 0x00000000c5a00000|  0%| F|  |TAMS 0x00000000c5900000| PB 0x00000000c5900000| Untracked 
|  46|0x00000000c5a00000, 0x00000000c5a00000, 0x00000000c5b00000|  0%| F|  |TAMS 0x00000000c5a00000| PB 0x00000000c5a00000| Untracked 
|  47|0x00000000c5b00000, 0x00000000c5b00000, 0x00000000c5c00000|  0%| F|  |TAMS 0x00000000c5b00000| PB 0x00000000c5b00000| Untracked 
|  48|0x00000000c5c00000, 0x00000000c5c00000, 0x00000000c5d00000|  0%| F|  |TAMS 0x00000000c5c00000| PB 0x00000000c5c00000| Untracked 
|  49|0x00000000c5d00000, 0x00000000c5d00000, 0x00000000c5e00000|  0%| F|  |TAMS 0x00000000c5d00000| PB 0x00000000c5d00000| Untracked 
|  50|0x00000000c5e00000, 0x00000000c5e00000, 0x00000000c5f00000|  0%| F|  |TAMS 0x00000000c5e00000| PB 0x00000000c5e00000| Untracked 
|  51|0x00000000c5f00000, 0x00000000c5f00000, 0x00000000c6000000|  0%| F|  |TAMS 0x00000000c5f00000| PB 0x00000000c5f00000| Untracked 
|  52|0x00000000c6000000, 0x00000000c6000000, 0x00000000c6100000|  0%| F|  |TAMS 0x00000000c6000000| PB 0x00000000c6000000| Untracked 
|  53|0x00000000c6100000, 0x00000000c6100000, 0x00000000c6200000|  0%| F|  |TAMS 0x00000000c6100000| PB 0x00000000c6100000| Untracked 
|  54|0x00000000c6200000, 0x00000000c6200000, 0x00000000c6300000|  0%| F|  |TAMS 0x00000000c6200000| PB 0x00000000c6200000| Untracked 
|  55|0x00000000c6300000, 0x00000000c6300000, 0x00000000c6400000|  0%| F|  |TAMS 0x00000000c6300000| PB 0x00000000c6300000| Untracked 
|  56|0x00000000c6400000, 0x00000000c6400000, 0x00000000c6500000|  0%| F|  |TAMS 0x00000000c6400000| PB 0x00000000c6400000| Untracked 
|  57|0x00000000c6500000, 0x00000000c6500000, 0x00000000c6600000|  0%| F|  |TAMS 0x00000000c6500000| PB 0x00000000c6500000| Untracked 
|  58|0x00000000c6600000, 0x00000000c6600000, 0x00000000c6700000|  0%| F|  |TAMS 0x00000000c6600000| PB 0x00000000c6600000| Untracked 
|  59|0x00000000c6700000, 0x00000000c6800000, 0x00000000c6800000|100%| S|CS|TAMS 0x00000000c6700000| PB 0x00000000c6700000| Complete 
|  60|0x00000000c6800000, 0x00000000c6900000, 0x00000000c6900000|100%| S|CS|TAMS 0x00000000c6800000| PB 0x00000000c6800000| Complete 
|  61|0x00000000c6900000, 0x00000000c6900000, 0x00000000c6a00000|  0%| F|  |TAMS 0x00000000c6900000| PB 0x00000000c6900000| Untracked 
|  62|0x00000000c6a00000, 0x00000000c6a00000, 0x00000000c6b00000|  0%| F|  |TAMS 0x00000000c6a00000| PB 0x00000000c6a00000| Untracked 
|  63|0x00000000c6b00000, 0x00000000c6b00000, 0x00000000c6c00000|  0%| F|  |TAMS 0x00000000c6b00000| PB 0x00000000c6b00000| Untracked 
|  64|0x00000000c6c00000, 0x00000000c6c00000, 0x00000000c6d00000|  0%| F|  |TAMS 0x00000000c6c00000| PB 0x00000000c6c00000| Untracked 
|  65|0x00000000c6d00000, 0x00000000c6d00000, 0x00000000c6e00000|  0%| F|  |TAMS 0x00000000c6d00000| PB 0x00000000c6d00000| Untracked 
|  66|0x00000000c6e00000, 0x00000000c6e00000, 0x00000000c6f00000|  0%| F|  |TAMS 0x00000000c6e00000| PB 0x00000000c6e00000| Untracked 
|  67|0x00000000c6f00000, 0x00000000c6f00000, 0x00000000c7000000|  0%| F|  |TAMS 0x00000000c6f00000| PB 0x00000000c6f00000| Untracked 
|  68|0x00000000c7000000, 0x00000000c7000000, 0x00000000c7100000|  0%| F|  |TAMS 0x00000000c7000000| PB 0x00000000c7000000| Untracked 
|  69|0x00000000c7100000, 0x00000000c7100000, 0x00000000c7200000|  0%| F|  |TAMS 0x00000000c7100000| PB 0x00000000c7100000| Untracked 
|  70|0x00000000c7200000, 0x00000000c7200000, 0x00000000c7300000|  0%| F|  |TAMS 0x00000000c7200000| PB 0x00000000c7200000| Untracked 
|  71|0x00000000c7300000, 0x00000000c7300000, 0x00000000c7400000|  0%| F|  |TAMS 0x00000000c7300000| PB 0x00000000c7300000| Untracked 
|  72|0x00000000c7400000, 0x00000000c74384c0, 0x00000000c7500000| 21%| E|  |TAMS 0x00000000c7400000| PB 0x00000000c7400000| Complete 
| 979|0x00000000fff00000, 0x0000000100000000, 0x0000000100000000|100%| O|Cm|TAMS 0x00000000fff00000| PB 0x00000000fff00000| Complete 

Card table byte_map: [0x0000012b4e780000,0x0000012b4e970000] _byte_map_base: 0x0000012b4e16a000

Marking Bits: (CMBitMap*) 0x0000012b371516e0
 Bits: [0x0000012b4e970000, 0x0000012b4f8c0000)

Polling page: 0x0000012b368e0000

Metaspace:

Usage:
  Non-class:     67.32 MB used.
      Class:     10.26 MB used.
       Both:     77.58 MB used.

Virtual space:
  Non-class space:      128.00 MB reserved,      67.94 MB ( 53%) committed,  2 nodes.
      Class space:        1.00 GB reserved,      10.81 MB (  1%) committed,  1 nodes.
             Both:        1.12 GB reserved,      78.75 MB (  7%) committed. 

Chunk freelists:
   Non-Class:  11.42 MB
       Class:  5.04 MB
        Both:  16.46 MB

MaxMetaspaceSize: unlimited
CompressedClassSpaceSize: 1.00 GB
Initial GC threshold: 21.00 MB
Current GC threshold: 129.06 MB
CDS: on
 - commit_granule_bytes: 65536.
 - commit_granule_words: 8192.
 - virtual_space_node_default_size: 8388608.
 - enlarge_chunks_in_place: 1.
 - use_allocation_guard: 0.


Internal statistics:

num_allocs_failed_limit: 6.
num_arena_births: 1774.
num_arena_deaths: 0.
num_vsnodes_births: 3.
num_vsnodes_deaths: 0.
num_space_committed: 1260.
num_space_uncommitted: 0.
num_chunks_returned_to_freelist: 6.
num_chunks_taken_from_freelist: 4771.
num_chunk_merges: 6.
num_chunk_splits: 3307.
num_chunks_enlarged: 2342.
num_inconsistent_stats: 0.

CodeHeap 'non-profiled nmethods': size=120000Kb used=4140Kb max_used=4140Kb free=115859Kb
 bounds [0x0000012b47060000, 0x0000012b47470000, 0x0000012b4e590000]
CodeHeap 'profiled nmethods': size=120000Kb used=13525Kb max_used=13525Kb free=106474Kb
 bounds [0x0000012b3f590000, 0x0000012b402d0000, 0x0000012b46ac0000]
CodeHeap 'non-nmethods': size=5760Kb used=2957Kb max_used=2992Kb free=2802Kb
 bounds [0x0000012b46ac0000, 0x0000012b46dc0000, 0x0000012b47060000]
 total_blobs=7808 nmethods=6783 adapters=930
 compilation: enabled
              stopped_count=0, restarted_count=0
 full_count=0

Compilation events (20 events):
Event: 31.288 Thread 0x0000012b51d372f0 nmethod 7931 0x0000012b402c8690 code [0x0000012b402c8820, 0x0000012b402c8940]
Event: 31.289 Thread 0x0000012b51d372f0 7932   !   3       java.io.StringReader::mark (44 bytes)
Event: 31.290 Thread 0x0000012b51d372f0 nmethod 7932 0x0000012b402c8a10 code [0x0000012b402c8c00, 0x0000012b402c9090]
Event: 31.290 Thread 0x0000012b51d372f0 7933       1       org.apache.tomcat.util.buf.AbstractChunk::getStart (5 bytes)
Event: 31.290 Thread 0x0000012b51d372f0 nmethod 7933 0x0000012b47390010 code [0x0000012b473901a0, 0x0000012b47390268]
Event: 31.290 Thread 0x0000012b51d372f0 7934       1       org.apache.tomcat.util.http.MimeHeaderField::getValue (5 bytes)
Event: 31.290 Thread 0x0000012b51d372f0 nmethod 7934 0x0000012b4738fd10 code [0x0000012b4738fea0, 0x0000012b4738ff68]
Event: 31.290 Thread 0x0000012b51d372f0 7935       1       org.apache.tomcat.util.buf.MessageBytes::getByteChunk (5 bytes)
Event: 31.290 Thread 0x0000012b51d372f0 nmethod 7935 0x0000012b4738fa10 code [0x0000012b4738fba0, 0x0000012b4738fc68]
Event: 31.290 Thread 0x0000012b51d372f0 7936       1       org.apache.tomcat.util.buf.ByteChunk::getBuffer (5 bytes)
Event: 31.290 Thread 0x0000012b51d372f0 nmethod 7936 0x0000012b4738f710 code [0x0000012b4738f8a0, 0x0000012b4738f968]
Event: 31.296 Thread 0x0000012b51d372f0 7938       1       java.nio.DirectByteBuffer::isReadOnly (2 bytes)
Event: 31.296 Thread 0x0000012b51d372f0 nmethod 7938 0x0000012b4738f410 code [0x0000012b4738f5a0, 0x0000012b4738f668]
Event: 31.298 Thread 0x0000012b51d2b6f0 nmethod 7928 0x0000012b4746a890 code [0x0000012b4746aa80, 0x0000012b4746b6c0]
Event: 31.298 Thread 0x0000012b51d2b6f0 7937       4       java.nio.ByteBuffer::limit (8 bytes)
Event: 31.299 Thread 0x0000012b51d2b6f0 nmethod 7937 0x0000012b4738f090 code [0x0000012b4738f220, 0x0000012b4738f330]
Event: 31.317 Thread 0x0000012b51d372f0 7939       1       org.apache.tomcat.util.net.SocketWrapperBase::getSocket (5 bytes)
Event: 31.318 Thread 0x0000012b51d372f0 nmethod 7939 0x0000012b4738ed90 code [0x0000012b4738ef20, 0x0000012b4738efe8]
Event: 31.333 Thread 0x0000012b51d372f0 7940       3       org.apache.tomcat.util.buf.MessageBytes::recycle (35 bytes)
Event: 31.333 Thread 0x0000012b51d372f0 nmethod 7940 0x0000012b402c9290 code [0x0000012b402c9440, 0x0000012b402c9790]

GC Heap History (20 events):
Event: 16.123 GC heap before
{Heap before GC invocations=15 (full 0):
 garbage-first heap   total 51200K, used 43644K [0x00000000c2c00000, 0x0000000100000000)
  region size 1024K, 19 young (19456K), 2 survivors (2048K)
 Metaspace       used 60404K, committed 61056K, reserved 1114112K
  class space    used 8020K, committed 8320K, reserved 1048576K
}
Event: 16.127 GC heap after
{Heap after GC invocations=16 (full 0):
 garbage-first heap   total 51200K, used 27944K [0x00000000c2c00000, 0x0000000100000000)
  region size 1024K, 2 young (2048K), 2 survivors (2048K)
 Metaspace       used 60404K, committed 61056K, reserved 1114112K
  class space    used 8020K, committed 8320K, reserved 1048576K
}
Event: 17.394 GC heap before
{Heap before GC invocations=16 (full 0):
 garbage-first heap   total 51200K, used 44328K [0x00000000c2c00000, 0x0000000100000000)
  region size 1024K, 19 young (19456K), 2 survivors (2048K)
 Metaspace       used 64953K, committed 65600K, reserved 1114112K
  class space    used 8658K, committed 8960K, reserved 1048576K
}
Event: 17.399 GC heap after
{Heap after GC invocations=17 (full 0):
 garbage-first heap   total 51200K, used 28424K [0x00000000c2c00000, 0x0000000100000000)
  region size 1024K, 2 young (2048K), 2 survivors (2048K)
 Metaspace       used 64953K, committed 65600K, reserved 1114112K
  class space    used 8658K, committed 8960K, reserved 1048576K
}
Event: 18.470 GC heap before
{Heap before GC invocations=17 (full 0):
 garbage-first heap   total 51200K, used 44808K [0x00000000c2c00000, 0x0000000100000000)
  region size 1024K, 19 young (19456K), 2 survivors (2048K)
 Metaspace       used 67817K, committed 68544K, reserved 1114112K
  class space    used 8991K, committed 9280K, reserved 1048576K
}
Event: 18.479 GC heap after
{Heap after GC invocations=18 (full 0):
 garbage-first heap   total 51200K, used 30511K [0x00000000c2c00000, 0x0000000100000000)
  region size 1024K, 3 young (3072K), 3 survivors (3072K)
 Metaspace       used 67817K, committed 68544K, reserved 1114112K
  class space    used 8991K, committed 9280K, reserved 1048576K
}
Event: 19.649 GC heap before
{Heap before GC invocations=19 (full 0):
 garbage-first heap   total 53248K, used 43823K [0x00000000c2c00000, 0x0000000100000000)
  region size 1024K, 16 young (16384K), 3 survivors (3072K)
 Metaspace       used 69004K, committed 69760K, reserved 1114112K
  class space    used 9188K, committed 9536K, reserved 1048576K
}
Event: 19.663 GC heap after
{Heap after GC invocations=20 (full 0):
 garbage-first heap   total 53248K, used 32201K [0x00000000c2c00000, 0x0000000100000000)
  region size 1024K, 2 young (2048K), 2 survivors (2048K)
 Metaspace       used 69004K, committed 69760K, reserved 1114112K
  class space    used 9188K, committed 9536K, reserved 1048576K
}
Event: 20.624 GC heap before
{Heap before GC invocations=20 (full 0):
 garbage-first heap   total 53248K, used 46537K [0x00000000c2c00000, 0x0000000100000000)
  region size 1024K, 16 young (16384K), 2 survivors (2048K)
 Metaspace       used 70961K, committed 71680K, reserved 1114112K
  class space    used 9466K, committed 9792K, reserved 1048576K
}
Event: 20.631 GC heap after
{Heap after GC invocations=21 (full 0):
 garbage-first heap   total 53248K, used 33568K [0x00000000c2c00000, 0x0000000100000000)
  region size 1024K, 2 young (2048K), 2 survivors (2048K)
 Metaspace       used 70961K, committed 71680K, reserved 1114112K
  class space    used 9466K, committed 9792K, reserved 1048576K
}
Event: 28.365 GC heap before
{Heap before GC invocations=21 (full 0):
 garbage-first heap   total 53248K, used 45856K [0x00000000c2c00000, 0x0000000100000000)
  region size 1024K, 15 young (15360K), 2 survivors (2048K)
 Metaspace       used 73772K, committed 74624K, reserved 1114112K
  class space    used 9855K, committed 10240K, reserved 1048576K
}
Event: 28.374 GC heap after
{Heap after GC invocations=22 (full 0):
 garbage-first heap   total 53248K, used 35117K [0x00000000c2c00000, 0x0000000100000000)
  region size 1024K, 2 young (2048K), 2 survivors (2048K)
 Metaspace       used 73772K, committed 74624K, reserved 1114112K
  class space    used 9855K, committed 10240K, reserved 1048576K
}
Event: 29.282 GC heap before
{Heap before GC invocations=23 (full 0):
 garbage-first heap   total 61440K, used 47405K [0x00000000c2c00000, 0x0000000100000000)
  region size 1024K, 14 young (14336K), 2 survivors (2048K)
 Metaspace       used 75772K, committed 76736K, reserved 1179648K
  class space    used 10113K, committed 10560K, reserved 1048576K
}
Event: 29.288 GC heap after
{Heap after GC invocations=24 (full 0):
 garbage-first heap   total 61440K, used 37757K [0x00000000c2c00000, 0x0000000100000000)
  region size 1024K, 2 young (2048K), 2 survivors (2048K)
 Metaspace       used 75772K, committed 76736K, reserved 1179648K
  class space    used 10113K, committed 10560K, reserved 1048576K
}
Event: 29.830 GC heap before
{Heap before GC invocations=24 (full 0):
 garbage-first heap   total 61440K, used 56189K [0x00000000c2c00000, 0x0000000100000000)
  region size 1024K, 18 young (18432K), 2 survivors (2048K)
 Metaspace       used 78004K, committed 78976K, reserved 1179648K
  class space    used 10314K, committed 10752K, reserved 1048576K
}
Event: 29.842 GC heap after
{Heap after GC invocations=25 (full 0):
 garbage-first heap   total 64512K, used 40689K [0x00000000c2c00000, 0x0000000100000000)
  region size 1024K, 3 young (3072K), 3 survivors (3072K)
 Metaspace       used 78004K, committed 78976K, reserved 1179648K
  class space    used 10314K, committed 10752K, reserved 1048576K
}
Event: 30.176 GC heap before
{Heap before GC invocations=25 (full 0):
 garbage-first heap   total 64512K, used 56049K [0x00000000c2c00000, 0x0000000100000000)
  region size 1024K, 18 young (18432K), 3 survivors (3072K)
 Metaspace       used 78362K, committed 79296K, reserved 1179648K
  class space    used 10357K, committed 10752K, reserved 1048576K
}
Event: 30.185 GC heap after
{Heap after GC invocations=26 (full 0):
 garbage-first heap   total 64512K, used 42379K [0x00000000c2c00000, 0x0000000100000000)
  region size 1024K, 3 young (3072K), 3 survivors (3072K)
 Metaspace       used 78362K, committed 79296K, reserved 1179648K
  class space    used 10357K, committed 10752K, reserved 1048576K
}
Event: 31.258 GC heap before
{Heap before GC invocations=27 (full 0):
 garbage-first heap   total 75776K, used 53643K [0x00000000c2c00000, 0x0000000100000000)
  region size 1024K, 15 young (15360K), 3 survivors (3072K)
 Metaspace       used 79390K, committed 80576K, reserved 1179648K
  class space    used 10501K, committed 11072K, reserved 1048576K
}
Event: 31.265 GC heap after
{Heap after GC invocations=28 (full 0):
 garbage-first heap   total 75776K, used 44461K [0x00000000c2c00000, 0x0000000100000000)
  region size 1024K, 2 young (2048K), 2 survivors (2048K)
 Metaspace       used 79390K, committed 80576K, reserved 1179648K
  class space    used 10501K, committed 11072K, reserved 1048576K
}

Dll operation events (14 events):
Event: 0.034 Loaded shared library C:\Program Files\Java\jdk-21\bin\java.dll
Event: 0.097 Loaded shared library C:\Program Files\Java\jdk-21\bin\jsvml.dll
Event: 0.333 Loaded shared library C:\Program Files\Java\jdk-21\bin\zip.dll
Event: 0.341 Loaded shared library C:\Program Files\Java\jdk-21\bin\instrument.dll
Event: 0.352 Loaded shared library C:\Program Files\Java\jdk-21\bin\net.dll
Event: 0.357 Loaded shared library C:\Program Files\Java\jdk-21\bin\nio.dll
Event: 0.363 Loaded shared library C:\Program Files\Java\jdk-21\bin\zip.dll
Event: 0.613 Loaded shared library C:\Users\MINEDUCYT\Music\bin\breakgen64.dll
Event: 0.637 Loaded shared library C:\Program Files\Java\jdk-21\bin\extnet.dll
Event: 0.707 Loaded shared library C:\Program Files\Java\jdk-21\bin\jimage.dll
Event: 1.386 Loaded shared library C:\Program Files\Java\jdk-21\bin\management.dll
Event: 1.391 Loaded shared library C:\Program Files\Java\jdk-21\bin\management_ext.dll
Event: 4.223 Loaded shared library C:\Program Files\Java\jdk-21\bin\sunmscapi.dll
Event: 9.997 Loaded shared library C:\Program Files\Java\jdk-21\bin\verify.dll

Deoptimization events (20 events):
Event: 31.064 Thread 0x0000012b9ba83270 Uncommon trap: trap_request=0xffffff45 fr.pc=0x0000012b47398960 relative=0x0000000000001520
Event: 31.064 Thread 0x0000012b9ba83270 Uncommon trap: reason=unstable_if action=reinterpret pc=0x0000012b47398960 method=org.unbescape.html.HtmlEscapeSymbols.<init>(Lorg/unbescape/html/HtmlEscapeSymbols$References;[B)V @ 423 c2
Event: 31.064 Thread 0x0000012b9ba83270 DEOPT PACKING pc=0x0000012b47398960 sp=0x0000000138efbcd0
Event: 31.064 Thread 0x0000012b9ba83270 DEOPT UNPACKING pc=0x0000012b46b1469c sp=0x0000000138efbcd8 mode 2
Event: 31.241 Thread 0x0000012b9ba894e0 Uncommon trap: trap_request=0xffffffc6 fr.pc=0x0000012b473d6aac relative=0x000000000000144c
Event: 31.241 Thread 0x0000012b9ba894e0 Uncommon trap: reason=bimorphic_or_optimized_type_check action=maybe_recompile pc=0x0000012b473d6aac method=java.util.concurrent.ConcurrentHashMap.putVal(Ljava/lang/Object;Ljava/lang/Object;Z)Ljava/lang/Object; @ 242 c2
Event: 31.241 Thread 0x0000012b9ba894e0 DEOPT PACKING pc=0x0000012b473d6aac sp=0x00000001391fc580
Event: 31.241 Thread 0x0000012b9ba894e0 DEOPT UNPACKING pc=0x0000012b46b1469c sp=0x00000001391fc500 mode 2
Event: 31.241 Thread 0x0000012b9ba894e0 Uncommon trap: trap_request=0xffffff54 fr.pc=0x0000012b47171694 relative=0x0000000000003bd4
Event: 31.241 Thread 0x0000012b9ba894e0 Uncommon trap: reason=speculate_null_assert action=make_not_entrant pc=0x0000012b47171694 method=java.lang.invoke.MethodType$ConcurrentWeakInternSet.add(Ljava/lang/Object;)Ljava/lang/Object; @ 47 c2
Event: 31.241 Thread 0x0000012b9ba894e0 DEOPT PACKING pc=0x0000012b47171694 sp=0x00000001391fc640
Event: 31.241 Thread 0x0000012b9ba894e0 DEOPT UNPACKING pc=0x0000012b46b1469c sp=0x00000001391fc5e8 mode 2
Event: 31.241 Thread 0x0000012b9ba894e0 Uncommon trap: trap_request=0xffffffc6 fr.pc=0x0000012b473d6aac relative=0x000000000000144c
Event: 31.241 Thread 0x0000012b9ba894e0 Uncommon trap: reason=bimorphic_or_optimized_type_check action=maybe_recompile pc=0x0000012b473d6aac method=java.util.concurrent.ConcurrentHashMap.putVal(Ljava/lang/Object;Ljava/lang/Object;Z)Ljava/lang/Object; @ 242 c2
Event: 31.241 Thread 0x0000012b9ba894e0 DEOPT PACKING pc=0x0000012b473d6aac sp=0x00000001391fcab0
Event: 31.241 Thread 0x0000012b9ba894e0 DEOPT UNPACKING pc=0x0000012b46b1469c sp=0x00000001391fca30 mode 2
Event: 31.244 Thread 0x0000012b9ba894e0 Uncommon trap: trap_request=0xffffff45 fr.pc=0x0000012b473d6858 relative=0x00000000000011f8
Event: 31.244 Thread 0x0000012b9ba894e0 Uncommon trap: reason=unstable_if action=reinterpret pc=0x0000012b473d6858 method=java.util.concurrent.ConcurrentHashMap.putVal(Ljava/lang/Object;Ljava/lang/Object;Z)Ljava/lang/Object; @ 97 c2
Event: 31.244 Thread 0x0000012b9ba894e0 DEOPT PACKING pc=0x0000012b473d6858 sp=0x00000001391fd3f0
Event: 31.244 Thread 0x0000012b9ba894e0 DEOPT UNPACKING pc=0x0000012b46b1469c sp=0x00000001391fd388 mode 2

Classes loaded (20 events):
Event: 30.929 Loading class java/util/Collections$UnmodifiableListBeanInfo
Event: 30.929 Loading class java/util/Collections$UnmodifiableListBeanInfo done
Event: 30.930 Loading class java/util/Collections$UnmodifiableListBeanInfo
Event: 30.930 Loading class java/util/Collections$UnmodifiableListBeanInfo done
Event: 30.930 Loading class java/util/Collections$UnmodifiableListCustomizer
Event: 30.930 Loading class java/util/Collections$UnmodifiableListCustomizer done
Event: 30.931 Loading class java/util/Collections$UnmodifiableListCustomizer
Event: 30.931 Loading class java/util/Collections$UnmodifiableListCustomizer done
Event: 30.936 Loading class java/util/Collections$UnmodifiableRandomAccessListCustomizer
Event: 30.936 Loading class java/util/Collections$UnmodifiableRandomAccessListCustomizer done
Event: 30.937 Loading class java/util/Collections$UnmodifiableRandomAccessListCustomizer
Event: 30.937 Loading class java/util/Collections$UnmodifiableRandomAccessListCustomizer done
Event: 31.235 Loading class java/util/concurrent/locks/ReentrantReadWriteLock$Sync$HoldCounter
Event: 31.236 Loading class java/util/concurrent/locks/ReentrantReadWriteLock$Sync$HoldCounter done
Event: 31.241 Loading class java/util/ArrayList$SubList$2
Event: 31.241 Loading class java/util/ArrayList$SubList$2 done
Event: 31.271 Loading class java/time/format/DateTimeFormatterBuilder$ZoneTextPrinterParser
Event: 31.271 Loading class java/time/format/DateTimeFormatterBuilder$ZoneTextPrinterParser done
Event: 31.272 Loading class java/time/format/DateTimeFormatterBuilder$ReducedPrinterParser
Event: 31.273 Loading class java/time/format/DateTimeFormatterBuilder$ReducedPrinterParser done

Classes unloaded (0 events):
No events

Classes redefined (0 events):
No events

Internal exceptions (20 events):
Event: 30.914 Thread 0x0000012b9ba83270 Exception <a 'java/lang/ClassNotFoundException'{0x00000000c6db2e58}: org/thymeleaf/engine/ElementModelStructureHandlerBeanInfo> (0x00000000c6db2e58) 
thrown [s\open\src\hotspot\share\classfile\systemDictionary.cpp, line 312]
Event: 30.915 Thread 0x0000012b9ba83270 Exception <a 'java/lang/ClassNotFoundException'{0x00000000c6db93e0}: org/thymeleaf/engine/ElementModelStructureHandlerCustomizer> (0x00000000c6db93e0) 
thrown [s\open\src\hotspot\share\classfile\systemDictionary.cpp, line 312]
Event: 30.918 Thread 0x0000012b9ba83270 Exception <a 'java/lang/NoSuchMethodError'{0x00000000c6dc5bd8}: 'void java.lang.invoke.DirectMethodHandle$Holder.invokeStaticInit(java.lang.Object, java.lang.Object, java.lang.Object, java.lang.Object, int)'> (0x00000000c6dc5bd8) 
thrown [s\open\src\hotspot\share\interpreter\linkResolver.cpp, line 773]
Event: 30.919 Thread 0x0000012b9ba83270 Exception <a 'java/lang/NoSuchMethodError'{0x00000000c6dccb00}: 'void java.lang.invoke.DelegatingMethodHandle$Holder.reinvoke_L(java.lang.Object, java.lang.Object, java.lang.Object, java.lang.Object, int)'> (0x00000000c6dccb00) 
thrown [s\open\src\hotspot\share\interpreter\linkResolver.cpp, line 773]
Event: 30.928 Thread 0x0000012b9ba83270 Exception <a 'java/lang/ClassNotFoundException'{0x00000000c6c05d10}: java/util/Collections$UnmodifiableRandomAccessListBeanInfo> (0x00000000c6c05d10) 
thrown [s\open\src\hotspot\share\classfile\systemDictionary.cpp, line 312]
Event: 30.930 Thread 0x0000012b9ba83270 Exception <a 'java/lang/ClassNotFoundException'{0x00000000c6c0a608}: java/util/Collections$UnmodifiableListBeanInfo> (0x00000000c6c0a608) 
thrown [s\open\src\hotspot\share\classfile\systemDictionary.cpp, line 312]
Event: 30.931 Thread 0x0000012b9ba83270 Exception <a 'java/lang/ClassNotFoundException'{0x00000000c6c0eed0}: java/util/Collections$UnmodifiableListCustomizer> (0x00000000c6c0eed0) 
thrown [s\open\src\hotspot\share\classfile\systemDictionary.cpp, line 312]
Event: 30.937 Thread 0x0000012b9ba83270 Exception <a 'java/lang/ClassNotFoundException'{0x00000000c6c51298}: java/util/Collections$UnmodifiableRandomAccessListCustomizer> (0x00000000c6c51298) 
thrown [s\open\src\hotspot\share\classfile\systemDictionary.cpp, line 312]
Event: 31.128 Thread 0x0000012b9ba83270 Exception <a 'java/lang/ClassNotFoundException'{0x00000000c6bb81e0}: org/thymeleaf/model/AttributeValueQuotesBeanInfo> (0x00000000c6bb81e0) 
thrown [s\open\src\hotspot\share\classfile\systemDictionary.cpp, line 312]
Event: 31.130 Thread 0x0000012b9ba83270 Exception <a 'java/lang/ClassNotFoundException'{0x00000000c6bbed10}: org/thymeleaf/model/AttributeValueQuotesCustomizer> (0x00000000c6bbed10) 
thrown [s\open\src\hotspot\share\classfile\systemDictionary.cpp, line 312]
Event: 31.132 Thread 0x0000012b9ba83270 Exception <a 'java/lang/NoSuchMethodError'{0x00000000c6bc6368}: 'java.lang.Object java.lang.invoke.DirectMethodHandle$Holder.invokeInterface(java.lang.Object, java.lang.Object, java.lang.Object, java.lang.Object, java.lang.Object, int)'> (0x00000000c6bc6368) 
thrown [s\open\src\hotspot\share\interpreter\linkResolver.cpp, line 773]
Event: 31.147 Thread 0x0000012b9ba83270 Exception <a 'java/lang/NoSuchMethodError'{0x00000000c6a08fc0}: 'java.lang.Object java.lang.invoke.Invokers$Holder.linkToCallSite(java.lang.Object, java.lang.Object, int, java.lang.Object)'> (0x00000000c6a08fc0) 
thrown [s\open\src\hotspot\share\interpreter\linkResolver.cpp, line 773]
Event: 31.157 Thread 0x0000012b9ba83270 Exception <a 'java/lang/ClassNotFoundException'{0x00000000c6a1d258}: org/thymeleaf/engine/ElementTagStructureHandlerBeanInfo> (0x00000000c6a1d258) 
thrown [s\open\src\hotspot\share\classfile\systemDictionary.cpp, line 312]
Event: 31.159 Thread 0x0000012b9ba83270 Exception <a 'java/lang/ClassNotFoundException'{0x00000000c6a23fb8}: org/thymeleaf/engine/ElementTagStructureHandlerCustomizer> (0x00000000c6a23fb8) 
thrown [s\open\src\hotspot\share\classfile\systemDictionary.cpp, line 312]
Event: 31.161 Thread 0x0000012b9ba83270 Exception <a 'java/lang/NoSuchMethodError'{0x00000000c6a38158}: 'void java.lang.invoke.DirectMethodHandle$Holder.invokeInterface(java.lang.Object, java.lang.Object, java.lang.Object, int)'> (0x00000000c6a38158) 
thrown [s\open\src\hotspot\share\interpreter\linkResolver.cpp, line 773]
Event: 31.162 Thread 0x0000012b9ba83270 Exception <a 'java/lang/NoSuchMethodError'{0x00000000c6a3c198}: 'void java.lang.invoke.DirectMethodHandle$Holder.invokeSpecial(java.lang.Object, java.lang.Object, java.lang.Object, java.lang.Object, int)'> (0x00000000c6a3c198) 
thrown [s\open\src\hotspot\share\interpreter\linkResolver.cpp, line 773]
Event: 31.162 Thread 0x0000012b9ba83270 Exception <a 'java/lang/NoSuchMethodError'{0x00000000c6a3fbe0}: 'void java.lang.invoke.DelegatingMethodHandle$Holder.reinvoke_L(java.lang.Object, java.lang.Object, java.lang.Object, int)'> (0x00000000c6a3fbe0) 
thrown [s\open\src\hotspot\share\interpreter\linkResolver.cpp, line 773]
Event: 31.163 Thread 0x0000012b9ba83270 Exception <a 'java/lang/NoSuchMethodError'{0x00000000c6a497e0}: 'java.lang.Object java.lang.invoke.DelegatingMethodHandle$Holder.delegate(java.lang.Object, java.lang.Object, java.lang.Object, java.lang.Object, int)'> (0x00000000c6a497e0) 
thrown [s\open\src\hotspot\share\interpreter\linkResolver.cpp, line 773]
Event: 31.164 Thread 0x0000012b9ba83270 Exception <a 'java/lang/NoSuchMethodError'{0x00000000c6a588c8}: 'int java.lang.invoke.DirectMethodHandle$Holder.invokeSpecial(java.lang.Object, java.lang.Object, java.lang.Object, java.lang.Object, int)'> (0x00000000c6a588c8) 
thrown [s\open\src\hotspot\share\interpreter\linkResolver.cpp, line 773]
Event: 31.240 Thread 0x0000012b9ba87aa0 Exception <a 'java/lang/NoSuchMethodError'{0x00000000c6acbe98}: 'java.lang.Object java.lang.invoke.DirectMethodHandle$Holder.invokeStatic(java.lang.Object, int, int)'> (0x00000000c6acbe98) 
thrown [s\open\src\hotspot\share\interpreter\linkResolver.cpp, line 773]

ZGC Phase Switch (0 events):
No events

VM Operations (20 events):
Event: 29.660 Executing VM operation: HandshakeAllThreads (Deoptimize)
Event: 29.660 Executing VM operation: HandshakeAllThreads (Deoptimize) done
Event: 29.665 Executing VM operation: HandshakeAllThreads (Deoptimize)
Event: 29.665 Executing VM operation: HandshakeAllThreads (Deoptimize) done
Event: 29.670 Executing VM operation: HandshakeAllThreads (Deoptimize)
Event: 29.670 Executing VM operation: HandshakeAllThreads (Deoptimize) done
Event: 29.672 Executing VM operation: HandshakeAllThreads (Deoptimize)
Event: 29.672 Executing VM operation: HandshakeAllThreads (Deoptimize) done
Event: 29.692 Executing VM operation: HandshakeAllThreads (Deoptimize)
Event: 29.692 Executing VM operation: HandshakeAllThreads (Deoptimize) done
Event: 29.829 Executing VM operation: G1CollectForAllocation (G1 Evacuation Pause)
Event: 29.844 Executing VM operation: G1CollectForAllocation (G1 Evacuation Pause) done
Event: 30.176 Executing VM operation: G1CollectForAllocation (G1 Evacuation Pause)
Event: 30.186 Executing VM operation: G1CollectForAllocation (G1 Evacuation Pause) done
Event: 30.303 Executing VM operation: G1PauseRemark
Event: 30.314 Executing VM operation: G1PauseRemark done
Event: 30.379 Executing VM operation: G1PauseCleanup
Event: 30.380 Executing VM operation: G1PauseCleanup done
Event: 31.258 Executing VM operation: G1CollectForAllocation (G1 Evacuation Pause)
Event: 31.267 Executing VM operation: G1CollectForAllocation (G1 Evacuation Pause) done

Events (20 events):
Event: 30.312 Thread 0x0000012b371d5350 flushing nmethod 0x0000012b3f6d7790
Event: 30.312 Thread 0x0000012b371d5350 flushing nmethod 0x0000012b3f738090
Event: 30.312 Thread 0x0000012b371d5350 flushing nmethod 0x0000012b3f801d10
Event: 30.312 Thread 0x0000012b371d5350 flushing nmethod 0x0000012b3f82bd10
Event: 30.312 Thread 0x0000012b371d5350 flushing nmethod 0x0000012b3f8d9710
Event: 30.312 Thread 0x0000012b371d5350 flushing nmethod 0x0000012b3f9ac310
Event: 30.312 Thread 0x0000012b371d5350 flushing nmethod 0x0000012b3f9eb310
Event: 30.312 Thread 0x0000012b371d5350 flushing nmethod 0x0000012b3f9ebd90
Event: 30.312 Thread 0x0000012b371d5350 flushing nmethod 0x0000012b3fa46b10
Event: 30.312 Thread 0x0000012b371d5350 flushing nmethod 0x0000012b3fac8c90
Event: 30.312 Thread 0x0000012b371d5350 flushing nmethod 0x0000012b3fafef90
Event: 30.312 Thread 0x0000012b371d5350 flushing nmethod 0x0000012b3fb9c510
Event: 30.312 Thread 0x0000012b371d5350 flushing nmethod 0x0000012b3fc1a890
Event: 30.312 Thread 0x0000012b371d5350 flushing nmethod 0x0000012b3fc1b910
Event: 30.312 Thread 0x0000012b371d5350 flushing nmethod 0x0000012b3fc20210
Event: 30.312 Thread 0x0000012b371d5350 flushing nmethod 0x0000012b3fcc3990
Event: 30.312 Thread 0x0000012b371d5350 flushing nmethod 0x0000012b3fced590
Event: 30.312 Thread 0x0000012b371d5350 flushing nmethod 0x0000012b3fd61c10
Event: 30.312 Thread 0x0000012b371d5350 flushing nmethod 0x0000012b3fe8b410
Event: 30.312 Thread 0x0000012b371d5350 flushing nmethod 0x0000012b3ff91610


Dynamic libraries:
0x00007ff764a60000 - 0x00007ff764a70000 	C:\Program Files\Java\jdk-21\bin\java.exe
0x00007fffeb2d0000 - 0x00007fffeb4c8000 	C:\WINDOWS\SYSTEM32\ntdll.dll
0x00007fffeafe0000 - 0x00007fffeb0a1000 	C:\WINDOWS\System32\KERNEL32.DLL
0x00007fffe8c00000 - 0x00007fffe8efd000 	C:\WINDOWS\System32\KERNELBASE.dll
0x00007fffe90b0000 - 0x00007fffe91b0000 	C:\WINDOWS\System32\ucrtbase.dll
0x00007fffe2d00000 - 0x00007fffe2d19000 	C:\Program Files\Java\jdk-21\bin\jli.dll
0x00007fffe1f90000 - 0x00007fffe1fab000 	C:\Program Files\Java\jdk-21\bin\VCRUNTIME140.dll
0x00007fffe9c70000 - 0x00007fffe9d20000 	C:\WINDOWS\System32\ADVAPI32.dll
0x00007fffeace0000 - 0x00007fffead7e000 	C:\WINDOWS\System32\msvcrt.dll
0x00007fffe93f0000 - 0x00007fffe9490000 	C:\WINDOWS\System32\sechost.dll
0x00007fffe9d20000 - 0x00007fffe9e43000 	C:\WINDOWS\System32\RPCRT4.dll
0x00007fffe8bd0000 - 0x00007fffe8bf7000 	C:\WINDOWS\System32\bcrypt.dll
0x00007fffead80000 - 0x00007fffeaf1d000 	C:\WINDOWS\System32\USER32.dll
0x00007fffe91b0000 - 0x00007fffe91d2000 	C:\WINDOWS\System32\win32u.dll
0x00007fffeb260000 - 0x00007fffeb28b000 	C:\WINDOWS\System32\GDI32.dll
0x00007fffe91e0000 - 0x00007fffe92f7000 	C:\WINDOWS\System32\gdi32full.dll
0x00007fffe8ae0000 - 0x00007fffe8b7d000 	C:\WINDOWS\System32\msvcp_win.dll
0x00007fffd5610000 - 0x00007fffd58aa000 	C:\WINDOWS\WinSxS\amd64_microsoft.windows.common-controls_6595b64144ccf1df_6.0.19041.4355_none_60b8b9eb71f62e16\COMCTL32.dll
0x00007fffe0d90000 - 0x00007fffe0d9a000 	C:\WINDOWS\SYSTEM32\VERSION.dll
0x00007fffeb230000 - 0x00007fffeb25f000 	C:\WINDOWS\System32\IMM32.DLL
0x00007fffe2cf0000 - 0x00007fffe2cfc000 	C:\Program Files\Java\jdk-21\bin\vcruntime140_1.dll
0x00007fffc1130000 - 0x00007fffc11be000 	C:\Program Files\Java\jdk-21\bin\msvcp140.dll
0x00007fffb5800000 - 0x00007fffb6513000 	C:\Program Files\Java\jdk-21\bin\server\jvm.dll
0x00007fffe97e0000 - 0x00007fffe984b000 	C:\WINDOWS\System32\WS2_32.dll
0x00007fffe87d0000 - 0x00007fffe881b000 	C:\WINDOWS\SYSTEM32\POWRPROF.dll
0x00007fffc5620000 - 0x00007fffc5647000 	C:\WINDOWS\SYSTEM32\WINMM.dll
0x00007fffe87b0000 - 0x00007fffe87c2000 	C:\WINDOWS\SYSTEM32\UMPDC.dll
0x00007fffe7190000 - 0x00007fffe71a2000 	C:\WINDOWS\SYSTEM32\kernel.appcore.dll
0x00007fffe2cc0000 - 0x00007fffe2cca000 	C:\Program Files\Java\jdk-21\bin\jimage.dll
0x00007fffe6eb0000 - 0x00007fffe7094000 	C:\WINDOWS\SYSTEM32\DBGHELP.DLL
0x00007fffce450000 - 0x00007fffce484000 	C:\WINDOWS\SYSTEM32\dbgcore.DLL
0x00007fffe8f70000 - 0x00007fffe8ff2000 	C:\WINDOWS\System32\bcryptPrimitives.dll
0x00007fffe2ce0000 - 0x00007fffe2cef000 	C:\Program Files\Java\jdk-21\bin\instrument.dll
0x00007fffd5900000 - 0x00007fffd591f000 	C:\Program Files\Java\jdk-21\bin\java.dll
0x00007fffea410000 - 0x00007fffeab7f000 	C:\WINDOWS\System32\SHELL32.dll
0x00007fffe6640000 - 0x00007fffe6ddf000 	C:\WINDOWS\SYSTEM32\windows.storage.dll
0x00007fffe9850000 - 0x00007fffe9ba3000 	C:\WINDOWS\System32\combase.dll
0x00007fffe82d0000 - 0x00007fffe82fe000 	C:\WINDOWS\SYSTEM32\Wldp.dll
0x00007fffeb0b0000 - 0x00007fffeb17d000 	C:\WINDOWS\System32\OLEAUT32.dll
0x00007fffe9bb0000 - 0x00007fffe9c5d000 	C:\WINDOWS\System32\SHCORE.dll
0x00007fffe9780000 - 0x00007fffe97d5000 	C:\WINDOWS\System32\shlwapi.dll
0x00007fffe88b0000 - 0x00007fffe88d4000 	C:\WINDOWS\SYSTEM32\profapi.dll
0x00007fffc1050000 - 0x00007fffc1127000 	C:\Program Files\Java\jdk-21\bin\jsvml.dll
0x00007fffd5400000 - 0x00007fffd5418000 	C:\Program Files\Java\jdk-21\bin\zip.dll
0x00007fffd53f0000 - 0x00007fffd5400000 	C:\Program Files\Java\jdk-21\bin\net.dll
0x00007fffd5ff0000 - 0x00007fffd60fd000 	C:\WINDOWS\SYSTEM32\WINHTTP.dll
0x00007fffe8030000 - 0x00007fffe809a000 	C:\WINDOWS\system32\mswsock.dll
0x00007fffd45a0000 - 0x00007fffd45b6000 	C:\Program Files\Java\jdk-21\bin\nio.dll
0x00007fffd5930000 - 0x00007fffd594a000 	C:\Users\MINEDUCYT\Music\bin\breakgen64.dll
0x00007fffd4a40000 - 0x00007fffd4a49000 	C:\Program Files\Java\jdk-21\bin\extnet.dll
0x00007fffe2cd0000 - 0x00007fffe2cda000 	C:\Program Files\Java\jdk-21\bin\management.dll
0x00007fffe2c70000 - 0x00007fffe2c7b000 	C:\Program Files\Java\jdk-21\bin\management_ext.dll
0x00007fffe9640000 - 0x00007fffe9648000 	C:\WINDOWS\System32\PSAPI.DLL
0x00007fffde840000 - 0x00007fffde84e000 	C:\Program Files\Java\jdk-21\bin\sunmscapi.dll
0x00007fffe8980000 - 0x00007fffe8ade000 	C:\WINDOWS\System32\CRYPT32.dll
0x00007fffe8340000 - 0x00007fffe8369000 	C:\WINDOWS\SYSTEM32\ncrypt.dll
0x00007fffe8300000 - 0x00007fffe833b000 	C:\WINDOWS\SYSTEM32\NTASN1.dll
0x00007fffe8220000 - 0x00007fffe8238000 	C:\WINDOWS\SYSTEM32\CRYPTSP.dll
0x00007fffe7950000 - 0x00007fffe7984000 	C:\WINDOWS\system32\rsaenh.dll
0x00007fffe8860000 - 0x00007fffe888e000 	C:\WINDOWS\SYSTEM32\USERENV.dll
0x00007fffe8240000 - 0x00007fffe824c000 	C:\WINDOWS\SYSTEM32\CRYPTBASE.dll
0x00007fffe7d10000 - 0x00007fffe7d4b000 	C:\WINDOWS\SYSTEM32\IPHLPAPI.DLL
0x00007fffe9c60000 - 0x00007fffe9c68000 	C:\WINDOWS\System32\NSI.dll
0x00007fffd3780000 - 0x00007fffd3790000 	C:\Program Files\Java\jdk-21\bin\verify.dll
0x00007fffe7d50000 - 0x00007fffe7e1a000 	C:\WINDOWS\SYSTEM32\DNSAPI.dll
0x00007fffd3ea0000 - 0x00007fffd3eaa000 	C:\Windows\System32\rasadhlp.dll
0x00007fffd3ee0000 - 0x00007fffd3f60000 	C:\WINDOWS\System32\fwpuclnt.dll
0x00007fffc3aa0000 - 0x00007fffc3aa7000 	C:\WINDOWS\system32\wshunix.dll

dbghelp: loaded successfully - version: 4.0.5 - missing functions: none
symbol engine: initialized successfully - sym options: 0x614 - pdb path: .;C:\Program Files\Java\jdk-21\bin;C:\WINDOWS\SYSTEM32;C:\WINDOWS\WinSxS\amd64_microsoft.windows.common-controls_6595b64144ccf1df_6.0.19041.4355_none_60b8b9eb71f62e16;C:\Program Files\Java\jdk-21\bin\server;C:\Users\MINEDUCYT\Music\bin

VM Arguments:
jvm_args: -javaagent:C:\Users\MINEDUCYT\Music\lib\idea_rt.jar=62971:C:\Users\MINEDUCYT\Music\bin -Dfile.encoding=UTF-8 -Dsun.stdout.encoding=UTF-8 -Dsun.stderr.encoding=UTF-8 
java_command: org.esfe.FerreteriaAppApplication
java_class_path (initial): C:\Nueva carpeta\Proyecto\FerreteriaApp\target\classes;C:\Users\MINEDUCYT\.m2\repository\org\springframework\boot\spring-boot-starter-data-jpa\3.3.2\spring-boot-starter-data-jpa-3.3.2.jar;C:\Users\MINEDUCYT\.m2\repository\org\springframework\boot\spring-boot-starter-aop\3.3.2\spring-boot-starter-aop-3.3.2.jar;C:\Users\MINEDUCYT\.m2\repository\org\springframework\spring-aop\6.1.11\spring-aop-6.1.11.jar;C:\Users\MINEDUCYT\.m2\repository\org\aspectj\aspectjweaver\1.9.22.1\aspectjweaver-1.9.22.1.jar;C:\Users\MINEDUCYT\.m2\repository\org\springframework\boot\spring-boot-starter-jdbc\3.3.2\spring-boot-starter-jdbc-3.3.2.jar;C:\Users\MINEDUCYT\.m2\repository\com\zaxxer\HikariCP\5.1.0\HikariCP-5.1.0.jar;C:\Users\MINEDUCYT\.m2\repository\org\springframework\spring-jdbc\6.1.11\spring-jdbc-6.1.11.jar;C:\Users\MINEDUCYT\.m2\repository\org\hibernate\orm\hibernate-core\6.5.2.Final\hibernate-core-6.5.2.Final.jar;C:\Users\MINEDUCYT\.m2\repository\jakarta\persistence\jakarta.persistence-api\3.1.0\jakarta.persistence-api-3.1.0.jar;C:\Users\MINEDUCYT\.m2\repository\jakarta\transaction\jakarta.transaction-api\2.0.1\jakarta.transaction-api-2.0.1.jar;C:\Users\MINEDUCYT\.m2\repository\org\jboss\logging\jboss-logging\3.5.3.Final\jboss-logging-3.5.3.Final.jar;C:\Users\MINEDUCYT\.m2\repository\org\hibernate\common\hibernate-commons-annotations\6.0.6.Final\hibernate-commons-annotations-6.0.6.Final.jar;C:\Users\MINEDUCYT\.m2\repository\io\smallrye\jandex\3.1.2\jandex-3.1.2.jar;C:\Users\MINEDUCYT\.m2\repository\com\fasterxml\classmate\1.7.0\classmate-1.7.0.jar;C:\Users\MINEDUCYT\.m2\repository\net\bytebuddy\byte-buddy\1.14.18\byte-buddy-1.14.18.jar;C:\Users\MINEDUCYT\.m2\repository\org\glassfish\jaxb\jaxb-runtime\4.0.5\jaxb-runtime-4.0.5.jar;C:\Users\MINEDUCYT\.m2\repository\org\glassfish\jaxb\jaxb-core\4.0.5\jaxb-core-4.0.5.jar;C:\Users\MINEDUCYT\.m2\repository\org\eclipse\angus\angus-activation\2.0.2\angus-activation-2.0.2.jar;C:\Users\MINEDUCYT\.m2\repository\org\glassfish\jaxb\txw2\4.0.5\txw2-4.0.5.jar;C:\Users\MINEDUCYT\.m2\repository\com\sun\istack\istack-commons-runtime\4.1.2\istack-commons-runtime-4.1.2.jar;C:\Users\MINEDUCYT\.m2\repository\jakarta\inject\jakarta.inject-api\2.0.1\jakarta.inject-api-2.0.1.jar;C:\Users\MINEDUCYT\.m2\repository\org\antlr\antlr4-runtime\4.13.0\antlr4-runtime-4.13.0.jar;C:\Users\MINEDUCYT\.m2\repository\org\springframework\data\spring-data-jpa\3.3.2\spring-data-jpa-3.3.2.jar;C:\Users\MINEDUCYT\.m2\repository\org\springframework\data\spring-data-commons\3.3.2\spring-data-commons-3.3.2.jar;C:\Users\MINEDUCYT\.m2\repository\org\springframework\spring-orm\6.1.11\spring-orm-6.1.11.jar;C:\Users\MINEDUCYT\.m2\repository\org\springframework\spring-context\6.1.11\spring-context-6.1.11.jar;C:\Users\MINEDUCYT\.m2\repository\org\springframework\spring-tx\6.1.11\spring-tx-6.1.11.jar;C:\Users\MINEDUCYT\.m2\repository\org\springframework\spring-beans\6.1.11\spring-beans-6.1.11.jar;C:\Users\MINEDUCYT\.m2\repository\jakarta\annotation\jakarta.annotation-api\2.1.1\jakarta.annotation-api-2.1.1.jar;C:\Users\MINEDUCYT\.m2\repository\org\springframework\spring-aspects\6.1.11\spring-aspects-6.1.11.jar;C:\Users\MINEDUCYT\.m2\repository\org\springframework\boot\spring-boot-starter-thymeleaf\3.3.2\spring-boot-starter-thymeleaf-3.3.2.jar;C:\Users\MINEDUCYT\.m2\repository\org\springframework\boot\spring-boot-starter\3.3.2\spring-boot-starter-3.3.2.jar;C:\Users\MINEDUCYT\.m2\repository\org\springframework\boot\spring-boot-starter-logging\3.3.2\spring-boot-starter-logging-3.3.2.jar;C:\Users\MINEDUCYT\.m2\repository\ch\qos\logback\logback-classic\1.5.6\logback-classic-1.5.6.jar;C:\Users\MINEDUCYT\.m2\repository\ch\qos\logback\logback-core\1.5.6\logback-core-1.5.6.jar;C:\Users\MINEDUCYT\.m2\repository\org\apache\logging\log4j\log4j-to-slf4j\2.23.1\log4j-to-slf4j-2.23.1.jar;C:\Users\MINEDUCYT\.m2\repository\org\apache\logging\log4j\log4j-api\2.23.1\log4j-api-2.23.1.jar;C:\Users\MINEDUCYT\.m2\repository\org\slf4j\jul-to-slf4j\2.0.13\jul-to-slf4j-2.0.13.jar;C:\Users\MINEDUCYT\.m2\repository\org\yaml\snakeyaml\2.2\snakeyaml-2.2.jar;C:\Users\MINEDUCYT\.m2\repository\org\thymeleaf\thymeleaf-spring6\3.1.2.RELEASE\thymeleaf-spring6-3.1.2.RELEASE.jar;C:\Users\MINEDUCYT\.m2\repository\org\springframework\boot\spring-boot-starter-web\3.3.2\spring-boot-starter-web-3.3.2.jar;C:\Users\MINEDUCYT\.m2\repository\org\springframework\boot\spring-boot-starter-json\3.3.2\spring-boot-starter-json-3.3.2.jar;C:\Users\MINEDUCYT\.m2\repository\com\fasterxml\jackson\core\jackson-databind\2.17.2\jackson-databind-2.17.2.jar;C:\Users\MINEDUCYT\.m2\repository\com\fasterxml\jackson\core\jackson-annotations\2.17.2\jackson-annotations-2.17.2.jar;C:\Users\MINEDUCYT\.m2\repository\com\fasterxml\jackson\core\jackson-core\2.17.2\jackson-core-2.17.2.jar;C:\Users\MINEDUCYT\.m2\repository\com\fasterxml\jackson\datatype\jackson-datatype-jdk8\2.17.2\jackson-datatype-jdk8-2.17.2.jar;C:\Users\MINEDUCYT\.m2\repository\com\fasterxml\jackson\datatype\jackson-datatype-jsr310\2.17.2\jackson-datatype-jsr310-2.17.2.jar;C:\Users\MINEDUCYT\.m2\repository\com\fasterxml\jackson\module\jackson-module-parameter-names\2.17.2\jackson-module-parameter-names-2.17.2.jar;C:\Users\MINEDUCYT\.m2\repository\org\springframework\boot\spring-boot-starter-tomcat\3.3.2\spring-boot-starter-tomcat-3.3.2.jar;C:\Users\MINEDUCYT\.m2\repository\org\apache\tomcat\embed\tomcat-embed-core\10.1.26\tomcat-embed-core-10.1.26.jar;C:\Users\MINEDUCYT\.m2\repository\org\apache\tomcat\embed\tomcat-embed-websocket\10.1.26\tomcat-embed-websocket-10.1.26.jar;C:\Users\MINEDUCYT\.m2\repository\org\springframework\spring-web\6.1.11\spring-web-6.1.11.jar;C:\Users\MINEDUCYT\.m2\repository\io\micrometer\micrometer-observation\1.13.2\micrometer-observation-1.13.2.jar;C:\Users\MINEDUCYT\.m2\repository\io\micrometer\micrometer-commons\1.13.2\micrometer-commons-1.13.2.jar;C:\Users\MINEDUCYT\.m2\repository\org\springframework\spring-webmvc\6.1.11\spring-webmvc-6.1.11.jar;C:\Users\MINEDUCYT\.m2\repository\org\springframework\spring-expression\6.1.11\spring-expression-6.1.11.jar;C:\Users\MINEDUCYT\.m2\repository\org\springframework\boot\spring-boot-starter-validation\3.3.2\spring-boot-starter-validation-3.3.2.jar;C:\Users\MINEDUCYT\.m2\repository\org\apache\tomcat\embed\tomcat-embed-el\10.1.26\tomcat-embed-el-10.1.26.jar;C:\Users\MINEDUCYT\.m2\repository\org\hibernate\validator\hibernate-validator\8.0.1.Final\hibernate-validator-8.0.1.Final.jar;C:\Users\MINEDUCYT\.m2\repository\jakarta\validation\jakarta.validation-api\3.0.2\jakarta.validation-api-3.0.2.jar;C:\Users\MINEDUCYT\.m2\repository\org\springframework\boot\spring-boot-devtools\3.3.2\spring-boot-devtools-3.3.2.jar;C:\Users\MINEDUCYT\.m2\repository\org\springframework\boot\spring-boot\3.3.2\spring-boot-3.3.2.jar;C:\Users\MINEDUCYT\.m2\repository\org\springframework\boot\spring-boot-autoconfigure\3.3.2\spring-boot-autoconfigure-3.3.2.jar;C:\Users\MINEDUCYT\.m2\repository\com\mysql\mysql-connector-j\8.3.0\mysql-connector-j-8.3.0.jar;C:\Users\MINEDUCYT\.m2\repository\nz\net\ultraq\thymeleaf\thymeleaf-layout-dialect\3.3.0\thymeleaf-layout-dialect-3.3.0.jar;C:\Users\MINEDUCYT\.m2\repository\org\apache\groovy\groovy\4.0.22\groovy-4.0.22.jar;C:\Users\MINEDUCYT\.m2\repository\nz\net\ultraq\groovy\groovy-extensions\2.1.0\groovy-extensions-2.1.0.jar;C:\Users\MINEDUCYT\.m2\repository\nz\net\ultraq\thymeleaf\thymeleaf-expression-processor\3.2.0\thymeleaf-expression-processor-3.2.0.jar;C:\Users\MINEDUCYT\.m2\repository\org\thymeleaf\thymeleaf\3.1.2.RELEASE\thymeleaf-3.1.2.RELEASE.jar;C:\Users\MINEDUCYT\.m2\repository\ognl\ognl\3.3.4\ognl-3.3.4.jar;C:\Users\MINEDUCYT\.m2\repository\org\javassist\javassist\3.29.0-GA\javassist-3.29.0-GA.jar;C:\Users\MINEDUCYT\.m2\repository\org\attoparser\attoparser\2.0.7.RELEASE\attoparser-2.0.7.RELEASE.jar;C:\Users\MINEDUCYT\.m2\repository\org\unbescape\unbescape\1.1.6.RELEASE\unbescape-1.1.6.RELEASE.jar;C:\Users\MINEDUCYT\.m2\repository\org\slf4j\slf4j-api\2.0.13\slf4j-api-2.0.13.jar;C:\Users\MINEDUCYT\.m2\repository\jakarta\xml\bind\jakarta.xml.bind-api\4.0.2\jakarta.xml.bind-api-4.0.2.jar;C:\Users\MINEDUCYT\.m2\repository\jakarta\activation\jakarta.activation-api\2.1.3\jakarta.activation-api-2.1.3.jar;C:\Users\MINEDUCYT\.m2\repository\org\springframework\spring-core\6.1.11\spring-core-6.1.11.jar;C:\Users\MINEDUCYT\.m2\repository\org\springframework\spring-jcl\6.1.11\spring-jcl-6.1.11.jar
Launcher Type: SUN_STANDARD

[Global flags]
     intx CICompilerCount                          = 3                                         {product} {ergonomic}
     uint ConcGCThreads                            = 1                                         {product} {ergonomic}
     uint G1ConcRefinementThreads                  = 4                                         {product} {ergonomic}
   size_t G1HeapRegionSize                         = 1048576                                   {product} {ergonomic}
    uintx GCDrainStackTargetSize                   = 64                                        {product} {ergonomic}
   size_t InitialHeapSize                          = 65011712                                  {product} {ergonomic}
   size_t MarkStackSize                            = 4194304                                   {product} {ergonomic}
   size_t MaxHeapSize                              = 1027604480                                {product} {ergonomic}
   size_t MaxNewSize                               = 616562688                                 {product} {ergonomic}
   size_t MinHeapDeltaBytes                        = 1048576                                   {product} {ergonomic}
   size_t MinHeapSize                              = 8388608                                   {product} {ergonomic}
    uintx NonNMethodCodeHeapSize                   = 5832780                                {pd product} {ergonomic}
    uintx NonProfiledCodeHeapSize                  = 122912730                              {pd product} {ergonomic}
    uintx ProfiledCodeHeapSize                     = 122912730                              {pd product} {ergonomic}
    uintx ReservedCodeCacheSize                    = 251658240                              {pd product} {ergonomic}
     bool SegmentedCodeCache                       = true                                      {product} {ergonomic}
   size_t SoftMaxHeapSize                          = 1027604480                             {manageable} {ergonomic}
     bool UseCompressedOops                        = true                           {product lp64_product} {ergonomic}
     bool UseG1GC                                  = true                                      {product} {ergonomic}
     bool UseLargePagesIndividualAllocation        = false                                  {pd product} {ergonomic}

Logging:
Log output configuration:
 #0: stdout all=warning uptime,level,tags foldmultilines=false
 #1: stderr all=off uptime,level,tags foldmultilines=false

Environment Variables:
PATH=C:\Program Files\Common Files\Oracle\Java\javapath;C:\Python312\Scripts\;C:\Python312\;C:\Program Files\Microsoft\jdk-11.0.16.101-hotspot\bin;C:\WINDOWS\system32;C:\WINDOWS;C:\WINDOWS\System32\Wbem;C:\WINDOWS\System32\WindowsPowerShell\v1.0\;C:\WINDOWS\System32\OpenSSH\;C:\Program Files\Microsoft SQL Server\150\Tools\Binn\;C:\Program Files\Microsoft SQL Server\Client SDK\ODBC\170\Tools\Binn\;C:\Program Files (x86)\Microsoft SQL Server\160\Tools\Binn\;C:\Program Files\Microsoft SQL Server\160\Tools\Binn\;C:\Program Files\Microsoft SQL Server\160\DTS\Binn\;C:\Program Files (x86)\Microsoft SQL Server\160\DTS\Binn\;C:\Program Files\Azure Data Studio\bin;C:\Program Files\dotnet\;C:\Program Files\nodejs\;C:\ProgramData\chocolatey\bin;C:\Users\MINEDUCYT\.config\herd\bin\nvm;C:\Program Files\nodejs;C:\Program Files\Git\cmd;C:\Users\MINEDUCYT\.config\herd\bin;C:\Users\MINEDUCYT\AppData\Local\Microsoft\WindowsApps;C:\Program Files\Azure Data Studio\bin;C:\Users\MINEDUCYT\AppData\Local\Programs\Microsoft VS Code\bin;C:\Users\MINEDUCYT\.dotnet\tools;C:\Users\MINEDUCYT\AppData\Roaming\npm
USERNAME=MINEDUCYT
OS=Windows_NT
PROCESSOR_IDENTIFIER=Intel64 Family 6 Model 122 Stepping 8, GenuineIntel
TMP=C:\Users\MINEDU~1\AppData\Local\Temp
TEMP=C:\Users\MINEDU~1\AppData\Local\Temp




Periodic native trim disabled

---------------  S Y S T E M  ---------------

OS:
 Windows 10 , 64 bit Build 19041 (10.0.19041.4717)
OS uptime: 0 days 2:08 hours

CPU: total 4 (initial active 4) (4 cores per cpu, 1 threads per core) family 6 model 122 stepping 8 microcode 0x16, cx8, cmov, fxsr, mmx, 3dnowpref, sse, sse2, sse3, ssse3, sse4.1, sse4.2, popcnt, tsc, tscinvbit, aes, erms, clmul, sha, clflush, clflushopt, rdtscp, rdpid
Processor Information for all 4 processors :
  Max Mhz: 1101, Current Mhz: 1101, Mhz Limit: 1101

Memory: 4k page, system-wide physical 3917M (488M free)
TotalPageFile size 7897M (AvailPageFile size 73M)
current process WorkingSet (physical memory assigned to process): 278M, peak: 281M
current process commit charge ("private bytes"): 308M, peak: 315M

vm_info: Java HotSpot(TM) 64-Bit Server VM (21.0.4+8-LTS-274) for windows-amd64 JRE (21.0.4+8-LTS-274), built on 2024-06-05T05:23:33Z by "mach5one" with MS VC++ 17.6 (VS2022)

END.
